<?xml version="1.0" encoding="UTF-8" ?>
<testsuites>
  <testsuite errors="4" failures="1" hostname="Laptop" id="0" name="journal article" package="" tests="5" time="6.849" timestamp="2013-03-09T21:09:08">
      <properties />

      <testcase classname="grails.plugin.cucumber.CucumberTest" name="new article" time="0.215">
          <error message="web-app\uploads\TCS.pdf (The system cannot find the path specified)" type="java.io.FileNotFoundException">java.io.FileNotFoundException: web-app\uploads\TCS.pdf (The system cannot find the path specified)
	at java.io.FileOutputStream.&lt;init&gt;(FileOutputStream.java:212)
	at java.io.FileOutputStream.&lt;init&gt;(FileOutputStream.java:165)
	at rgms.publication.PublicationController.upload(PublicationController.groovy:37)
	at rgms.publication.PeriodicoController.save(PeriodicoController.groovy:28)
	at steps.TestDataAndOperations.createArticle(TestDataAndOperations.groovy:118)
	at ArticleSteps$_run_closure2.doCall(ArticleSteps.groovy:16)
	at ✽.When I create the article &quot;A theory of software product line refinement&quot; with file name &quot;TCS.pdf&quot;(Article.feature:9)
</error>

      </testcase>

      <testcase classname="grails.plugin.cucumber.CucumberTest" name="new invalid article" time="0.042">
          <error message="web-app\uploads\SCP.pdf (The system cannot find the path specified)" type="java.io.FileNotFoundException">java.io.FileNotFoundException: web-app\uploads\SCP.pdf (The system cannot find the path specified)
	at java.io.FileOutputStream.&lt;init&gt;(FileOutputStream.java:212)
	at java.io.FileOutputStream.&lt;init&gt;(FileOutputStream.java:165)
	at rgms.publication.PublicationController.upload(PublicationController.groovy:37)
	at rgms.publication.PeriodicoController.save(PeriodicoController.groovy:28)
	at steps.TestDataAndOperations.createArticle(TestDataAndOperations.groovy:118)
	at ArticleSteps$_run_closure2.doCall(ArticleSteps.groovy:16)
	at ✽.When I create the article &quot;Algebraic reasoning for object-oriented programming&quot; with file name &quot;SCP.pdf&quot;(Article.feature:14)
</error>

      </testcase>

      <testcase classname="grails.plugin.cucumber.CucumberTest" name="duplicate article" time="0.04">
          <error message="web-app\uploads\TCS-0.pdf (The system cannot find the path specified)" type="java.io.FileNotFoundException">java.io.FileNotFoundException: web-app\uploads\TCS-0.pdf (The system cannot find the path specified)
	at java.io.FileOutputStream.&lt;init&gt;(FileOutputStream.java:212)
	at java.io.FileOutputStream.&lt;init&gt;(FileOutputStream.java:165)
	at rgms.publication.PublicationController.upload(PublicationController.groovy:37)
	at rgms.publication.PeriodicoController.save(PeriodicoController.groovy:28)
	at steps.TestDataAndOperations.createArticle(TestDataAndOperations.groovy:118)
	at ArticleSteps$_run_closure5.doCall(ArticleSteps.groovy:30)
	at ✽.Given the article &quot;A theory of software product line refinement&quot; is stored in the system with file name &quot;TCS-0.pdf&quot;(Article.feature:18)
</error>

      </testcase>

      <testcase classname="grails.plugin.cucumber.CucumberTest" name="alternative duplicate article" time="0.044">
          <error message="web-app\uploads\TCS-2 (The system cannot find the path specified)" type="java.io.FileNotFoundException">java.io.FileNotFoundException: web-app\uploads\TCS-2 (The system cannot find the path specified)
	at java.io.FileOutputStream.&lt;init&gt;(FileOutputStream.java:212)
	at java.io.FileOutputStream.&lt;init&gt;(FileOutputStream.java:165)
	at rgms.publication.PublicationController.upload(PublicationController.groovy:37)
	at rgms.publication.PeriodicoController.save(PeriodicoController.groovy:28)
	at steps.TestDataAndOperations.createArticle(TestDataAndOperations.groovy:118)
	at ArticleSteps$_run_closure2.doCall(ArticleSteps.groovy:16)
	at ✽.When I create the article &quot;A theory of software product line refinement&quot; with file name &quot;TCS-2&quot;(Article.feature:24)
</error>

      </testcase>

      <testcase classname="grails.plugin.cucumber.CucumberTest" name="new article web" time="6.186">
          <failure message="title ==~ /Journal List/&#xa;|     |&#xa;|     false&#xa;Periódico Listagem" type="grails.plugin.cucumber.FakeAssertionFailedError">Assertion failed: 

title ==~ /Journal List/
|     |
|     false
Periódico Listagem

	at pages.ArticlesPage$__clinit__closure1.doCall(ArticlesPage.groovy:9)
	at geb.Page.verifyAt(Page.groovy:132)
	at geb.Browser.doAt(Browser.groovy:335)
	at geb.Browser.at(Browser.groovy:259)
	at geb.binding.BindingUpdater$InvocationForwarding.doCall(BindingUpdater.groovy:72)
	at ArticleSteps$_run_closure9.doCall(ArticleSteps.groovy:54)
	at ✽.And I select the new article option at the article page(Article.feature:31)
</failure>

      </testcase>

      <system-out><![CDATA[@i9n
Feature: journal article
  As a member of a research group
  I want to add, remove and modify journal articles I have published
  so that I can generate web pages and reports containing these articles

--Output from new article--
  Scenario: new article                                                                               # Article.feature:7
    Given the system has no article entitled "A theory of software product line refinement"           # ArticleSteps.groovy:10
    When I create the article "A theory of software product line refinement" with file name "TCS.pdf" # ArticleSteps.groovy:15
      java.io.FileNotFoundException: web-app\uploads\TCS.pdf (The system cannot find the path specified)
      	at java.io.FileOutputStream.open(Native Method)
      	at java.io.FileOutputStream.<init>(FileOutputStream.java:212)
      	at java.io.FileOutputStream.<init>(FileOutputStream.java:165)
      	at sun.reflect.NativeConstructorAccessorImpl.newInstance0(Native Method)
      	at sun.reflect.NativeConstructorAccessorImpl.newInstance(NativeConstructorAccessorImpl.java:57)
      	at sun.reflect.DelegatingConstructorAccessorImpl.newInstance(DelegatingConstructorAccessorImpl.java:45)
      	at java.lang.reflect.Constructor.newInstance(Constructor.java:525)
      	at org.codehaus.groovy.reflection.CachedConstructor.invoke(CachedConstructor.java:77)
      	at org.codehaus.groovy.runtime.callsite.ConstructorSite$ConstructorSiteNoUnwrapNoCoerce.callConstructor(ConstructorSite.java:102)
      	at org.codehaus.groovy.runtime.callsite.CallSiteArray.defaultCallConstructor(CallSiteArray.java:54)
      	at org.codehaus.groovy.runtime.callsite.AbstractCallSite.callConstructor(AbstractCallSite.java:182)
      	at org.codehaus.groovy.runtime.callsite.AbstractCallSite.callConstructor(AbstractCallSite.java:190)
      	at rgms.publication.PublicationController.upload(PublicationController.groovy:37)
      	at rgms.publication.PublicationController$upload.call(Unknown Source)
      	at org.codehaus.groovy.runtime.callsite.CallSiteArray.defaultCall(CallSiteArray.java:42)
      	at org.codehaus.groovy.runtime.callsite.AbstractCallSite.call(AbstractCallSite.java:108)
      	at org.codehaus.groovy.runtime.callsite.AbstractCallSite.call(AbstractCallSite.java:116)
      	at rgms.publication.PeriodicoController.save(PeriodicoController.groovy:28)
      	at rgms.publication.PeriodicoController$save.call(Unknown Source)
      	at org.codehaus.groovy.runtime.callsite.CallSiteArray.defaultCall(CallSiteArray.java:42)
      	at org.codehaus.groovy.runtime.callsite.AbstractCallSite.call(AbstractCallSite.java:108)
      	at org.codehaus.groovy.runtime.callsite.AbstractCallSite.call(AbstractCallSite.java:112)
      	at steps.TestDataAndOperations.createArticle(TestDataAndOperations.groovy:118)
      	at steps.TestDataAndOperations$createArticle.call(Unknown Source)
      	at org.codehaus.groovy.runtime.callsite.CallSiteArray.defaultCall(CallSiteArray.java:42)
      	at org.codehaus.groovy.runtime.callsite.AbstractCallSite.call(AbstractCallSite.java:108)
      	at org.codehaus.groovy.runtime.callsite.AbstractCallSite.call(AbstractCallSite.java:120)
      	at ArticleSteps$_run_closure2.doCall(ArticleSteps.groovy:16)
      	at ?.When I create the article "A theory of software product line refinement" with file name "TCS.pdf"(Article.feature:9)

    Then the article "A theory of software product line refinement" is properly stored by the system  # ArticleSteps.groovy:19

--Output from new invalid article--
  Scenario: new invalid article                                                                                              # Article.feature:12
    Given the system has no article entitled "Algebraic reasoning for object-oriented programming"                           # ArticleSteps.groovy:10
    When I create the article "Algebraic reasoning for object-oriented programming" with file name "SCP.pdf"                 # ArticleSteps.groovy:15
      java.io.FileNotFoundException: web-app\uploads\SCP.pdf (The system cannot find the path specified)
      	at java.io.FileOutputStream.open(Native Method)
      	at java.io.FileOutputStream.<init>(FileOutputStream.java:212)
      	at java.io.FileOutputStream.<init>(FileOutputStream.java:165)
      	at sun.reflect.NativeConstructorAccessorImpl.newInstance0(Native Method)
      	at sun.reflect.NativeConstructorAccessorImpl.newInstance(NativeConstructorAccessorImpl.java:57)
      	at sun.reflect.DelegatingConstructorAccessorImpl.newInstance(DelegatingConstructorAccessorImpl.java:45)
      	at java.lang.reflect.Constructor.newInstance(Constructor.java:525)
      	at org.codehaus.groovy.reflection.CachedConstructor.invoke(CachedConstructor.java:77)
      	at org.codehaus.groovy.runtime.callsite.ConstructorSite$ConstructorSiteNoUnwrapNoCoerce.callConstructor(ConstructorSite.java:102)
      	at org.codehaus.groovy.runtime.callsite.AbstractCallSite.callConstructor(AbstractCallSite.java:190)
      	at rgms.publication.PublicationController.upload(PublicationController.groovy:37)
      	at rgms.publication.PublicationController$upload.call(Unknown Source)
      	at rgms.publication.PeriodicoController.save(PeriodicoController.groovy:28)
      	at rgms.publication.PeriodicoController$save.call(Unknown Source)
      	at steps.TestDataAndOperations.createArticle(TestDataAndOperations.groovy:118)
      	at steps.TestDataAndOperations$createArticle.call(Unknown Source)
      	at ArticleSteps$_run_closure2.doCall(ArticleSteps.groovy:16)
      	at ?.When I create the article "Algebraic reasoning for object-oriented programming" with file name "SCP.pdf"(Article.feature:14)

    Then the article "Algebraic reasoning for object-oriented programming" is not stored by the system because it is invalid # ArticleSteps.groovy:24

--Output from duplicate article--
  Scenario: duplicate article                                                                                           # Article.feature:17
    Given the article "A theory of software product line refinement" is stored in the system with file name "TCS-0.pdf" # ArticleSteps.groovy:29
      java.io.FileNotFoundException: web-app\uploads\TCS-0.pdf (The system cannot find the path specified)
      	at java.io.FileOutputStream.open(Native Method)
      	at java.io.FileOutputStream.<init>(FileOutputStream.java:212)
      	at java.io.FileOutputStream.<init>(FileOutputStream.java:165)
      	at sun.reflect.NativeConstructorAccessorImpl.newInstance0(Native Method)
      	at sun.reflect.NativeConstructorAccessorImpl.newInstance(NativeConstructorAccessorImpl.java:57)
      	at sun.reflect.DelegatingConstructorAccessorImpl.newInstance(DelegatingConstructorAccessorImpl.java:45)
      	at java.lang.reflect.Constructor.newInstance(Constructor.java:525)
      	at org.codehaus.groovy.reflection.CachedConstructor.invoke(CachedConstructor.java:77)
      	at org.codehaus.groovy.runtime.callsite.ConstructorSite$ConstructorSiteNoUnwrapNoCoerce.callConstructor(ConstructorSite.java:102)
      	at org.codehaus.groovy.runtime.callsite.AbstractCallSite.callConstructor(AbstractCallSite.java:190)
      	at rgms.publication.PublicationController.upload(PublicationController.groovy:37)
      	at rgms.publication.PublicationController$upload.call(Unknown Source)
      	at rgms.publication.PeriodicoController.save(PeriodicoController.groovy:28)
      	at rgms.publication.PeriodicoController$save.call(Unknown Source)
      	at steps.TestDataAndOperations.createArticle(TestDataAndOperations.groovy:118)
      	at steps.TestDataAndOperations$createArticle.call(Unknown Source)
      	at org.codehaus.groovy.runtime.callsite.CallSiteArray.defaultCall(CallSiteArray.java:42)
      	at org.codehaus.groovy.runtime.callsite.AbstractCallSite.call(AbstractCallSite.java:108)
      	at org.codehaus.groovy.runtime.callsite.AbstractCallSite.call(AbstractCallSite.java:120)
      	at ArticleSteps$_run_closure5.doCall(ArticleSteps.groovy:30)
      	at ?.Given the article "A theory of software product line refinement" is stored in the system with file name "TCS-0.pdf"(Article.feature:18)

    When I create the article "A theory of software product line refinement" with file name "TCS-1.pdf"                 # ArticleSteps.groovy:15
    Then the article "A theory of software product line refinement" is not stored twice                                 # ArticleSteps.groovy:35

--Output from alternative duplicate article--
  Scenario: alternative duplicate article                                                           # Article.feature:22
    Given the system has no article entitled "A theory of software product line refinement"         # ArticleSteps.groovy:10
    When I create the article "A theory of software product line refinement" with file name "TCS-2" # ArticleSteps.groovy:15
      java.io.FileNotFoundException: web-app\uploads\TCS-2 (The system cannot find the path specified)
      	at java.io.FileOutputStream.open(Native Method)
      	at java.io.FileOutputStream.<init>(FileOutputStream.java:212)
      	at java.io.FileOutputStream.<init>(FileOutputStream.java:165)
      	at sun.reflect.NativeConstructorAccessorImpl.newInstance0(Native Method)
      	at sun.reflect.NativeConstructorAccessorImpl.newInstance(NativeConstructorAccessorImpl.java:57)
      	at sun.reflect.DelegatingConstructorAccessorImpl.newInstance(DelegatingConstructorAccessorImpl.java:45)
      	at java.lang.reflect.Constructor.newInstance(Constructor.java:525)
      	at org.codehaus.groovy.reflection.CachedConstructor.invoke(CachedConstructor.java:77)
      	at org.codehaus.groovy.runtime.callsite.ConstructorSite$ConstructorSiteNoUnwrapNoCoerce.callConstructor(ConstructorSite.java:102)
      	at org.codehaus.groovy.runtime.callsite.AbstractCallSite.callConstructor(AbstractCallSite.java:190)
      	at rgms.publication.PublicationController.upload(PublicationController.groovy:37)
      	at rgms.publication.PublicationController$upload.call(Unknown Source)
      	at rgms.publication.PeriodicoController.save(PeriodicoController.groovy:28)
      	at rgms.publication.PeriodicoController$save.call(Unknown Source)
      	at steps.TestDataAndOperations.createArticle(TestDataAndOperations.groovy:118)
      	at steps.TestDataAndOperations$createArticle.call(Unknown Source)
      	at ArticleSteps$_run_closure2.doCall(ArticleSteps.groovy:16)
      	at ?.When I create the article "A theory of software product line refinement" with file name "TCS-2"(Article.feature:24)

    And I create the article "A theory of software product line refinement" with file name "TCS-3"  # ArticleSteps.groovy:15
    Then the article "A theory of software product line refinement" is not stored twice             # ArticleSteps.groovy:35

--Output from new article web--
  Scenario: new article web                                       # Article.feature:28
ENTROU no signIn
Enabled == trueENTROU NO TRYJefferson Almeida    Given I am at the publications menu                           # ArticleSteps.groovy:42
    When I select the "Periodico" option at the publications menu # ArticleSteps.groovy:49
    And I select the new article option at the article page       # ArticleSteps.groovy:53
      Assertion failed: 
      
      title ==~ /Journal List/
      |     |
      |     false
      Periódico Listagem
      
      	at org.codehaus.groovy.runtime.InvokerHelper.assertFailed(InvokerHelper.java:386)
      	at org.codehaus.groovy.runtime.ScriptBytecodeAdapter.assertFailed(ScriptBytecodeAdapter.java:658)
      	at pages.ArticlesPage$__clinit__closure1.doCall(ArticlesPage.groovy:9)
      	at sun.reflect.NativeMethodAccessorImpl.invoke0(Native Method)
      	at sun.reflect.NativeMethodAccessorImpl.invoke(NativeMethodAccessorImpl.java:57)
      	at sun.reflect.DelegatingMethodAccessorImpl.invoke(DelegatingMethodAccessorImpl.java:43)
      	at java.lang.reflect.Method.invoke(Method.java:601)
      	at org.codehaus.groovy.runtime.callsite.PogoMetaMethodSite$PogoCachedMethodSite.invoke(PogoMetaMethodSite.java:226)
      	at org.codehaus.groovy.runtime.callsite.PogoMetaMethodSite.callCurrent(PogoMetaMethodSite.java:52)
      	at org.codehaus.groovy.runtime.callsite.CallSiteArray.defaultCallCurrent(CallSiteArray.java:46)
      	at org.codehaus.groovy.runtime.callsite.AbstractCallSite.callCurrent(AbstractCallSite.java:133)
      	at org.codehaus.groovy.runtime.callsite.AbstractCallSite.callCurrent(AbstractCallSite.java:141)
      	at pages.ArticlesPage$__clinit__closure1.doCall(ArticlesPage.groovy)
      	at sun.reflect.NativeMethodAccessorImpl.invoke0(Native Method)
      	at sun.reflect.NativeMethodAccessorImpl.invoke(NativeMethodAccessorImpl.java:57)
      	at sun.reflect.DelegatingMethodAccessorImpl.invoke(DelegatingMethodAccessorImpl.java:43)
      	at java.lang.reflect.Method.invoke(Method.java:601)
      	at org.codehaus.groovy.reflection.CachedMethod.invoke(CachedMethod.java:90)
      	at groovy.lang.MetaMethod.doMethodInvoke(MetaMethod.java:233)
      	at groovy.lang.MetaClassImpl.invokeMethod(MetaClassImpl.java:1047)
      	at groovy.lang.ExpandoMetaClass.invokeMethod(ExpandoMetaClass.java:1110)
      	at groovy.lang.MetaClassImpl.invokeMethod(MetaClassImpl.java:877)
      	at groovy.lang.Closure.call(Closure.java:412)
      	at groovy.lang.Closure.call(Closure.java:406)
      	at java_util_concurrent_Callable$call.call(Unknown Source)
      	at org.codehaus.groovy.runtime.callsite.CallSiteArray.defaultCall(CallSiteArray.java:42)
      	at java_util_concurrent_Callable$call.call(Unknown Source)
      	at geb.Page.verifyAt(Page.groovy:132)
      	at geb.Page$verifyAt.call(Unknown Source)
      	at org.codehaus.groovy.runtime.callsite.CallSiteArray.defaultCall(CallSiteArray.java:42)
      	at geb.Page$verifyAt.call(Unknown Source)
      	at geb.Browser.doAt(Browser.groovy:335)
      	at geb.Browser.this$2$doAt(Browser.groovy)
      	at geb.Browser$this$2$doAt.callCurrent(Unknown Source)
      	at org.codehaus.groovy.runtime.callsite.CallSiteArray.defaultCallCurrent(CallSiteArray.java:46)
      	at geb.Browser$this$2$doAt.callCurrent(Unknown Source)
      	at geb.Browser.at(Browser.groovy:259)
      	at sun.reflect.NativeMethodAccessorImpl.invoke0(Native Method)
      	at sun.reflect.NativeMethodAccessorImpl.invoke(NativeMethodAccessorImpl.java:57)
      	at sun.reflect.DelegatingMethodAccessorImpl.invoke(DelegatingMethodAccessorImpl.java:43)
      	at java.lang.reflect.Method.invoke(Method.java:601)
      	at org.codehaus.groovy.reflection.CachedMethod.invoke(CachedMethod.java:90)
      	at groovy.lang.MetaMethod.doMethodInvoke(MetaMethod.java:233)
      	at groovy.lang.MetaClassImpl.invokeMethod(MetaClassImpl.java:1047)
      	at groovy.lang.ExpandoMetaClass.invokeMethod(ExpandoMetaClass.java:1110)
      	at groovy.lang.MetaClassImpl.invokeMethod(MetaClassImpl.java:877)
      	at org.codehaus.groovy.runtime.InvokerHelper.invokePogoMethod(InvokerHelper.java:793)
      	at org.codehaus.groovy.runtime.InvokerHelper.invokeMethod(InvokerHelper.java:776)
      	at org.codehaus.groovy.runtime.ScriptBytecodeAdapter.invokeMethodN(ScriptBytecodeAdapter.java:164)
      	at geb.binding.BindingUpdater$InvocationForwarding.doCall(BindingUpdater.groovy:72)
      	at sun.reflect.NativeMethodAccessorImpl.invoke0(Native Method)
      	at sun.reflect.NativeMethodAccessorImpl.invoke(NativeMethodAccessorImpl.java:57)
      	at sun.reflect.DelegatingMethodAccessorImpl.invoke(DelegatingMethodAccessorImpl.java:43)
      	at java.lang.reflect.Method.invoke(Method.java:601)
      	at org.codehaus.groovy.reflection.CachedMethod.invoke(CachedMethod.java:90)
      	at groovy.lang.MetaMethod.doMethodInvoke(MetaMethod.java:233)
      	at groovy.lang.MetaClassImpl.invokeMethod(MetaClassImpl.java:1047)
      	at groovy.lang.ExpandoMetaClass.invokeMethod(ExpandoMetaClass.java:1110)
      	at groovy.lang.MetaClassImpl.invokeMethod(MetaClassImpl.java:877)
      	at groovy.lang.Closure.call(Closure.java:412)
      	at groovy.lang.Closure.call(Closure.java:425)
      	at sun.reflect.GeneratedMethodAccessor73.invoke(Unknown Source)
      	at sun.reflect.DelegatingMethodAccessorImpl.invoke(DelegatingMethodAccessorImpl.java:43)
      	at java.lang.reflect.Method.invoke(Method.java:601)
      	at org.codehaus.groovy.reflection.CachedMethod.invoke(CachedMethod.java:90)
      	at groovy.lang.MetaMethod.doMethodInvoke(MetaMethod.java:233)
      	at groovy.lang.MetaClassImpl.invokeMethod(MetaClassImpl.java:1047)
      	at groovy.lang.ExpandoMetaClass.invokeMethod(ExpandoMetaClass.java:1110)
      	at groovy.lang.MetaClassImpl.invokeMethod(MetaClassImpl.java:877)
      	at groovy.lang.MetaClassImpl.invokePropertyOrMissing(MetaClassImpl.java:1093)
      	at groovy.lang.MetaClassImpl.invokeMethod(MetaClassImpl.java:1049)
      	at groovy.lang.ExpandoMetaClass.invokeMethod(ExpandoMetaClass.java:1110)
      	at groovy.lang.MetaClassImpl.invokeMethod(MetaClassImpl.java:877)
      	at groovy.lang.MetaClassImpl.invokeMethod(MetaClassImpl.java:697)
      	at groovy.lang.GroovyObjectSupport.invokeMethod(GroovyObjectSupport.java:44)
      	at groovy.lang.Script.invokeMethod(Script.java:78)
      	at groovy.lang.MetaClassImpl.invokeMethodOnGroovyObject(MetaClassImpl.java:1112)
      	at groovy.lang.MetaClassImpl.invokeMethod(MetaClassImpl.java:1006)
      	at groovy.lang.ExpandoMetaClass.invokeMethod(ExpandoMetaClass.java:1110)
      	at groovy.lang.MetaClassImpl.invokeMethod(MetaClassImpl.java:877)
      	at org.codehaus.groovy.runtime.callsite.PogoMetaClassSite.callCurrent(PogoMetaClassSite.java:66)
      	at org.codehaus.groovy.runtime.callsite.CallSiteArray.defaultCallCurrent(CallSiteArray.java:46)
      	at org.codehaus.groovy.runtime.callsite.AbstractCallSite.callCurrent(AbstractCallSite.java:133)
      	at org.codehaus.groovy.runtime.callsite.AbstractCallSite.callCurrent(AbstractCallSite.java:141)
      	at ArticleSteps$_run_closure9.doCall(ArticleSteps.groovy:54)
      	at ?.And I select the new article option at the article page(Article.feature:31)

    Then I can fill the article details                           # ArticleSteps.groovy:58
]]></system-out>

      <system-err><![CDATA[
--Output from new article--
--Output from new invalid article--
--Output from duplicate article--
--Output from alternative duplicate article--
--Output from new article web--Started ChromeDriver
port=10394
version=26.0.1383.0
log=C:\code\taes\rgms\chromedriver.log
Unable to use direct char[] access of java.lang.String
java.lang.NoSuchFieldException: count
	at java.lang.Class.getDeclaredField(Class.java:1901)
	at org.codehaus.groovy.grails.web.util.StringCharArrayAccessor.<clinit>(StringCharArrayAccessor.java:53)
	at org.codehaus.groovy.grails.web.util.StreamCharBuffer.readAsString(StreamCharBuffer.java:540)
	at org.codehaus.groovy.grails.web.util.StreamCharBuffer.toString(StreamCharBuffer.java:562)
	at org.codehaus.groovy.grails.web.pages.FastStringWriter.getValue(FastStringWriter.java:59)
	at org.codehaus.groovy.grails.web.pages.FastStringWriter.toString(FastStringWriter.java:55)
	at org.codehaus.groovy.grails.web.pages.GroovyPagesUriSupport.getAbsoluteViewURIInternal(GroovyPagesUriSupport.java:228)
	at org.codehaus.groovy.grails.web.pages.GroovyPagesUriSupport.getAbsoluteViewURI(GroovyPagesUriSupport.java:166)
	at org.codehaus.groovy.grails.web.pages.discovery.GrailsConventionGroovyPageLocator.findViewByPath(GrailsConventionGroovyPageLocator.java:52)
	at org.codehaus.groovy.grails.web.servlet.view.GrailsViewResolver.createGrailsView(GrailsViewResolver.java:155)
	at org.codehaus.groovy.grails.web.servlet.view.GrailsViewResolver.access$000(GrailsViewResolver.java:51)
	at org.codehaus.groovy.grails.web.servlet.view.GrailsViewResolver$1.run(GrailsViewResolver.java:96)
	at org.codehaus.groovy.grails.web.servlet.view.GrailsViewResolver$1.run(GrailsViewResolver.java:93)
	at org.codehaus.groovy.grails.web.servlet.view.GrailsViewResolver.loadView(GrailsViewResolver.java:108)
	at org.codehaus.groovy.grails.scaffolding.view.ScaffoldingViewResolver.loadView(ScaffoldingViewResolver.java:59)
	at org.springframework.web.servlet.view.AbstractCachingViewResolver.createView(AbstractCachingViewResolver.java:186)
	at org.springframework.web.servlet.view.UrlBasedViewResolver.createView(UrlBasedViewResolver.java:401)
	at org.springframework.web.servlet.view.AbstractCachingViewResolver.resolveViewName(AbstractCachingViewResolver.java:95)
	at org.codehaus.groovy.grails.web.util.WebUtils.resolveView(WebUtils.java:202)
	at org.codehaus.groovy.grails.web.util.WebUtils.resolveView(WebUtils.java:185)
	at org.codehaus.groovy.grails.web.mapping.filter.UrlMappingsFilter.renderViewForUrlMappingInfo(UrlMappingsFilter.java:324)
	at org.codehaus.groovy.grails.web.mapping.filter.UrlMappingsFilter.doFilterInternal(UrlMappingsFilter.java:215)
	at org.springframework.web.filter.OncePerRequestFilter.doFilter(OncePerRequestFilter.java:76)
	at org.apache.catalina.core.ApplicationFilterChain.internalDoFilter(ApplicationFilterChain.java:243)
	at org.apache.catalina.core.ApplicationFilterChain.doFilter(ApplicationFilterChain.java:210)
	at org.codehaus.groovy.grails.web.sitemesh.GrailsPageFilter.obtainContent(GrailsPageFilter.java:200)
	at org.codehaus.groovy.grails.web.sitemesh.GrailsPageFilter.doFilter(GrailsPageFilter.java:151)
	at org.apache.catalina.core.ApplicationFilterChain.internalDoFilter(ApplicationFilterChain.java:243)
	at org.apache.catalina.core.ApplicationFilterChain.doFilter(ApplicationFilterChain.java:210)
	at org.codehaus.groovy.grails.web.servlet.mvc.GrailsWebRequestFilter.doFilterInternal(GrailsWebRequestFilter.java:69)
	at org.springframework.web.filter.OncePerRequestFilter.doFilter(OncePerRequestFilter.java:76)
	at org.apache.catalina.core.ApplicationFilterChain.internalDoFilter(ApplicationFilterChain.java:243)
	at org.apache.catalina.core.ApplicationFilterChain.doFilter(ApplicationFilterChain.java:210)
	at org.apache.shiro.grails.SavedRequestFilter.doFilter(SavedRequestFilter.java:55)
	at org.apache.catalina.core.ApplicationFilterChain.internalDoFilter(ApplicationFilterChain.java:243)
	at org.apache.catalina.core.ApplicationFilterChain.doFilter(ApplicationFilterChain.java:210)
	at org.codehaus.groovy.grails.web.filters.HiddenHttpMethodFilter.doFilterInternal(HiddenHttpMethodFilter.java:69)
	at org.springframework.web.filter.OncePerRequestFilter.doFilter(OncePerRequestFilter.java:76)
	at org.apache.catalina.core.ApplicationFilterChain.internalDoFilter(ApplicationFilterChain.java:243)
	at org.apache.catalina.core.ApplicationFilterChain.doFilter(ApplicationFilterChain.java:210)
	at org.apache.shiro.web.servlet.AbstractShiroFilter.executeChain(AbstractShiroFilter.java:449)
	at org.apache.shiro.web.servlet.AbstractShiroFilter$1.call(AbstractShiroFilter.java:365)
	at org.apache.shiro.subject.support.SubjectCallable.doCall(SubjectCallable.java:90)
	at org.apache.shiro.subject.support.SubjectCallable.call(SubjectCallable.java:83)
	at org.apache.shiro.subject.support.DelegatingSubject.execute(DelegatingSubject.java:380)
	at org.apache.shiro.web.servlet.AbstractShiroFilter.doFilterInternal(AbstractShiroFilter.java:362)
	at org.apache.shiro.web.servlet.OncePerRequestFilter.doFilter(OncePerRequestFilter.java:125)
	at org.springframework.web.filter.DelegatingFilterProxy.invokeDelegate(DelegatingFilterProxy.java:346)
	at org.springframework.web.filter.DelegatingFilterProxy.doFilter(DelegatingFilterProxy.java:259)
	at org.apache.catalina.core.ApplicationFilterChain.internalDoFilter(ApplicationFilterChain.java:243)
	at org.apache.catalina.core.ApplicationFilterChain.doFilter(ApplicationFilterChain.java:210)
	at org.springframework.web.filter.CharacterEncodingFilter.doFilterInternal(CharacterEncodingFilter.java:88)
	at org.springframework.web.filter.OncePerRequestFilter.doFilter(OncePerRequestFilter.java:76)
	at org.springframework.web.filter.DelegatingFilterProxy.invokeDelegate(DelegatingFilterProxy.java:346)
	at org.springframework.web.filter.DelegatingFilterProxy.doFilter(DelegatingFilterProxy.java:259)
	at org.apache.catalina.core.ApplicationFilterChain.internalDoFilter(ApplicationFilterChain.java:243)
	at org.apache.catalina.core.ApplicationFilterChain.doFilter(ApplicationFilterChain.java:210)
	at org.apache.catalina.core.StandardWrapperValve.invoke(StandardWrapperValve.java:225)
	at org.apache.catalina.core.StandardContextValve.invoke(StandardContextValve.java:169)
	at org.apache.catalina.core.StandardHostValve.invoke(StandardHostValve.java:168)
	at org.apache.catalina.valves.ErrorReportValve.invoke(ErrorReportValve.java:98)
	at org.apache.catalina.core.StandardEngineValve.invoke(StandardEngineValve.java:118)
	at org.apache.catalina.connector.CoyoteAdapter.service(CoyoteAdapter.java:407)
	at org.apache.coyote.http11.AbstractHttp11Processor.process(AbstractHttp11Processor.java:999)
	at org.apache.coyote.AbstractProtocol$AbstractConnectionHandler.process(AbstractProtocol.java:565)
	at org.apache.tomcat.util.net.JIoEndpoint$SocketProcessor.run(JIoEndpoint.java:307)
	at java.util.concurrent.ThreadPoolExecutor.runWorker(ThreadPoolExecutor.java:1145)
	at java.util.concurrent.ThreadPoolExecutor$Worker.run(ThreadPoolExecutor.java:615)
	at java.lang.Thread.run(Thread.java:722)
]]></system-err>

  </testsuite>
  <testsuite errors="0" failures="1" hostname="Laptop" id="1" name="member" package="" tests="7" time="22.097" timestamp="2013-03-09T21:09:15">
      <properties />

      <testcase classname="grails.plugin.cucumber.CucumberTest" name="new member" time="3.765" />

      <testcase classname="grails.plugin.cucumber.CucumberTest" name="delete member" time="3.592" />

      <testcase classname="grails.plugin.cucumber.CucumberTest" name="new member with existing username" time="3.316" />

      <testcase classname="grails.plugin.cucumber.CucumberTest" name="login with incorrect password" time="0.677" />

      <testcase classname="grails.plugin.cucumber.CucumberTest" name="user registration" time="1.891" />

      <testcase classname="grails.plugin.cucumber.CucumberTest" name="create member" time="7.097">
          <failure message="title ==~ /Member Listagem/&#xa;|     |&#xa;|     false&#xa;Ver Member" type="grails.plugin.cucumber.FakeAssertionFailedError">Assertion failed: 

title ==~ /Member Listagem/
|     |
|     false
Ver Member

	at pages.MemberListPage$__clinit__closure1.doCall(MemberListPage.groovy:9)
	at geb.Page.verifyAt(Page.groovy:132)
	at geb.Browser.doAt(Browser.groovy:335)
	at geb.Browser.at(Browser.groovy:259)
	at geb.binding.BindingUpdater$InvocationForwarding.doCall(BindingUpdater.groovy:72)
	at MemberSteps$_run_closure17.doCall(MemberSteps.groovy:105)
	at ✽.Then I am on the list page(Member.feature:36)
</failure>

      </testcase>

      <testcase classname="grails.plugin.cucumber.CucumberTest" name="register user with invalid data" time="1.724" />

      <system-out><![CDATA[@i9n
Feature: member
  As an administrator of the RGMS system
  I want to add, remove and modify users in the system.

--Output from new member--
  Scenario: new member                                                            # Member.feature:7
    Given the system has no member with username "usernametest"                   # MemberSteps.groovy:11
    When I create a member with username "usernametest"                           # MemberSteps.groovy:16
    Then the member with username "usernametest" is properly stored by the system # MemberSteps.groovy:20

--Output from delete member--
  Scenario: delete member                                    # Member.feature:12
    Given the system has member with username "usernametest" # MemberSteps.groovy:57
    When I delete a member with username "usernametest"      # MemberSteps.groovy:63
    Then the member with "usernametest" doesnt exist         # MemberSteps.groovy:67

--Output from new member with existing username--
  Scenario: new member with existing username                # Member.feature:17
    Given the system has member with username "usernametest" # MemberSteps.groovy:57
    When I create the member with username "usernametest"    # MemberSteps.groovy:80
    Then the member "usernametest" is not registered         # MemberSteps.groovy:84

--Output from login with incorrect password--
  Scenario: login with incorrect password                                  # Member.feature:23
    Given I am at the login page                                           # MemberSteps.groovy:26
ENTROU no signIn
Enabled == true    When I fill username and password with "admin" and "incorrectpassword" # MemberSteps.groovy:33
    Then I am still on the login page with an error message                # MemberSteps.groovy:37

--Output from user registration--
  Scenario: user registration                                                                                       # Member.feature:28
ENTROU no registerparams NULL    Given I am at the register page                                                                                 # MemberSteps.groovy:42
    When I fill the user details with "jose" "josesilva" "123456" "123456" "jose@ufpe.br" "UFPE" "Graduate Student" # MemberSteps.groovy:47
    Then I am still on the register page with the message user created                                              # MemberSteps.groovy:52

--Output from create member--
  Scenario: create member                                                      # Member.feature:33
ENTROU no signIn
Enabled == trueENTROU NO TRYJefferson Almeida    Given I am at the create member page                                       # MemberSteps.groovy:91
    When I fill the user details with "jose" "josesilva" "jose@ufpe.br" "UFPE" # MemberSteps.groovy:99
    Then I am on the list page                                                 # MemberSteps.groovy:104
      Assertion failed: 
      
      title ==~ /Member Listagem/
      |     |
      |     false
      Ver Member
      
      	at org.codehaus.groovy.runtime.InvokerHelper.assertFailed(InvokerHelper.java:386)
      	at org.codehaus.groovy.runtime.ScriptBytecodeAdapter.assertFailed(ScriptBytecodeAdapter.java:658)
      	at pages.MemberListPage$__clinit__closure1.doCall(MemberListPage.groovy:9)
      	at sun.reflect.NativeMethodAccessorImpl.invoke0(Native Method)
      	at sun.reflect.NativeMethodAccessorImpl.invoke(NativeMethodAccessorImpl.java:57)
      	at sun.reflect.DelegatingMethodAccessorImpl.invoke(DelegatingMethodAccessorImpl.java:43)
      	at java.lang.reflect.Method.invoke(Method.java:601)
      	at org.codehaus.groovy.runtime.callsite.PogoMetaMethodSite$PogoCachedMethodSite.invoke(PogoMetaMethodSite.java:226)
      	at org.codehaus.groovy.runtime.callsite.PogoMetaMethodSite.callCurrent(PogoMetaMethodSite.java:52)
      	at org.codehaus.groovy.runtime.callsite.CallSiteArray.defaultCallCurrent(CallSiteArray.java:46)
      	at org.codehaus.groovy.runtime.callsite.AbstractCallSite.callCurrent(AbstractCallSite.java:133)
      	at org.codehaus.groovy.runtime.callsite.AbstractCallSite.callCurrent(AbstractCallSite.java:141)
      	at pages.MemberListPage$__clinit__closure1.doCall(MemberListPage.groovy)
      	at sun.reflect.NativeMethodAccessorImpl.invoke0(Native Method)
      	at sun.reflect.NativeMethodAccessorImpl.invoke(NativeMethodAccessorImpl.java:57)
      	at sun.reflect.DelegatingMethodAccessorImpl.invoke(DelegatingMethodAccessorImpl.java:43)
      	at java.lang.reflect.Method.invoke(Method.java:601)
      	at org.codehaus.groovy.reflection.CachedMethod.invoke(CachedMethod.java:90)
      	at groovy.lang.MetaMethod.doMethodInvoke(MetaMethod.java:233)
      	at groovy.lang.MetaClassImpl.invokeMethod(MetaClassImpl.java:1047)
      	at groovy.lang.ExpandoMetaClass.invokeMethod(ExpandoMetaClass.java:1110)
      	at groovy.lang.MetaClassImpl.invokeMethod(MetaClassImpl.java:877)
      	at groovy.lang.Closure.call(Closure.java:412)
      	at groovy.lang.Closure.call(Closure.java:406)
      	at java_util_concurrent_Callable$call.call(Unknown Source)
      	at org.codehaus.groovy.runtime.callsite.CallSiteArray.defaultCall(CallSiteArray.java:42)
      	at java_util_concurrent_Callable$call.call(Unknown Source)
      	at geb.Page.verifyAt(Page.groovy:132)
      	at geb.Page$verifyAt.call(Unknown Source)
      	at org.codehaus.groovy.runtime.callsite.CallSiteArray.defaultCall(CallSiteArray.java:42)
      	at geb.Page$verifyAt.call(Unknown Source)
      	at geb.Browser.doAt(Browser.groovy:335)
      	at geb.Browser.this$2$doAt(Browser.groovy)
      	at geb.Browser$this$2$doAt.callCurrent(Unknown Source)
      	at org.codehaus.groovy.runtime.callsite.CallSiteArray.defaultCallCurrent(CallSiteArray.java:46)
      	at geb.Browser$this$2$doAt.callCurrent(Unknown Source)
      	at geb.Browser.at(Browser.groovy:259)
      	at sun.reflect.NativeMethodAccessorImpl.invoke0(Native Method)
      	at sun.reflect.NativeMethodAccessorImpl.invoke(NativeMethodAccessorImpl.java:57)
      	at sun.reflect.DelegatingMethodAccessorImpl.invoke(DelegatingMethodAccessorImpl.java:43)
      	at java.lang.reflect.Method.invoke(Method.java:601)
      	at org.codehaus.groovy.reflection.CachedMethod.invoke(CachedMethod.java:90)
      	at groovy.lang.MetaMethod.doMethodInvoke(MetaMethod.java:233)
      	at groovy.lang.MetaClassImpl.invokeMethod(MetaClassImpl.java:1047)
      	at groovy.lang.ExpandoMetaClass.invokeMethod(ExpandoMetaClass.java:1110)
      	at groovy.lang.MetaClassImpl.invokeMethod(MetaClassImpl.java:877)
      	at org.codehaus.groovy.runtime.InvokerHelper.invokePogoMethod(InvokerHelper.java:793)
      	at org.codehaus.groovy.runtime.InvokerHelper.invokeMethod(InvokerHelper.java:776)
      	at org.codehaus.groovy.runtime.ScriptBytecodeAdapter.invokeMethodN(ScriptBytecodeAdapter.java:164)
      	at geb.binding.BindingUpdater$InvocationForwarding.doCall(BindingUpdater.groovy:72)
      	at sun.reflect.GeneratedMethodAccessor669.invoke(Unknown Source)
      	at sun.reflect.DelegatingMethodAccessorImpl.invoke(DelegatingMethodAccessorImpl.java:43)
      	at java.lang.reflect.Method.invoke(Method.java:601)
      	at org.codehaus.groovy.reflection.CachedMethod.invoke(CachedMethod.java:90)
      	at groovy.lang.MetaMethod.doMethodInvoke(MetaMethod.java:233)
      	at groovy.lang.MetaClassImpl.invokeMethod(MetaClassImpl.java:1047)
      	at groovy.lang.ExpandoMetaClass.invokeMethod(ExpandoMetaClass.java:1110)
      	at groovy.lang.MetaClassImpl.invokeMethod(MetaClassImpl.java:877)
      	at groovy.lang.Closure.call(Closure.java:412)
      	at groovy.lang.Closure.call(Closure.java:425)
      	at sun.reflect.GeneratedMethodAccessor73.invoke(Unknown Source)
      	at sun.reflect.DelegatingMethodAccessorImpl.invoke(DelegatingMethodAccessorImpl.java:43)
      	at java.lang.reflect.Method.invoke(Method.java:601)
      	at org.codehaus.groovy.reflection.CachedMethod.invoke(CachedMethod.java:90)
      	at groovy.lang.MetaMethod.doMethodInvoke(MetaMethod.java:233)
      	at groovy.lang.MetaClassImpl.invokeMethod(MetaClassImpl.java:1047)
      	at groovy.lang.ExpandoMetaClass.invokeMethod(ExpandoMetaClass.java:1110)
      	at groovy.lang.MetaClassImpl.invokeMethod(MetaClassImpl.java:877)
      	at groovy.lang.MetaClassImpl.invokePropertyOrMissing(MetaClassImpl.java:1093)
      	at groovy.lang.MetaClassImpl.invokeMethod(MetaClassImpl.java:1049)
      	at groovy.lang.ExpandoMetaClass.invokeMethod(ExpandoMetaClass.java:1110)
      	at groovy.lang.MetaClassImpl.invokeMethod(MetaClassImpl.java:877)
      	at groovy.lang.MetaClassImpl.invokeMethod(MetaClassImpl.java:697)
      	at groovy.lang.GroovyObjectSupport.invokeMethod(GroovyObjectSupport.java:44)
      	at groovy.lang.Script.invokeMethod(Script.java:78)
      	at groovy.lang.MetaClassImpl.invokeMethodOnGroovyObject(MetaClassImpl.java:1112)
      	at groovy.lang.MetaClassImpl.invokeMethod(MetaClassImpl.java:1006)
      	at groovy.lang.ExpandoMetaClass.invokeMethod(ExpandoMetaClass.java:1110)
      	at groovy.lang.MetaClassImpl.invokeMethod(MetaClassImpl.java:877)
      	at org.codehaus.groovy.runtime.callsite.PogoMetaClassSite.callCurrent(PogoMetaClassSite.java:66)
      	at org.codehaus.groovy.runtime.callsite.CallSiteArray.defaultCallCurrent(CallSiteArray.java:46)
      	at org.codehaus.groovy.runtime.callsite.AbstractCallSite.callCurrent(AbstractCallSite.java:133)
      	at org.codehaus.groovy.runtime.callsite.AbstractCallSite.callCurrent(AbstractCallSite.java:141)
      	at MemberSteps$_run_closure17.doCall(MemberSteps.groovy:105)
      	at ?.Then I am on the list page(Member.feature:36)


--Output from register user with invalid data--
  Scenario: register user with invalid data                                # Member.feature:38
ENTROU no signIn
Enabled == trueENTROU NO TRYJefferson Almeida    Given I am at the create member page                                   # MemberSteps.groovy:91
    When I fill the user details with "jose" "josesilva" "jose@com" "UFPE" # MemberSteps.groovy:99
    Then I am still on the create member page with the error message       # MemberSteps.groovy:119
]]></system-out>

      <system-err><![CDATA[
--Output from new member--
--Output from delete member--
--Output from new member with existing username--
--Output from login with incorrect password--
--Output from user registration--
--Output from create member--
--Output from register user with invalid data--]]></system-err>

  </testsuite>
  <testsuite errors="2" failures="2" hostname="Laptop" id="2" name="membership" package="" tests="6" time="7.123" timestamp="2013-03-09T21:09:37">
      <properties />

      <testcase classname="grails.plugin.cucumber.CucumberTest" name="new membership" time="3.518">
          <error message="No signature of method: static steps.TestDataAndOperations.createMembership() is applicable for argument types: (java.lang.String) values: [usernametest]&#xa;Possible solutions: createMembership(java.lang.String, java.lang.String, java.lang.String, java.lang.String), createMember(java.lang.String)" type="groovy.lang.MissingMethodException">groovy.lang.MissingMethodException: No signature of method: static steps.TestDataAndOperations.createMembership() is applicable for argument types: (java.lang.String) values: [usernametest]
Possible solutions: createMembership(java.lang.String, java.lang.String, java.lang.String, java.lang.String), createMember(java.lang.String)
	at MembershipSteps$_run_closure3.doCall(MembershipSteps.groovy:32)
	at ✽.When I create a membership with member &quot;usernametest&quot;, research group &quot;taes&quot; between &quot;01-03-2012&quot; and &quot;01-06-2012&quot;(Membership.feature:10)
</error>

      </testcase>

      <testcase classname="grails.plugin.cucumber.CucumberTest" name="delete membership" time="3.425">
          <error message="No such property: groupname for class: MembershipSteps" type="groovy.lang.MissingPropertyException">groovy.lang.MissingPropertyException: No such property: groupname for class: MembershipSteps
	at MembershipSteps$_run_closure5.doCall(MembershipSteps.groovy:46)
	at ✽.Given the system has membership with member &quot;usernametest&quot;, research group &quot;taes&quot; between &quot;01-03-2012&quot; and &quot;01-06-2012&quot;(Membership.feature:14)
</error>

          <failure message="Undefined Step: Then the membership with member &quot;usernametest&quot;, research group &quot;taes&quot; between &quot;01-03-2012&quot; and &quot;01-06-2012&quot; is deleted" type="grails.plugin.cucumber.FakeAssertionFailedError">cucumber.runtime.UndefinedStepException: Undefined Step: Then the membership with member &quot;usernametest&quot;, research group &quot;taes&quot; between &quot;01-03-2012&quot; and &quot;01-06-2012&quot; is deleted
	at grails.plugin.cucumber.CucumberFormatter.resultUndefined(CucumberFormatter.groovy:242)
	at grails.plugin.cucumber.CucumberFormatter.result(CucumberFormatter.groovy:207)
	at cucumber.runtime.Runtime.runStep(Runtime.java:250)
	at cucumber.runtime.model.StepContainer.runStep(StepContainer.java:44)
	at cucumber.runtime.model.StepContainer.runSteps(StepContainer.java:39)
	at cucumber.runtime.model.CucumberScenario.run(CucumberScenario.java:36)
	at cucumber.runtime.model.CucumberFeature.run(CucumberFeature.java:112)
	at grails.plugin.cucumber.Cucumber$_run_closure2.doCall(Cucumber.groovy:58)
	at grails.plugin.cucumber.Cucumber.run(Cucumber.groovy:57)
	at grails.plugin.cucumber.CucumberTestType.runFeatures(CucumberTestType.groovy:102)
	at grails.plugin.cucumber.CucumberTestType.doRun(CucumberTestType.groovy:57)
</failure>

      </testcase>

      <testcase classname="grails.plugin.cucumber.CucumberTest" name="modify membership" time="0.041" />

      <testcase classname="grails.plugin.cucumber.CucumberTest" name="access membership creation page from membership main page" time="0.05">
          <failure message="Undefined Step: Given I am at the membership page" type="grails.plugin.cucumber.FakeAssertionFailedError">cucumber.runtime.UndefinedStepException: Undefined Step: Given I am at the membership page
	at grails.plugin.cucumber.CucumberFormatter.resultUndefined(CucumberFormatter.groovy:242)
	at grails.plugin.cucumber.CucumberFormatter.result(CucumberFormatter.groovy:207)
	at cucumber.runtime.Runtime.runStep(Runtime.java:250)
	at cucumber.runtime.model.StepContainer.runStep(StepContainer.java:44)
	at cucumber.runtime.model.StepContainer.runSteps(StepContainer.java:39)
	at cucumber.runtime.model.CucumberScenario.run(CucumberScenario.java:36)
	at cucumber.runtime.model.CucumberFeature.run(CucumberFeature.java:112)
	at grails.plugin.cucumber.Cucumber$_run_closure2.doCall(Cucumber.groovy:58)
	at grails.plugin.cucumber.Cucumber.run(Cucumber.groovy:57)
	at grails.plugin.cucumber.CucumberTestType.runFeatures(CucumberTestType.groovy:102)
	at grails.plugin.cucumber.CucumberTestType.doRun(CucumberTestType.groovy:57)
</failure>

          <failure message="Undefined Step: When I click the new membership option" type="grails.plugin.cucumber.FakeAssertionFailedError">cucumber.runtime.UndefinedStepException: Undefined Step: When I click the new membership option
	at grails.plugin.cucumber.CucumberFormatter.resultUndefined(CucumberFormatter.groovy:242)
	at grails.plugin.cucumber.CucumberFormatter.result(CucumberFormatter.groovy:207)
	at cucumber.runtime.Runtime.runStep(Runtime.java:250)
	at cucumber.runtime.model.StepContainer.runStep(StepContainer.java:44)
	at cucumber.runtime.model.StepContainer.runSteps(StepContainer.java:39)
	at cucumber.runtime.model.CucumberScenario.run(CucumberScenario.java:36)
	at cucumber.runtime.model.CucumberFeature.run(CucumberFeature.java:112)
	at grails.plugin.cucumber.Cucumber$_run_closure2.doCall(Cucumber.groovy:58)
	at grails.plugin.cucumber.Cucumber.run(Cucumber.groovy:57)
	at grails.plugin.cucumber.CucumberTestType.runFeatures(CucumberTestType.groovy:102)
	at grails.plugin.cucumber.CucumberTestType.doRun(CucumberTestType.groovy:57)
</failure>

          <failure message="Undefined Step: Then I am on the create page" type="grails.plugin.cucumber.FakeAssertionFailedError">cucumber.runtime.UndefinedStepException: Undefined Step: Then I am on the create page
	at grails.plugin.cucumber.CucumberFormatter.resultUndefined(CucumberFormatter.groovy:242)
	at grails.plugin.cucumber.CucumberFormatter.result(CucumberFormatter.groovy:207)
	at cucumber.runtime.Runtime.runStep(Runtime.java:250)
	at cucumber.runtime.model.StepContainer.runStep(StepContainer.java:44)
	at cucumber.runtime.model.StepContainer.runSteps(StepContainer.java:39)
	at cucumber.runtime.model.CucumberScenario.run(CucumberScenario.java:36)
	at cucumber.runtime.model.CucumberFeature.run(CucumberFeature.java:112)
	at grails.plugin.cucumber.Cucumber$_run_closure2.doCall(Cucumber.groovy:58)
	at grails.plugin.cucumber.Cucumber.run(Cucumber.groovy:57)
	at grails.plugin.cucumber.CucumberTestType.runFeatures(CucumberTestType.groovy:102)
	at grails.plugin.cucumber.CucumberTestType.doRun(CucumberTestType.groovy:57)
</failure>

      </testcase>

      <testcase classname="grails.plugin.cucumber.CucumberTest" name="create membership with invalid data" time="0.05" />

      <testcase classname="grails.plugin.cucumber.CucumberTest" name="create membership with incomplete form" time="0.001" />

      <system-out><![CDATA[@i9n
Feature: membership
  As an administrator of the RGMS system
  I want to add, remove and modify memberships in the system.

--Output from new membership--
  Scenario: new membership                                                                                                   # Membership.feature:7
    Given the system has member "usernametest" and research group "taes"                                                     # MembershipSteps.groovy:12
    And the system has no membership with member "usernametest", research group "taes" between "01-03-2012" and "01-06-2012" # MembershipSteps.groovy:21
    When I create a membership with member "usernametest", research group "taes" between "01-03-2012" and "01-06-2012"       # MembershipSteps.groovy:31
      groovy.lang.MissingMethodException: No signature of method: static steps.TestDataAndOperations.createMembership() is applicable for argument types: (java.lang.String) values: [usernametest]
      Possible solutions: createMembership(java.lang.String, java.lang.String, java.lang.String, java.lang.String), createMember(java.lang.String)
      	at groovy.lang.MetaClassImpl.invokeStaticMissingMethod(MetaClassImpl.java:1335)
      	at groovy.lang.MetaClassImpl.invokeStaticMethod(MetaClassImpl.java:1321)
      	at groovy.lang.ExpandoMetaClass.invokeStaticMethod(ExpandoMetaClass.java:1123)
      	at org.codehaus.groovy.runtime.callsite.StaticMetaClassSite.call(StaticMetaClassSite.java:50)
      	at org.codehaus.groovy.runtime.callsite.CallSiteArray.defaultCall(CallSiteArray.java:42)
      	at org.codehaus.groovy.runtime.callsite.AbstractCallSite.call(AbstractCallSite.java:108)
      	at org.codehaus.groovy.runtime.callsite.AbstractCallSite.call(AbstractCallSite.java:116)
      	at MembershipSteps$_run_closure3.doCall(MembershipSteps.groovy:32)
      	at ?.When I create a membership with member "usernametest", research group "taes" between "01-03-2012" and "01-06-2012"(Membership.feature:10)

    Then the membership with member "usernametest", research group "taes" between "01-03-2012" and "01-06-2012" is created   # MembershipSteps.groovy:35

--Output from delete membership--
  Scenario: delete membership                                                                                               # Membership.feature:13
    Given the system has membership with member "usernametest", research group "taes" between "01-03-2012" and "01-06-2012" # MembershipSteps.groovy:42
      groovy.lang.MissingPropertyException: No such property: groupname for class: MembershipSteps
      	at org.codehaus.groovy.runtime.ScriptBytecodeAdapter.unwrap(ScriptBytecodeAdapter.java:50)
      	at org.codehaus.groovy.runtime.callsite.PogoGetPropertySite.getProperty(PogoGetPropertySite.java:49)
      	at org.codehaus.groovy.runtime.callsite.AbstractCallSite.callGroovyObjectGetProperty(AbstractCallSite.java:231)
      	at MembershipSteps$_run_closure5.doCall(MembershipSteps.groovy:46)
      	at ?.Given the system has membership with member "usernametest", research group "taes" between "01-03-2012" and "01-06-2012"(Membership.feature:14)

    When I delete a membership with member "usernametest", research group "taes" between "01-03-2012" and "01-06-2012"      # MembershipSteps.groovy:56
    Then the membership with member "usernametest", research group "taes" between "01-03-2012" and "01-06-2012" is deleted

--Output from modify membership--
--Output from access membership creation page from membership main page--
  Scenario: modify membership # Membership.feature:19
    //TODO


  Scenario: access membership creation page from membership main page # Membership.feature:23
    Given I am at the membership page
    When I click the new membership option
    Then I am on the create page

--Output from create membership with invalid data--
--Output from create membership with incomplete form--
  Scenario: create membership with invalid data # Membership.feature:28
    //TODO


  Scenario: create membership with incomplete form # Membership.feature:31
    //TODO

]]></system-out>

      <system-err><![CDATA[
--Output from new membership--
--Output from delete membership--
--Output from modify membership--
--Output from access membership creation page from membership main page--
--Output from create membership with invalid data--
--Output from create membership with incomplete form--]]></system-err>

  </testsuite>
</testsuites>
