<?xml version="1.0" encoding="UTF-8" ?>
<testsuites>
  <testsuite errors="1" failures="0" hostname="Marcelo-PC" id="0" name="research group" package="" tests="4" time="1.475" timestamp="2013-03-03T23:08:51">
      <properties />

      <testcase classname="grails.plugin.cucumber.CucumberTest" name="new researchgroup" time="0.52" />

      <testcase classname="grails.plugin.cucumber.CucumberTest" name="duplicate researchgroup" time="0.105" />

      <testcase classname="grails.plugin.cucumber.CucumberTest" name="invalid researchgroup" time="0.085" />

      <testcase classname="grails.plugin.cucumber.CucumberTest" name="getting Publications" time="0.22">
          <error message="No signature of method: rgms.publication.PublicationController.create() is applicable for argument types: () values: []&#xa;Possible solutions: grep(), chain(java.util.Map), render(groovy.lang.Closure), render(java.lang.Object), render(java.lang.String), render(java.util.Map)" type="groovy.lang.MissingMethodException">groovy.lang.MissingMethodException: No signature of method: rgms.publication.PublicationController.create() is applicable for argument types: () values: []
Possible solutions: grep(), chain(java.util.Map), render(groovy.lang.Closure), render(java.lang.Object), render(java.lang.String), render(java.util.Map)
	at steps.TestDataAndOperations.createMemberPublication(TestDataAndOperations.groovy:79)
	at ResearchGroupSteps$_run_closure8.doCall(ResearchGroupSteps.groovy:40)
	at ✽.And the member with username &quot;admin&quot; is associated with a publication titled &quot;AdminPublication&quot;, with date &quot;20-02-2013&quot; stored in the system(ResearchGroup.feature:22)
</error>

      </testcase>

      <system-out><![CDATA[@i9n
Feature: research group

--Output from new researchgroup--
  Scenario: new researchgroup                                                                # ResearchGroup.feature:4
    Given the system has no research group entitled "modcs" stored in the system             # ResearchGroupSteps.groovy:6
    When I create a research group named "modcs" with the description "modcs research group" # ResearchGroupSteps.groovy:11
    Then the reserach group "modcs" is properly stored by the system                         # ResearchGroupSteps.groovy:15

--Output from duplicate researchgroup--
  Scenario: duplicate researchgroup                                                                                         # ResearchGroup.feature:9
    Given the system has a research group entitled "modcs" with the description "modcs research group" stored in the system # ResearchGroupSteps.groovy:20
    When I create a research group named "modcs" with the description "modcs research group"                                # ResearchGroupSteps.groovy:11
    Then the research group "modcs" is not stored again in the system                                                       # ResearchGroupSteps.groovy:26

--Output from invalid researchgroup--
  Scenario: invalid researchgroup                                                                                          # ResearchGroup.feature:14
    Given the system has no research group entitled "modcs 123456789" stored in the system                                 # ResearchGroupSteps.groovy:6
    When I create a research group named "modcs 123456789" with the description "modcs research group"                     # ResearchGroupSteps.groovy:11
    Then the research group "modcs 123456789" is not stored in the system because exceeds the number of characters allowed # ResearchGroupSteps.groovy:31

--Output from getting Publications--
  Scenario: getting Publications                                                                                                                 # ResearchGroup.feature:19
    Given the system has a research group entitled "modcs" with the description "modcs research group" stored in the system                      # ResearchGroupSteps.groovy:20
    And the research group "modcs" has a membership with a member with username "admin" stored in the system                                     # ResearchGroupSteps.groovy:35
    And the member with username "admin" is associated with a publication titled "AdminPublication", with date "20-02-2013" stored in the system # ResearchGroupSteps.groovy:39
      groovy.lang.MissingMethodException: No signature of method: rgms.publication.PublicationController.create() is applicable for argument types: () values: []
      Possible solutions: grep(), chain(java.util.Map), render(groovy.lang.Closure), render(java.lang.Object), render(java.lang.String), render(java.util.Map)
      	at org.codehaus.groovy.grails.plugins.web.api.ControllerTagLibraryApi.methodMissing(ControllerTagLibraryApi.java:93)
      	at rgms.publication.PublicationController.methodMissing(PublicationController.groovy)
      	at sun.reflect.NativeMethodAccessorImpl.invoke0(Native Method)
      	at sun.reflect.NativeMethodAccessorImpl.invoke(NativeMethodAccessorImpl.java:57)
      	at sun.reflect.DelegatingMethodAccessorImpl.invoke(DelegatingMethodAccessorImpl.java:43)
      	at java.lang.reflect.Method.invoke(Method.java:601)
      	at org.codehaus.groovy.reflection.CachedMethod.invoke(CachedMethod.java:90)
      	at groovy.lang.MetaClassImpl.invokeMissingMethod(MetaClassImpl.java:828)
      	at groovy.lang.MetaClassImpl.invokePropertyOrMissing(MetaClassImpl.java:1120)
      	at groovy.lang.MetaClassImpl.invokeMethod(MetaClassImpl.java:1073)
      	at groovy.lang.ExpandoMetaClass.invokeMethod(ExpandoMetaClass.java:1110)
      	at groovy.lang.MetaClassImpl.invokeMethod(MetaClassImpl.java:901)
      	at org.codehaus.groovy.runtime.callsite.PogoMetaClassSite.call(PogoMetaClassSite.java:39)
      	at org.codehaus.groovy.runtime.callsite.CallSiteArray.defaultCall(CallSiteArray.java:42)
      	at org.codehaus.groovy.runtime.callsite.AbstractCallSite.call(AbstractCallSite.java:108)
      	at org.codehaus.groovy.runtime.callsite.AbstractCallSite.call(AbstractCallSite.java:112)
      	at steps.TestDataAndOperations.createMemberPublication(TestDataAndOperations.groovy:79)
      	at steps.TestDataAndOperations$createMemberPublication.call(Unknown Source)
      	at org.codehaus.groovy.runtime.callsite.CallSiteArray.defaultCall(CallSiteArray.java:42)
      	at org.codehaus.groovy.runtime.callsite.AbstractCallSite.call(AbstractCallSite.java:108)
      	at org.codehaus.groovy.runtime.callsite.AbstractCallSite.call(AbstractCallSite.java:124)
      	at ResearchGroupSteps$_run_closure8.doCall(ResearchGroupSteps.groovy:40)
      	at ?.And the member with username "admin" is associated with a publication titled "AdminPublication", with date "20-02-2013" stored in the system(ResearchGroup.feature:22)

    When I get publications from a research group                                                                                                # ResearchGroupSteps.groovy:43
    Then the members publications of the research group "modcs" are returned                                                                     # ResearchGroupSteps.groovy:48
]]></system-out>

      <system-err><![CDATA[
--Output from new researchgroup--
--Output from duplicate researchgroup--
--Output from invalid researchgroup--
--Output from getting Publications--]]></system-err>

  </testsuite>
</testsuites>
