<?xml version="1.0" encoding="UTF-8" ?>
<testsuites>
  <testsuite errors="0" failures="0" hostname="Guilherme-PC" id="0" name="journal article" package="" tests="1" time="6.058" timestamp="2013-03-01T14:47:05">
      <properties />

      <testcase classname="grails.plugin.cucumber.CucumberTest" name="remove existing article web" time="5.838" />

      <system-out><![CDATA[@i9n
Feature: journal article
  As a member of a research group
  I want to add, remove and modify journal articles I have published
  so that I can generate web pages and reports containing these articles

--Output from remove existing article web--
  Scenario: remove existing article web                                                                                                                 # Article.feature:62
ENTROU no signIn
Enabled == trueENTROU NO TRYJefferson Almeida    Given I am at the publications menu and the article "A theory of software product line refinement" is stored in the system with file name "TCS.pdf" # ArticleSteps.groovy:84
    When I select the "Periodico" option at the publications menu                                                                                       # ArticleSteps.groovy:51
    And I select to view "A theory of software product line refinement" in resulting list                                                               # ArticleSteps.groovy:118
    Then the details are showed and I can select the option to remove                                                                                   # ArticleSteps.groovy:171
]]></system-out>

      <system-err><![CDATA[
--Output from remove existing article web--Started ChromeDriver
port=48731
version=26.0.1383.0
log=C:\Users\Guilherme\git\rgms\chromedriver.log
]]></system-err>

  </testsuite>
</testsuites>
