<?xml version="1.0" encoding="UTF-8" ?>
<testsuites>
  <testsuite errors="1" failures="3" hostname="Paola2-PC" id="0" name="Add Ferramenta" package="" tests="4" time="4.185" timestamp="2013-03-16T14:46:13">
      <properties />

      <testcase classname="grails.plugin.cucumber.CucumberTest" name="new ferramenta without publication date" time="0.046">
          <failure message="assert article != null&#xa;       |       |&#xa;       null    false" type="grails.plugin.cucumber.FakeAssertionFailedError">Assertion failed: 

assert article != null
       |       |
       null    false

	at FerramentaSteps$_run_closure1.doCall(FerramentaSteps.groovy:15)
	at ✽.Given The system has a ferramenta entitled &quot;Nova Ferramenta&quot;(Ferramenta.feature:8)
</failure>

      </testcase>

      <testcase classname="grails.plugin.cucumber.CucumberTest" name="duplicate ferramenta" time="0.048">
          <failure message="assert article != null&#xa;       |       |&#xa;       null    false" type="grails.plugin.cucumber.FakeAssertionFailedError">Assertion failed: 

assert article != null
       |       |
       null    false

	at FerramentaSteps$_run_closure1.doCall(FerramentaSteps.groovy:15)
	at ✽.Given The system has a ferramenta entitled &quot;Nova Ferramenta&quot;(Ferramenta.feature:13)
</failure>

      </testcase>

      <testcase classname="grails.plugin.cucumber.CucumberTest" name="edit ferramenta" time="0.05">
          <failure message="assert article != null&#xa;       |       |&#xa;       null    false" type="grails.plugin.cucumber.FakeAssertionFailedError">Assertion failed: 

assert article != null
       |       |
       null    false

	at FerramentaSteps$_run_closure1.doCall(FerramentaSteps.groovy:15)
	at ✽.Given The system has a ferramenta entitled &quot;Ferramenta1&quot;(Ferramenta.feature:18)
</failure>

      </testcase>

      <testcase classname="grails.plugin.cucumber.CucumberTest" name="new ferramenta without any information" time="3.985">
          <error message="No signature of method: rgms.publication.Ferramenta.findByTitle() is applicable for argument types: () values: []&#xa;Possible solutions: findByTitle([Ljava.lang.Object;)" type="groovy.lang.MissingMethodException">groovy.lang.MissingMethodException: No signature of method: rgms.publication.Ferramenta.findByTitle() is applicable for argument types: () values: []
Possible solutions: findByTitle([Ljava.lang.Object;)
	at org.grails.datastore.gorm.GormStaticApi$_methodMissing_closure2.doCall(GormStaticApi.groovy:105)
	at FerramentaSteps$_run_closure10.doCall(FerramentaSteps.groovy:51)
	at ✽.Then The ferramenta is not stored(Ferramenta.feature:27)
</error>

      </testcase>

      <system-out><![CDATA[@i9n
Feature: Add Ferramenta
  As a member of a research group
  I want to add, remove and modify ferramentas I have added

--Output from new ferramenta without publication date--
  Scenario: new ferramenta without publication date                # Ferramenta.feature:7
    Given The system has a ferramenta entitled "Nova Ferramenta"   # FerramentaSteps.groovy:13
      Assertion failed: 
      
      assert article != null
             |       |
             null    false
      
      	at org.codehaus.groovy.runtime.InvokerHelper.assertFailed(InvokerHelper.java:386)
      	at org.codehaus.groovy.runtime.ScriptBytecodeAdapter.assertFailed(ScriptBytecodeAdapter.java:658)
      	at FerramentaSteps$_run_closure1.doCall(FerramentaSteps.groovy:15)
      	at ?.Given The system has a ferramenta entitled "Nova Ferramenta"(Ferramenta.feature:8)

    When I create the ferramenta "Nova Ferramenta" without website # FerramentaSteps.groovy:17
    Then The ferramenta "Nova Ferramenta" is not stored            # FerramentaSteps.groovy:21

--Output from duplicate ferramenta--
  Scenario: duplicate ferramenta                                 # Ferramenta.feature:12
    Given The system has a ferramenta entitled "Nova Ferramenta" # FerramentaSteps.groovy:13
      Assertion failed: 
      
      assert article != null
             |       |
             null    false
      
      	at org.codehaus.groovy.runtime.InvokerHelper.assertFailed(InvokerHelper.java:386)
      	at org.codehaus.groovy.runtime.ScriptBytecodeAdapter.assertFailed(ScriptBytecodeAdapter.java:658)
      	at FerramentaSteps$_run_closure1.doCall(FerramentaSteps.groovy:15)
      	at ?.Given The system has a ferramenta entitled "Nova Ferramenta"(Ferramenta.feature:13)

    When I create the ferramenta "Nova Ferramenta"               # FerramentaSteps.groovy:25
    Then The ferramenta "Nova Ferramenta" is not stored twice    # FerramentaSteps.groovy:29

--Output from edit ferramenta--
  Scenario: edit ferramenta                                                                                                # Ferramenta.feature:17
    Given The system has a ferramenta entitled "Ferramenta1"                                                               # FerramentaSteps.groovy:13
      Assertion failed: 
      
      assert article != null
             |       |
             null    false
      
      	at org.codehaus.groovy.runtime.InvokerHelper.assertFailed(InvokerHelper.java:386)
      	at org.codehaus.groovy.runtime.ScriptBytecodeAdapter.assertFailed(ScriptBytecodeAdapter.java:658)
      	at FerramentaSteps$_run_closure1.doCall(FerramentaSteps.groovy:15)
      	at ?.Given The system has a ferramenta entitled "Ferramenta1"(Ferramenta.feature:18)

    When I change the website to "websiteteste"                                                                            # FerramentaSteps.groovy:33
    Then The edited ferramenta entitled "Ferramenta1" is properly stored in the system with the new website "websiteteste" # FerramentaSteps.groovy:37

--Output from new ferramenta without any information--
  Scenario: new ferramenta without any information                # Ferramenta.feature:22
ENTROU no signIn
Enabled == trueENTROU NO TRYJefferson Almeida    Given I am at the publications menu                           # CommonSteps.groovy:6
    When I select the "Ferramenta" option at the program menu     # DissertacaoSteps.groovy:12
    And I select the new ferramenta option at the ferramenta page # FerramentaSteps.groovy:42
    And I select the create option at the ferramenta page         # FerramentaSteps.groovy:46
    Then The ferramenta is not stored                             # FerramentaSteps.groovy:50
      groovy.lang.MissingMethodException: No signature of method: rgms.publication.Ferramenta.findByTitle() is applicable for argument types: () values: []
      Possible solutions: findByTitle([Ljava.lang.Object;)
      	at org.codehaus.groovy.grails.orm.hibernate.metaclass.AbstractClausedStaticPersistentMethod.doInvokeInternal(AbstractClausedStaticPersistentMethod.java:540)
      	at org.codehaus.groovy.grails.orm.hibernate.metaclass.AbstractClausedStaticPersistentMethod.doInvokeInternal(AbstractClausedStaticPersistentMethod.java:450)
      	at org.codehaus.groovy.grails.orm.hibernate.metaclass.AbstractStaticPersistentMethod.invoke(AbstractStaticPersistentMethod.java:72)
      	at org.codehaus.groovy.grails.orm.hibernate.metaclass.AbstractStaticPersistentMethod.invoke(AbstractStaticPersistentMethod.java:65)
      	at sun.reflect.GeneratedMethodAccessor945.invoke(Unknown Source)
      	at sun.reflect.DelegatingMethodAccessorImpl.invoke(DelegatingMethodAccessorImpl.java:43)
      	at java.lang.reflect.Method.invoke(Method.java:601)
      	at org.codehaus.groovy.runtime.callsite.PojoMetaMethodSite$PojoCachedMethodSite.invoke(PojoMetaMethodSite.java:189)
      	at org.codehaus.groovy.runtime.callsite.PojoMetaMethodSite.call(PojoMetaMethodSite.java:53)
      	at org.codehaus.groovy.runtime.callsite.CallSiteArray.defaultCall(CallSiteArray.java:42)
      	at org.codehaus.groovy.grails.commons.metaclass.StaticMethodInvocation$invoke.call(Unknown Source)
      	at org.grails.datastore.gorm.GormStaticApi$_methodMissing_closure2.doCall(GormStaticApi.groovy:105)
      	at sun.reflect.GeneratedMethodAccessor526.invoke(Unknown Source)
      	at sun.reflect.DelegatingMethodAccessorImpl.invoke(DelegatingMethodAccessorImpl.java:43)
      	at java.lang.reflect.Method.invoke(Method.java:601)
      	at org.codehaus.groovy.runtime.callsite.PogoMetaMethodSite$PogoCachedMethodSiteNoUnwrapNoCoerce.invoke(PogoMetaMethodSite.java:267)
      	at org.codehaus.groovy.runtime.callsite.PogoMetaMethodSite.callCurrent(PogoMetaMethodSite.java:52)
      	at org.codehaus.groovy.runtime.callsite.AbstractCallSite.callCurrent(AbstractCallSite.java:141)
      	at org.grails.datastore.gorm.GormStaticApi$_methodMissing_closure2.call(GormStaticApi.groovy)
      	at org.codehaus.groovy.runtime.metaclass.ClosureStaticMetaMethod.invoke(ClosureStaticMetaMethod.java:59)
      	at groovy.lang.MetaMethod.doMethodInvoke(MetaMethod.java:233)
      	at org.codehaus.groovy.runtime.callsite.StaticMetaMethodSite.invoke(StaticMetaMethodSite.java:43)
      	at org.codehaus.groovy.runtime.callsite.StaticMetaMethodSite.call(StaticMetaMethodSite.java:88)
      	at org.codehaus.groovy.runtime.callsite.CallSiteArray.defaultCall(CallSiteArray.java:42)
      	at org.codehaus.groovy.runtime.callsite.AbstractCallSite.call(AbstractCallSite.java:108)
      	at org.codehaus.groovy.runtime.callsite.AbstractCallSite.call(AbstractCallSite.java:116)
      	at FerramentaSteps$_run_closure10.doCall(FerramentaSteps.groovy:51)
      	at ?.Then The ferramenta is not stored(Ferramenta.feature:27)

]]></system-out>

      <system-err><![CDATA[
--Output from new ferramenta without publication date--
--Output from duplicate ferramenta--
--Output from edit ferramenta--
--Output from new ferramenta without any information--]]></system-err>

  </testsuite>
  <testsuite errors="4" failures="0" hostname="Paola2-PC" id="1" name="Authentication Process" package="" tests="10" time="10.593" timestamp="2013-03-16T14:45:39">
      <properties />

      <testcase classname="grails.plugin.cucumber.CucumberTest" name="" time="0.889" />

      <testcase classname="grails.plugin.cucumber.CucumberTest" name="" time="0.982" />

      <testcase classname="grails.plugin.cucumber.CucumberTest" name="" time="1.634">
          <error message="the number of constructors during runtime and compile time for java.lang.Exception do not match. Expected 4 but got 5" type="java.lang.IncompatibleClassChangeError">java.lang.IncompatibleClassChangeError: the number of constructors during runtime and compile time for java.lang.Exception do not match. Expected 4 but got 5
	at geb.error.GebException.&lt;init&gt;(GebException.groovy:20)
	at geb.error.UndefinedPageContentException.&lt;init&gt;(UndefinedPageContentException.groovy:20)
	at geb.content.NavigableSupport.getContent(NavigableSupport.groovy:45)
	at geb.content.NavigableSupport.methodMissing(NavigableSupport.groovy:123)
	at pages.UserRegisterPage.createNewUser(UserRegisterPage.groovy:33)
	at AuthenticationSteps$_run_closure15.doCall(AuthenticationSteps.groovy:84)
	at ✽.When I register a user with success(Authentication.feature:25)
</error>

      </testcase>

      <testcase classname="grails.plugin.cucumber.CucumberTest" name="" time="0.951">
          <error message="the number of constructors during runtime and compile time for java.lang.Exception do not match. Expected 4 but got 5" type="java.lang.IncompatibleClassChangeError">java.lang.IncompatibleClassChangeError: the number of constructors during runtime and compile time for java.lang.Exception do not match. Expected 4 but got 5
	at geb.error.GebException.&lt;init&gt;(GebException.groovy:20)
	at geb.error.UndefinedPageContentException.&lt;init&gt;(UndefinedPageContentException.groovy:20)
	at geb.content.NavigableSupport.getContent(NavigableSupport.groovy:45)
	at geb.content.NavigableSupport.methodMissing(NavigableSupport.groovy:123)
	at geb.content.NavigableSupport.propertyMissing(NavigableSupport.groovy:143)
	at AuthenticationSteps$_run_closure19.doCall(AuthenticationSteps.groovy:109)
	at ✽.When I try to create a &quot;newuser&quot; username with the &quot;invalid email abcde&quot; email(Authentication.feature:33)
</error>

      </testcase>

      <testcase classname="grails.plugin.cucumber.CucumberTest" name="" time="0.835" />

      <testcase classname="grails.plugin.cucumber.CucumberTest" name="" time="0.222" />

      <testcase classname="grails.plugin.cucumber.CucumberTest" name="" time="0.209" />

      <testcase classname="grails.plugin.cucumber.CucumberTest" name="" time="1.06">
          <error message="the number of constructors during runtime and compile time for java.lang.Exception do not match. Expected 4 but got 5" type="java.lang.IncompatibleClassChangeError">java.lang.IncompatibleClassChangeError: the number of constructors during runtime and compile time for java.lang.Exception do not match. Expected 4 but got 5
	at geb.error.GebException.&lt;init&gt;(GebException.groovy:20)
	at geb.error.UndefinedPageContentException.&lt;init&gt;(UndefinedPageContentException.groovy:20)
	at geb.content.NavigableSupport.getContent(NavigableSupport.groovy:45)
	at geb.content.NavigableSupport.methodMissing(NavigableSupport.groovy:123)
	at AuthenticationSteps$_run_closure21.doCall(AuthenticationSteps.groovy:126)
	at ✽.And The University field is filled with &quot;Federal University of Pernambuco&quot;(Authentication.feature:66)
</error>

      </testcase>

      <testcase classname="grails.plugin.cucumber.CucumberTest" name="" time="2.631" />

      <testcase classname="grails.plugin.cucumber.CucumberTest" name="" time="1.117">
          <error message="the number of constructors during runtime and compile time for java.lang.Exception do not match. Expected 4 but got 5" type="java.lang.IncompatibleClassChangeError">java.lang.IncompatibleClassChangeError: the number of constructors during runtime and compile time for java.lang.Exception do not match. Expected 4 but got 5
	at geb.error.GebException.&lt;init&gt;(GebException.groovy:20)
	at geb.error.UndefinedPageContentException.&lt;init&gt;(UndefinedPageContentException.groovy:20)
	at geb.content.NavigableSupport.getContent(NavigableSupport.groovy:45)
	at geb.content.NavigableSupport.methodMissing(NavigableSupport.groovy:123)
	at AuthenticationSteps$_run_closure22.doCall(AuthenticationSteps.groovy:132)
	at ✽.And I mistype my password at the second password field(Authentication.feature:82)
</error>

      </testcase>

      <system-out><![CDATA[Feature: Authentication Process
  As a registered member in the system
  I want to have access to all of its internal features, which are only accessible after a successful login procedure

--Output from --
  #Issue#73 - Informar erro ao submeter username inexistente, na tela de Login
  Scenario:                                              # Authentication.feature:7
    Given I am at the Login Page                         # AuthenticationSteps.groovy:45
    When I try to login with an user that does not exist # AuthenticationSteps.groovy:72
    Then I am redirected to the Login Page               # AuthenticationSteps.groovy:32
    And A login failure message is displayed             # AuthenticationSteps.groovy:78

--Output from --
  #Issue#66 - Informar erro ao submeter usuário com senha inválida, na tela de Login
  Scenario:                                                               # Authentication.feature:15
    Given I am at the Login Page                                          # AuthenticationSteps.groovy:45
ENTROU no signIn
Enabled == true    When I try to login with an existent user, though with wrong password # AuthenticationSteps.groovy:75
    Then I am redirected to the Login Page                                # AuthenticationSteps.groovy:32
    And A login failure message is displayed                              # AuthenticationSteps.groovy:78

--Output from --
  #Issue#63 - Informar quando um usuário é cadastrado com sucesso
  Scenario:                                                                     # Authentication.feature:23
ENTROU no registerparams NULL    Given I am at the User Register Page                                        # AuthenticationSteps.groovy:49
user: null
validate: null
errors: null
    When I register a user with success                                         # AuthenticationSteps.groovy:83
      java.lang.IncompatibleClassChangeError: the number of constructors during runtime and compile time for java.lang.Exception do not match. Expected 4 but got 5
      	at groovy.lang.MetaClassImpl.selectConstructorAndTransformArguments(MetaClassImpl.java:1381)
      	at org.codehaus.groovy.runtime.ScriptBytecodeAdapter.selectConstructorAndTransformArguments(ScriptBytecodeAdapter.java:234)
      	at geb.error.GebException.<init>(GebException.groovy:20)
      	at geb.error.GebException.<init>(GebException.groovy)
      	at geb.error.UndefinedPageContentException.<init>(UndefinedPageContentException.groovy:20)
      	at sun.reflect.NativeConstructorAccessorImpl.newInstance0(Native Method)
      	at sun.reflect.NativeConstructorAccessorImpl.newInstance(NativeConstructorAccessorImpl.java:57)
      	at sun.reflect.DelegatingConstructorAccessorImpl.newInstance(DelegatingConstructorAccessorImpl.java:45)
      	at java.lang.reflect.Constructor.newInstance(Constructor.java:525)
      	at org.codehaus.groovy.reflection.CachedConstructor.invoke(CachedConstructor.java:77)
      	at org.codehaus.groovy.runtime.callsite.ConstructorSite$ConstructorSiteNoUnwrapNoCoerce.callConstructor(ConstructorSite.java:102)
      	at org.codehaus.groovy.runtime.callsite.CallSiteArray.defaultCallConstructor(CallSiteArray.java:54)
      	at org.codehaus.groovy.runtime.callsite.AbstractCallSite.callConstructor(AbstractCallSite.java:182)
      	at org.codehaus.groovy.runtime.callsite.AbstractCallSite.callConstructor(AbstractCallSite.java:194)
      	at geb.content.NavigableSupport.getContent(NavigableSupport.groovy:45)
      	at geb.content.NavigableSupport.this$2$getContent(NavigableSupport.groovy)
      	at sun.reflect.NativeMethodAccessorImpl.invoke0(Native Method)
      	at sun.reflect.NativeMethodAccessorImpl.invoke(NativeMethodAccessorImpl.java:57)
      	at sun.reflect.DelegatingMethodAccessorImpl.invoke(DelegatingMethodAccessorImpl.java:43)
      	at java.lang.reflect.Method.invoke(Method.java:601)
      	at org.codehaus.groovy.runtime.callsite.PogoMetaMethodSite$PogoCachedMethodSite.invoke(PogoMetaMethodSite.java:226)
      	at org.codehaus.groovy.runtime.callsite.PogoMetaMethodSite.callCurrent(PogoMetaMethodSite.java:52)
      	at org.codehaus.groovy.runtime.callsite.CallSiteArray.defaultCallCurrent(CallSiteArray.java:46)
      	at org.codehaus.groovy.runtime.callsite.PogoMetaMethodSite.callCurrent(PogoMetaMethodSite.java:57)
      	at geb.content.NavigableSupport.methodMissing(NavigableSupport.groovy:123)
      	at geb.content.NavigableSupport$methodMissing.call(Unknown Source)
      	at org.codehaus.groovy.runtime.callsite.CallSiteArray.defaultCall(CallSiteArray.java:42)
      	at org.codehaus.groovy.runtime.callsite.AbstractCallSite.call(AbstractCallSite.java:108)
      	at org.codehaus.groovy.runtime.callsite.AbstractCallSite.call(AbstractCallSite.java:120)
      	at geb.content.SimplePageContent.methodMissing(SimplePageContent.groovy)
      	at sun.reflect.NativeMethodAccessorImpl.invoke0(Native Method)
      	at sun.reflect.NativeMethodAccessorImpl.invoke(NativeMethodAccessorImpl.java:57)
      	at sun.reflect.DelegatingMethodAccessorImpl.invoke(DelegatingMethodAccessorImpl.java:43)
      	at java.lang.reflect.Method.invoke(Method.java:601)
      	at org.codehaus.groovy.reflection.CachedMethod.invoke(CachedMethod.java:90)
      	at groovy.lang.MetaClassImpl.invokeMissingMethod(MetaClassImpl.java:804)
      	at groovy.lang.MetaClassImpl.invokePropertyOrMissing(MetaClassImpl.java:1096)
      	at groovy.lang.MetaClassImpl.invokeMethod(MetaClassImpl.java:1049)
      	at groovy.lang.ExpandoMetaClass.invokeMethod(ExpandoMetaClass.java:1110)
      	at groovy.lang.MetaClassImpl.invokeMethod(MetaClassImpl.java:877)
      	at groovy.lang.DelegatingMetaClass.invokeMethod(DelegatingMetaClass.java:149)
      	at org.codehaus.groovy.runtime.callsite.PogoMetaClassSite.call(PogoMetaClassSite.java:39)
      	at org.codehaus.groovy.runtime.callsite.CallSiteArray.defaultCall(CallSiteArray.java:42)
      	at org.codehaus.groovy.runtime.callsite.AbstractCallSite.call(AbstractCallSite.java:108)
      	at org.codehaus.groovy.runtime.callsite.AbstractCallSite.call(AbstractCallSite.java:116)
      	at pages.UserRegisterPage.createNewUser(UserRegisterPage.groovy:33)
      	at pages.UserRegisterPage$createNewUser.call(Unknown Source)
      	at org.codehaus.groovy.runtime.callsite.CallSiteArray.defaultCall(CallSiteArray.java:42)
      	at org.codehaus.groovy.runtime.callsite.AbstractCallSite.call(AbstractCallSite.java:108)
      	at org.codehaus.groovy.runtime.callsite.AbstractCallSite.call(AbstractCallSite.java:112)
      	at AuthenticationSteps$_run_closure15.doCall(AuthenticationSteps.groovy:84)
      	at ?.When I register a user with success(Authentication.feature:25)

    And I am redirected to the User Register Page                               # AuthenticationSteps.groovy:35
    Then A message indicating the user was successfully registered is displayed # AuthenticationSteps.groovy:86

--Output from --
  #Issue#69 - Informar quando tentar cadastrar novo usuário com e-mail inválido
  Scenario:                                                                        # Authentication.feature:31
    Given I am at the Login Page                                                   # AuthenticationSteps.groovy:45
ENTROU no registerparams NULL    When I try to create a "newuser" username with the "invalid email abcde" email # AuthenticationSteps.groovy:106
      java.lang.IncompatibleClassChangeError: the number of constructors during runtime and compile time for java.lang.Exception do not match. Expected 4 but got 5
      	at groovy.lang.MetaClassImpl.selectConstructorAndTransformArguments(MetaClassImpl.java:1381)
      	at org.codehaus.groovy.runtime.ScriptBytecodeAdapter.selectConstructorAndTransformArguments(ScriptBytecodeAdapter.java:234)
      	at geb.error.GebException.<init>(GebException.groovy:20)
      	at geb.error.GebException.<init>(GebException.groovy)
      	at geb.error.UndefinedPageContentException.<init>(UndefinedPageContentException.groovy:20)
      	at sun.reflect.NativeConstructorAccessorImpl.newInstance0(Native Method)
      	at sun.reflect.NativeConstructorAccessorImpl.newInstance(NativeConstructorAccessorImpl.java:57)
      	at sun.reflect.DelegatingConstructorAccessorImpl.newInstance(DelegatingConstructorAccessorImpl.java:45)
      	at java.lang.reflect.Constructor.newInstance(Constructor.java:525)
      	at org.codehaus.groovy.reflection.CachedConstructor.invoke(CachedConstructor.java:77)
      	at org.codehaus.groovy.runtime.callsite.ConstructorSite$ConstructorSiteNoUnwrapNoCoerce.callConstructor(ConstructorSite.java:102)
      	at org.codehaus.groovy.runtime.callsite.AbstractCallSite.callConstructor(AbstractCallSite.java:194)
      	at geb.content.NavigableSupport.getContent(NavigableSupport.groovy:45)
      	at geb.content.NavigableSupport.this$2$getContent(NavigableSupport.groovy)
      	at sun.reflect.GeneratedMethodAccessor744.invoke(Unknown Source)
      	at sun.reflect.DelegatingMethodAccessorImpl.invoke(DelegatingMethodAccessorImpl.java:43)
      	at java.lang.reflect.Method.invoke(Method.java:601)
      	at org.codehaus.groovy.runtime.callsite.PogoMetaMethodSite$PogoCachedMethodSite.invoke(PogoMetaMethodSite.java:226)
      	at org.codehaus.groovy.runtime.callsite.PogoMetaMethodSite.callCurrent(PogoMetaMethodSite.java:52)
      	at geb.content.NavigableSupport.methodMissing(NavigableSupport.groovy:123)
      	at geb.content.NavigableSupport$methodMissing.call(Unknown Source)
      	at geb.content.SimplePageContent.methodMissing(SimplePageContent.groovy)
      	at sun.reflect.NativeMethodAccessorImpl.invoke0(Native Method)
      	at sun.reflect.NativeMethodAccessorImpl.invoke(NativeMethodAccessorImpl.java:57)
      	at sun.reflect.DelegatingMethodAccessorImpl.invoke(DelegatingMethodAccessorImpl.java:43)
      	at java.lang.reflect.Method.invoke(Method.java:601)
      	at org.codehaus.groovy.reflection.CachedMethod.invoke(CachedMethod.java:90)
      	at groovy.lang.MetaClassImpl.invokeMissingMethod(MetaClassImpl.java:804)
      	at groovy.lang.MetaClassImpl.invokePropertyOrMissing(MetaClassImpl.java:1096)
      	at groovy.lang.MetaClassImpl.invokeMethod(MetaClassImpl.java:1049)
      	at groovy.lang.ExpandoMetaClass.invokeMethod(ExpandoMetaClass.java:1110)
      	at groovy.lang.MetaClassImpl.invokeMethod(MetaClassImpl.java:877)
      	at groovy.lang.DelegatingMetaClass.invokeMethod(DelegatingMetaClass.java:149)
      	at org.codehaus.groovy.runtime.callsite.PogoMetaClassSite.call(PogoMetaClassSite.java:39)
      	at org.codehaus.groovy.runtime.callsite.CallSiteArray.defaultCall(CallSiteArray.java:42)
      	at org.codehaus.groovy.runtime.callsite.AbstractCallSite.call(AbstractCallSite.java:108)
      	at org.codehaus.groovy.runtime.callsite.AbstractCallSite.call(AbstractCallSite.java:116)
      	at geb.content.NavigableSupport.propertyMissing(NavigableSupport.groovy:143)
      	at geb.content.NavigableSupport$propertyMissing$0.call(Unknown Source)
      	at org.codehaus.groovy.runtime.callsite.CallSiteArray.defaultCall(CallSiteArray.java:42)
      	at org.codehaus.groovy.runtime.callsite.AbstractCallSite.call(AbstractCallSite.java:108)
      	at org.codehaus.groovy.runtime.callsite.AbstractCallSite.call(AbstractCallSite.java:120)
      	at geb.Page.propertyMissing(Page.groovy)
      	at sun.reflect.NativeMethodAccessorImpl.invoke0(Native Method)
      	at sun.reflect.NativeMethodAccessorImpl.invoke(NativeMethodAccessorImpl.java:57)
      	at sun.reflect.DelegatingMethodAccessorImpl.invoke(DelegatingMethodAccessorImpl.java:43)
      	at java.lang.reflect.Method.invoke(Method.java:601)
      	at org.codehaus.groovy.reflection.CachedMethod.invoke(CachedMethod.java:90)
      	at groovy.lang.MetaClassImpl.invokeMissingProperty(MetaClassImpl.java:748)
      	at groovy.lang.MetaClassImpl.setProperty(MetaClassImpl.java:2406)
      	at groovy.lang.ExpandoMetaClass.setProperty(ExpandoMetaClass.java:1170)
      	at groovy.lang.MetaClassImpl.setProperty(MetaClassImpl.java:3312)
      	at geb.Page.setProperty(Page.groovy)
      	at org.codehaus.groovy.runtime.InvokerHelper.setProperty(InvokerHelper.java:179)
      	at org.codehaus.groovy.runtime.ScriptBytecodeAdapter.setProperty(ScriptBytecodeAdapter.java:480)
      	at AuthenticationSteps$_run_closure19.doCall(AuthenticationSteps.groovy:109)
      	at ?.When I try to create a "newuser" username with the "invalid email abcde" email(Authentication.feature:33)

    Then A message indicating the email is invalid is displayed                    # AuthenticationSteps.groovy:118

--Output from --
  #Issue#67 - Durante o login, ao errar o password de um usuário existente, cuja conta ainda não foi liberada pelo
  #administrador, redirecionar à Tela de login e exibir uma mensagem de 'usuário ou senha inválida'
  Scenario:                                                     # Authentication.feature:39
    Given I am at the Login Page                                # AuthenticationSteps.groovy:45
    And The user of "naoHabilitado" username is not yet enabled # AuthenticationSteps.groovy:91
ENTROU no signIn
Enabled == false    When I miss the password for "naoHabilitado" username       # AuthenticationSteps.groovy:101
    Then I am redirected to the Login Page                      # AuthenticationSteps.groovy:32
    And A login failure message is displayed                    # AuthenticationSteps.groovy:78

--Output from --
  #Issue#86 - Duas telas diferentes de login existentes durante a navegação: uma 'oficial', acessada pelo caminho auth/login, e outra
  #encontrada no caminho raiz '/' da aplicação
  Scenario:                                     # Authentication.feature:50
    Given I am not logged                       # AuthenticationSteps.groovy:161
    When I directly access the Member List Page # AuthenticationSteps.groovy:41
    Then I am redirected to the Login Page      # AuthenticationSteps.groovy:32

--Output from --
  Scenario:                                # Authentication.feature:55
    Given I am not logged                  # AuthenticationSteps.groovy:161
    When I access the Root Page            # AuthenticationSteps.groovy:38
    Then I am redirected to the Login Page # AuthenticationSteps.groovy:32

--Output from --
  #Issue#9 - Preencher com valores default campos de formulários quando relevante
  Scenario:                                                                    # Authentication.feature:62
    Given I am at the Login Page                                               # AuthenticationSteps.groovy:45
ENTROU no registerparams NULL    When I click the "Create an account" link                                  # AuthenticationSteps.groovy:62
    Then I am redirected to the User Register Page                             # AuthenticationSteps.groovy:35
    And The University field is filled with "Federal University of Pernambuco" # AuthenticationSteps.groovy:125
      java.lang.IncompatibleClassChangeError: the number of constructors during runtime and compile time for java.lang.Exception do not match. Expected 4 but got 5
      	at groovy.lang.MetaClassImpl.selectConstructorAndTransformArguments(MetaClassImpl.java:1381)
      	at org.codehaus.groovy.runtime.ScriptBytecodeAdapter.selectConstructorAndTransformArguments(ScriptBytecodeAdapter.java:234)
      	at geb.error.GebException.<init>(GebException.groovy:20)
      	at geb.error.GebException.<init>(GebException.groovy)
      	at geb.error.UndefinedPageContentException.<init>(UndefinedPageContentException.groovy:20)
      	at sun.reflect.NativeConstructorAccessorImpl.newInstance0(Native Method)
      	at sun.reflect.NativeConstructorAccessorImpl.newInstance(NativeConstructorAccessorImpl.java:57)
      	at sun.reflect.DelegatingConstructorAccessorImpl.newInstance(DelegatingConstructorAccessorImpl.java:45)
      	at java.lang.reflect.Constructor.newInstance(Constructor.java:525)
      	at org.codehaus.groovy.reflection.CachedConstructor.invoke(CachedConstructor.java:77)
      	at org.codehaus.groovy.runtime.callsite.ConstructorSite$ConstructorSiteNoUnwrapNoCoerce.callConstructor(ConstructorSite.java:102)
      	at org.codehaus.groovy.runtime.callsite.AbstractCallSite.callConstructor(AbstractCallSite.java:194)
      	at geb.content.NavigableSupport.getContent(NavigableSupport.groovy:45)
      	at geb.content.NavigableSupport.this$2$getContent(NavigableSupport.groovy)
      	at sun.reflect.GeneratedMethodAccessor744.invoke(Unknown Source)
      	at sun.reflect.DelegatingMethodAccessorImpl.invoke(DelegatingMethodAccessorImpl.java:43)
      	at java.lang.reflect.Method.invoke(Method.java:601)
      	at org.codehaus.groovy.runtime.callsite.PogoMetaMethodSite$PogoCachedMethodSite.invoke(PogoMetaMethodSite.java:226)
      	at org.codehaus.groovy.runtime.callsite.PogoMetaMethodSite.callCurrent(PogoMetaMethodSite.java:52)
      	at org.codehaus.groovy.runtime.callsite.CallSiteArray.defaultCallCurrent(CallSiteArray.java:46)
      	at org.codehaus.groovy.runtime.callsite.PogoMetaMethodSite.callCurrent(PogoMetaMethodSite.java:57)
      	at geb.content.NavigableSupport.methodMissing(NavigableSupport.groovy:123)
      	at geb.content.NavigableSupport$methodMissing.call(Unknown Source)
      	at geb.content.SimplePageContent.methodMissing(SimplePageContent.groovy)
      	at sun.reflect.NativeMethodAccessorImpl.invoke0(Native Method)
      	at sun.reflect.NativeMethodAccessorImpl.invoke(NativeMethodAccessorImpl.java:57)
      	at sun.reflect.DelegatingMethodAccessorImpl.invoke(DelegatingMethodAccessorImpl.java:43)
      	at java.lang.reflect.Method.invoke(Method.java:601)
      	at org.codehaus.groovy.reflection.CachedMethod.invoke(CachedMethod.java:90)
      	at groovy.lang.MetaClassImpl.invokeMissingMethod(MetaClassImpl.java:804)
      	at groovy.lang.MetaClassImpl.invokePropertyOrMissing(MetaClassImpl.java:1096)
      	at groovy.lang.MetaClassImpl.invokeMethod(MetaClassImpl.java:1049)
      	at groovy.lang.ExpandoMetaClass.invokeMethod(ExpandoMetaClass.java:1110)
      	at groovy.lang.MetaClassImpl.invokeMethod(MetaClassImpl.java:877)
      	at groovy.lang.DelegatingMetaClass.invokeMethod(DelegatingMetaClass.java:149)
      	at org.codehaus.groovy.runtime.callsite.PogoMetaClassSite.call(PogoMetaClassSite.java:39)
      	at org.codehaus.groovy.runtime.callsite.CallSiteArray.defaultCall(CallSiteArray.java:42)
      	at org.codehaus.groovy.runtime.callsite.AbstractCallSite.call(AbstractCallSite.java:108)
      	at org.codehaus.groovy.runtime.callsite.AbstractCallSite.call(AbstractCallSite.java:112)
      	at AuthenticationSteps$_run_closure21.doCall(AuthenticationSteps.groovy:126)
      	at ?.And The University field is filled with "Federal University of Pernambuco"(Authentication.feature:66)


--Output from --
  #Issue#76 - Usuário é direcionado para tela de login repetidas vezes
  Scenario:                                            # Authentication.feature:70
ENTROU no signIn
Enabled == trueENTROU NO TRYJefferson Almeida    Given I am at the Member Listagem page             # AuthenticationSteps.groovy:53
    When I select the "Principal" menu option          # AuthenticationSteps.groovy:65
    Then I am redirected to the Publications Menu page # AuthenticationSteps.groovy:29

--Output from --
  #Issue#65 - Ao tentar realizar cadastro de usuário com dado inválido o form de cadastro deve ser retornado com os
  #dados previamente preenchidos
  Scenario:                                                           # Authentication.feature:78
    Given I am at the Login Page                                      # AuthenticationSteps.groovy:45
ENTROU no registerparams NULL    When I click the "Create an account" link                         # AuthenticationSteps.groovy:62
    And I am redirected to the User Register Page                     # AuthenticationSteps.groovy:35
    And I mistype my password at the second password field            # AuthenticationSteps.groovy:130
      java.lang.IncompatibleClassChangeError: the number of constructors during runtime and compile time for java.lang.Exception do not match. Expected 4 but got 5
      	at groovy.lang.MetaClassImpl.selectConstructorAndTransformArguments(MetaClassImpl.java:1381)
      	at org.codehaus.groovy.runtime.ScriptBytecodeAdapter.selectConstructorAndTransformArguments(ScriptBytecodeAdapter.java:234)
      	at geb.error.GebException.<init>(GebException.groovy:20)
      	at geb.error.GebException.<init>(GebException.groovy)
      	at geb.error.UndefinedPageContentException.<init>(UndefinedPageContentException.groovy:20)
      	at sun.reflect.NativeConstructorAccessorImpl.newInstance0(Native Method)
      	at sun.reflect.NativeConstructorAccessorImpl.newInstance(NativeConstructorAccessorImpl.java:57)
      	at sun.reflect.DelegatingConstructorAccessorImpl.newInstance(DelegatingConstructorAccessorImpl.java:45)
      	at java.lang.reflect.Constructor.newInstance(Constructor.java:525)
      	at org.codehaus.groovy.reflection.CachedConstructor.invoke(CachedConstructor.java:77)
      	at org.codehaus.groovy.runtime.callsite.ConstructorSite$ConstructorSiteNoUnwrapNoCoerce.callConstructor(ConstructorSite.java:102)
      	at org.codehaus.groovy.runtime.callsite.AbstractCallSite.callConstructor(AbstractCallSite.java:194)
      	at geb.content.NavigableSupport.getContent(NavigableSupport.groovy:45)
      	at geb.content.NavigableSupport.this$2$getContent(NavigableSupport.groovy)
      	at sun.reflect.GeneratedMethodAccessor744.invoke(Unknown Source)
      	at sun.reflect.DelegatingMethodAccessorImpl.invoke(DelegatingMethodAccessorImpl.java:43)
      	at java.lang.reflect.Method.invoke(Method.java:601)
      	at org.codehaus.groovy.runtime.callsite.PogoMetaMethodSite$PogoCachedMethodSite.invoke(PogoMetaMethodSite.java:226)
      	at org.codehaus.groovy.runtime.callsite.PogoMetaMethodSite.callCurrent(PogoMetaMethodSite.java:52)
      	at org.codehaus.groovy.runtime.callsite.CallSiteArray.defaultCallCurrent(CallSiteArray.java:46)
      	at org.codehaus.groovy.runtime.callsite.PogoMetaMethodSite.callCurrent(PogoMetaMethodSite.java:57)
      	at geb.content.NavigableSupport.methodMissing(NavigableSupport.groovy:123)
      	at geb.content.NavigableSupport$methodMissing.call(Unknown Source)
      	at geb.content.SimplePageContent.methodMissing(SimplePageContent.groovy)
      	at sun.reflect.NativeMethodAccessorImpl.invoke0(Native Method)
      	at sun.reflect.NativeMethodAccessorImpl.invoke(NativeMethodAccessorImpl.java:57)
      	at sun.reflect.DelegatingMethodAccessorImpl.invoke(DelegatingMethodAccessorImpl.java:43)
      	at java.lang.reflect.Method.invoke(Method.java:601)
      	at org.codehaus.groovy.reflection.CachedMethod.invoke(CachedMethod.java:90)
      	at groovy.lang.MetaClassImpl.invokeMissingMethod(MetaClassImpl.java:804)
      	at groovy.lang.MetaClassImpl.invokePropertyOrMissing(MetaClassImpl.java:1096)
      	at groovy.lang.MetaClassImpl.invokeMethod(MetaClassImpl.java:1049)
      	at groovy.lang.ExpandoMetaClass.invokeMethod(ExpandoMetaClass.java:1110)
      	at groovy.lang.MetaClassImpl.invokeMethod(MetaClassImpl.java:877)
      	at groovy.lang.DelegatingMetaClass.invokeMethod(DelegatingMetaClass.java:149)
      	at org.codehaus.groovy.runtime.callsite.PogoMetaClassSite.call(PogoMetaClassSite.java:39)
      	at org.codehaus.groovy.runtime.callsite.CallSiteArray.defaultCall(CallSiteArray.java:42)
      	at org.codehaus.groovy.runtime.callsite.AbstractCallSite.call(AbstractCallSite.java:108)
      	at org.codehaus.groovy.runtime.callsite.AbstractCallSite.call(AbstractCallSite.java:116)
      	at AuthenticationSteps$_run_closure22.doCall(AuthenticationSteps.groovy:132)
      	at ?.And I mistype my password at the second password field(Authentication.feature:82)

    And I fill my remaining user data                                 # AuthenticationSteps.groovy:135
    And I submit the form                                             # AuthenticationSteps.groovy:68
    Then I am redirected to the User Register Page                    # AuthenticationSteps.groovy:35
    And The password fields are empty                                 # AuthenticationSteps.groovy:143
    And My remaining user data is still at their corresponding fields # AuthenticationSteps.groovy:149
]]></system-out>

      <system-err><![CDATA[
--Output from --
--Output from --
--Output from --
--Output from --
--Output from --
--Output from --
--Output from --
--Output from --
--Output from --
--Output from --]]></system-err>

  </testsuite>
  <testsuite errors="3" failures="0" hostname="Paola2-PC" id="2" name="BookChapter" package="" tests="5" time="8.508" timestamp="2013-03-16T14:45:49">
      <properties />

      <testcase classname="grails.plugin.cucumber.CucumberTest" name="new book chapter" time="0.07">
          <error message="Cannot set property &apos;members&apos; on null object" type="java.lang.NullPointerException">java.lang.NullPointerException: Cannot set property &apos;members&apos; on null object
	at steps.TestDataAndOperations.createBookChapter(TestDataAndOperations.groovy:267)
	at BookChapterSteps$_run_closure2.doCall(BookChapterSteps.groovy:18)
	at ✽.When I create the book chapter &quot;Next Generation Software Product Line Engineering&quot; with file name &quot;NGSPL.pdf&quot;(BookChapter.feature:9)
</error>

      </testcase>

      <testcase classname="grails.plugin.cucumber.CucumberTest" name="duplicate book chapter" time="0.044">
          <error message="Cannot set property &apos;members&apos; on null object" type="java.lang.NullPointerException">java.lang.NullPointerException: Cannot set property &apos;members&apos; on null object
	at steps.TestDataAndOperations.createBookChapter(TestDataAndOperations.groovy:267)
	at BookChapterSteps$_run_closure4.doCall(BookChapterSteps.groovy:29)
	at ✽.Given the book chapter &quot;Next Generation Software Product Line Engineering&quot; is stored in the system with file name &quot;NGSPL-0.pdf&quot;(BookChapter.feature:13)
</error>

      </testcase>

      <testcase classname="grails.plugin.cucumber.CucumberTest" name="remove book chapter" time="0.047">
          <error message="Cannot set property &apos;members&apos; on null object" type="java.lang.NullPointerException">java.lang.NullPointerException: Cannot set property &apos;members&apos; on null object
	at steps.TestDataAndOperations.createBookChapter(TestDataAndOperations.groovy:267)
	at BookChapterSteps$_run_closure4.doCall(BookChapterSteps.groovy:29)
	at ✽.Given the book chapter &quot;Next Generation Software Product Line Engineering&quot; is stored in the system with file name &quot;NGSPL-0.pdf&quot;(BookChapter.feature:18)
</error>

      </testcase>

      <testcase classname="grails.plugin.cucumber.CucumberTest" name="register book chapter with invalid data" time="4.959" />

      <testcase classname="grails.plugin.cucumber.CucumberTest" name="new book chapter web" time="3.332" />

      <system-out><![CDATA[@i9n
Feature: BookChapter
  As a member of a research group
  I want to add, remove and modify book chapters I have published
  so that I can generate web pages and reports containing these book chapters

--Output from new book chapter--
  Scenario: new book chapter                                                                                      # BookChapter.feature:7
    Given the system has no book chapter entitled "Next Generation Software Product Line Engineering"             # BookChapterSteps.groovy:10
    When I create the book chapter "Next Generation Software Product Line Engineering" with file name "NGSPL.pdf" # BookChapterSteps.groovy:16
      java.lang.NullPointerException: Cannot set property 'members' on null object
      	at org.codehaus.groovy.runtime.NullObject.setProperty(NullObject.java:66)
      	at org.codehaus.groovy.runtime.InvokerHelper.setProperty(InvokerHelper.java:179)
      	at org.codehaus.groovy.runtime.ScriptBytecodeAdapter.setProperty(ScriptBytecodeAdapter.java:480)
      	at steps.TestDataAndOperations.createBookChapter(TestDataAndOperations.groovy:267)
      	at steps.TestDataAndOperations$createBookChapter.call(Unknown Source)
      	at org.codehaus.groovy.runtime.callsite.CallSiteArray.defaultCall(CallSiteArray.java:42)
      	at org.codehaus.groovy.runtime.callsite.AbstractCallSite.call(AbstractCallSite.java:108)
      	at org.codehaus.groovy.runtime.callsite.AbstractCallSite.call(AbstractCallSite.java:120)
      	at BookChapterSteps$_run_closure2.doCall(BookChapterSteps.groovy:18)
      	at ?.When I create the book chapter "Next Generation Software Product Line Engineering" with file name "NGSPL.pdf"(BookChapter.feature:9)

    Then the book chapter "Next Generation Software Product Line Engineering" is properly stored by the system    # BookChapterSteps.groovy:21

--Output from duplicate book chapter--
  Scenario: duplicate book chapter                                                                                                  # BookChapter.feature:12
    Given the book chapter "Next Generation Software Product Line Engineering" is stored in the system with file name "NGSPL-0.pdf" # BookChapterSteps.groovy:27
      java.lang.NullPointerException: Cannot set property 'members' on null object
      	at org.codehaus.groovy.runtime.NullObject.setProperty(NullObject.java:66)
      	at org.codehaus.groovy.runtime.InvokerHelper.setProperty(InvokerHelper.java:179)
      	at org.codehaus.groovy.runtime.ScriptBytecodeAdapter.setProperty(ScriptBytecodeAdapter.java:480)
      	at steps.TestDataAndOperations.createBookChapter(TestDataAndOperations.groovy:267)
      	at steps.TestDataAndOperations$createBookChapter.call(Unknown Source)
      	at org.codehaus.groovy.runtime.callsite.CallSiteArray.defaultCall(CallSiteArray.java:42)
      	at org.codehaus.groovy.runtime.callsite.AbstractCallSite.call(AbstractCallSite.java:108)
      	at org.codehaus.groovy.runtime.callsite.AbstractCallSite.call(AbstractCallSite.java:120)
      	at BookChapterSteps$_run_closure4.doCall(BookChapterSteps.groovy:29)
      	at ?.Given the book chapter "Next Generation Software Product Line Engineering" is stored in the system with file name "NGSPL-0.pdf"(BookChapter.feature:13)

    When I create the book chapter "Next Generation Software Product Line Engineering" with file name "NGSPL-0.pdf"                 # BookChapterSteps.groovy:16
    Then the book chapter  "Next Generation Software Product Line Engineering" is not stored twice                                  # BookChapterSteps.groovy:34

--Output from remove book chapter--
  Scenario: remove book chapter                                                                                                     # BookChapter.feature:17
    Given the book chapter "Next Generation Software Product Line Engineering" is stored in the system with file name "NGSPL-0.pdf" # BookChapterSteps.groovy:27
      java.lang.NullPointerException: Cannot set property 'members' on null object
      	at org.codehaus.groovy.runtime.NullObject.setProperty(NullObject.java:66)
      	at org.codehaus.groovy.runtime.InvokerHelper.setProperty(InvokerHelper.java:179)
      	at org.codehaus.groovy.runtime.ScriptBytecodeAdapter.setProperty(ScriptBytecodeAdapter.java:480)
      	at steps.TestDataAndOperations.createBookChapter(TestDataAndOperations.groovy:267)
      	at steps.TestDataAndOperations$createBookChapter.call(Unknown Source)
      	at BookChapterSteps$_run_closure4.doCall(BookChapterSteps.groovy:29)
      	at ?.Given the book chapter "Next Generation Software Product Line Engineering" is stored in the system with file name "NGSPL-0.pdf"(BookChapter.feature:18)

    When I remove the book chapter "Next Generation Software Product Line Engineering"                                              # BookChapterSteps.groovy:40
    Then the book chapter "Next Generation Software Product Line Engineering" is properly removed by the system                     # BookChapterSteps.groovy:45

--Output from register book chapter with invalid data--
  Scenario: register book chapter with invalid data                   # BookChapter.feature:22
ENTROU no signIn
Enabled == trueENTROU NO TRYJefferson Almeida    Given I am at the publication menu                                # BookChapterSteps.groovy:58
    When I select the "Book Chapter" option at the publication menu   # BookChapterSteps.groovy:66
    And I select the Novo BookChapter option at the book chapter page # BookChapterSteps.groovy:70
    And I fill only the title field at book chapter create page       # BookChapterSteps.groovy:92
    Then I still on the book chapter create page                      # BookChapterSteps.groovy:97

--Output from new book chapter web--
  Scenario: new book chapter web                                      # BookChapter.feature:29
ENTROU no signIn
Enabled == trueENTROU NO TRYJefferson Almeida    Given I am at the publication menu                                # BookChapterSteps.groovy:58
    When I select the "Book Chapter" option at the publication menu   # BookChapterSteps.groovy:66
    And I select the Novo BookChapter option at the book chapter page # BookChapterSteps.groovy:70
    Then I can fill the book chapter details                          # BookChapterSteps.groovy:76
]]></system-out>

      <system-err><![CDATA[
--Output from new book chapter--
--Output from duplicate book chapter--
--Output from remove book chapter--
--Output from register book chapter with invalid data--
--Output from new book chapter web--]]></system-err>

  </testsuite>
  <testsuite errors="0" failures="4" hostname="Paola2-PC" id="3" name="Dissertation Tests" package="" tests="6" time="8.54" timestamp="2013-03-16T14:46:04">
      <properties />

      <testcase classname="grails.plugin.cucumber.CucumberTest" name="new dissertation duplicated" time="0.047">
          <failure message="assert article != null&#xa;       |       |&#xa;       null    false" type="grails.plugin.cucumber.FakeAssertionFailedError">Assertion failed: 

assert article != null
       |       |
       null    false

	at DissertacaoSteps$_run_closure10.doCall(DissertacaoSteps.groovy:59)
	at ✽.Given the system has a dissertation entitled &quot;Nova Dissertacao&quot;(Dissertacao.feature:8)
</failure>

      </testcase>

      <testcase classname="grails.plugin.cucumber.CucumberTest" name="new dissertation without school" time="0.059" />

      <testcase classname="grails.plugin.cucumber.CucumberTest" name="new dissertation" time="0.057">
          <failure message="assert dissertation != null&#xa;       |            |&#xa;       null         false" type="grails.plugin.cucumber.FakeAssertionFailedError">Assertion failed: 

assert dissertation != null
       |            |
       null         false

	at DissertacaoSteps$_run_closure12.doCall(DissertacaoSteps.groovy:69)
	at ✽.Then the dissertation &quot;Dissertacao Teste2&quot; is properly stored by the system(Dissertacao.feature:20)
</failure>

      </testcase>

      <testcase classname="grails.plugin.cucumber.CucumberTest" name="new dissertation without file" time="4.568" />

      <testcase classname="grails.plugin.cucumber.CucumberTest" name="edit dissertation" time="1.922">
          <failure message="title ==~ /Ver Dissertação/&#xa;|     |&#xa;|     false&#xa;Dissertação Listagem" type="grails.plugin.cucumber.FakeAssertionFailedError">Assertion failed: 

title ==~ /Ver Dissertação/
|     |
|     false
Dissertação Listagem

	at pages.DissertationShowPage$__clinit__closure2.doCall(DissertationShowPage.groovy:13)
	at geb.Page.verifyAt(Page.groovy:132)
	at geb.Browser.doAt(Browser.groovy:335)
	at geb.Browser.at(Browser.groovy:259)
	at geb.binding.BindingUpdater$InvocationForwarding.doCall(BindingUpdater.groovy:72)
	at DissertacaoSteps$_run_closure5.doCall(DissertacaoSteps.groovy:34)
	at ✽.And I click on edit(Dissertacao.feature:33)
</failure>

      </testcase>

      <testcase classname="grails.plugin.cucumber.CucumberTest" name="delete dissertation" time="1.829">
          <failure message="title ==~ /Ver Dissertação/&#xa;|     |&#xa;|     false&#xa;Dissertação Listagem" type="grails.plugin.cucumber.FakeAssertionFailedError">Assertion failed: 

title ==~ /Ver Dissertação/
|     |
|     false
Dissertação Listagem

	at pages.DissertationShowPage$__clinit__closure2.doCall(DissertationShowPage.groovy:13)
	at geb.Page.verifyAt(Page.groovy:132)
	at geb.Browser.doAt(Browser.groovy:335)
	at geb.Browser.at(Browser.groovy:259)
	at geb.binding.BindingUpdater$InvocationForwarding.doCall(BindingUpdater.groovy:72)
	at DissertacaoSteps$_run_closure6.doCall(DissertacaoSteps.groovy:39)
	at ✽.And I delete it(Dissertacao.feature:41)
</failure>

      </testcase>

      <system-out><![CDATA[@i9n
Feature: Dissertation Tests
  As a member of a research group
  I want to add, remove and modify dissertations I have added

--Output from new dissertation duplicated--
  Scenario: new dissertation duplicated                                                                        # Dissertacao.feature:7
    Given the system has a dissertation entitled "Nova Dissertacao"                                            # DissertacaoSteps.groovy:57
      Assertion failed: 
      
      assert article != null
             |       |
             null    false
      
      	at org.codehaus.groovy.runtime.InvokerHelper.assertFailed(InvokerHelper.java:386)
      	at org.codehaus.groovy.runtime.ScriptBytecodeAdapter.assertFailed(ScriptBytecodeAdapter.java:658)
      	at DissertacaoSteps$_run_closure10.doCall(DissertacaoSteps.groovy:59)
      	at ?.Given the system has a dissertation entitled "Nova Dissertacao"(Dissertacao.feature:8)

    When I create the dissertation "Nova Dissertacao" with file name "teste6Dissertacao.pdf" and school "UFPE" # DissertacaoSteps.groovy:62
    Then the dissertation "Nova Dissertacao" is not stored twice                                               # DissertacaoSteps.groovy:72

--Output from new dissertation without school--
  Scenario: new dissertation without school                                                                   # Dissertacao.feature:12
    Given the system has no dissertation entitled "Dissertacao Teste3"                                        # DissertacaoSteps.groovy:52
    When I create the dissertation "Dissertacao Teste3" with file name "teste3Dissertacao.pdf" without school # DissertacaoSteps.groovy:78
    Then the system has no dissertation entitled "Dissertacao Teste3"                                         # DissertacaoSteps.groovy:52

--Output from new dissertation--
  Scenario: new dissertation                                                                          # Dissertacao.feature:17
    Given the system has no dissertation entitled "Dissertacao Teste2"                                # DissertacaoSteps.groovy:52
    When I create the dissertation "Dissertacao Teste2" with file name "teste2.pdf" and school "UFPE" # DissertacaoSteps.groovy:62
    Then the dissertation "Dissertacao Teste2" is properly stored by the system                       # DissertacaoSteps.groovy:67
      Assertion failed: 
      
      assert dissertation != null
             |            |
             null         false
      
      	at org.codehaus.groovy.runtime.InvokerHelper.assertFailed(InvokerHelper.java:386)
      	at org.codehaus.groovy.runtime.ScriptBytecodeAdapter.assertFailed(ScriptBytecodeAdapter.java:658)
      	at DissertacaoSteps$_run_closure12.doCall(DissertacaoSteps.groovy:69)
      	at ?.Then the dissertation "Dissertacao Teste2" is properly stored by the system(Dissertacao.feature:20)


--Output from new dissertation without file--
  Scenario: new dissertation without file                              # Dissertacao.feature:22
ENTROU no signIn
Enabled == trueENTROU NO TRYJefferson Almeida    Given I am at the publications menu                                # CommonSteps.groovy:6
    When I select the "Dissertacao" option at the program menu         # DissertacaoSteps.groovy:12
    And I select the new dissertation option at the dissertation page  # DissertacaoSteps.groovy:16
    And I cant add the dissertation without a file                     # DissertacaoSteps.groovy:21
    Then the system has no dissertation entitled "Dissertacao Teste 1" # DissertacaoSteps.groovy:52

--Output from edit dissertation--
  Scenario: edit dissertation                                  # Dissertacao.feature:29
ENTROU no signIn
Enabled == trueENTROU NO TRYJefferson Almeida    Given I am at the publications menu                        # CommonSteps.groovy:6
    When I select the "Dissertacao" option at the program menu # DissertacaoSteps.groovy:12
    And I select "Nova Dissertacao" at the dissertation page   # DissertacaoSteps.groovy:28
    And I click on edit                                        # DissertacaoSteps.groovy:33
      Assertion failed: 
      
      title ==~ /Ver Dissertação/
      |     |
      |     false
      Dissertação Listagem
      
      	at org.codehaus.groovy.runtime.InvokerHelper.assertFailed(InvokerHelper.java:386)
      	at org.codehaus.groovy.runtime.ScriptBytecodeAdapter.assertFailed(ScriptBytecodeAdapter.java:658)
      	at pages.DissertationShowPage$__clinit__closure2.doCall(DissertationShowPage.groovy:13)
      	at sun.reflect.NativeMethodAccessorImpl.invoke0(Native Method)
      	at sun.reflect.NativeMethodAccessorImpl.invoke(NativeMethodAccessorImpl.java:57)
      	at sun.reflect.DelegatingMethodAccessorImpl.invoke(DelegatingMethodAccessorImpl.java:43)
      	at java.lang.reflect.Method.invoke(Method.java:601)
      	at org.codehaus.groovy.runtime.callsite.PogoMetaMethodSite$PogoCachedMethodSite.invoke(PogoMetaMethodSite.java:226)
      	at org.codehaus.groovy.runtime.callsite.PogoMetaMethodSite.callCurrent(PogoMetaMethodSite.java:52)
      	at org.codehaus.groovy.runtime.callsite.CallSiteArray.defaultCallCurrent(CallSiteArray.java:46)
      	at org.codehaus.groovy.runtime.callsite.AbstractCallSite.callCurrent(AbstractCallSite.java:133)
      	at org.codehaus.groovy.runtime.callsite.AbstractCallSite.callCurrent(AbstractCallSite.java:141)
      	at pages.DissertationShowPage$__clinit__closure2.doCall(DissertationShowPage.groovy)
      	at sun.reflect.NativeMethodAccessorImpl.invoke0(Native Method)
      	at sun.reflect.NativeMethodAccessorImpl.invoke(NativeMethodAccessorImpl.java:57)
      	at sun.reflect.DelegatingMethodAccessorImpl.invoke(DelegatingMethodAccessorImpl.java:43)
      	at java.lang.reflect.Method.invoke(Method.java:601)
      	at org.codehaus.groovy.reflection.CachedMethod.invoke(CachedMethod.java:90)
      	at groovy.lang.MetaMethod.doMethodInvoke(MetaMethod.java:233)
      	at groovy.lang.MetaClassImpl.invokeMethod(MetaClassImpl.java:1047)
      	at groovy.lang.ExpandoMetaClass.invokeMethod(ExpandoMetaClass.java:1110)
      	at groovy.lang.MetaClassImpl.invokeMethod(MetaClassImpl.java:877)
      	at groovy.lang.Closure.call(Closure.java:412)
      	at groovy.lang.Closure.call(Closure.java:406)
      	at java_util_concurrent_Callable$call.call(Unknown Source)
      	at org.codehaus.groovy.runtime.callsite.CallSiteArray.defaultCall(CallSiteArray.java:42)
      	at java_util_concurrent_Callable$call.call(Unknown Source)
      	at geb.Page.verifyAt(Page.groovy:132)
      	at geb.Page$verifyAt.call(Unknown Source)
      	at org.codehaus.groovy.runtime.callsite.CallSiteArray.defaultCall(CallSiteArray.java:42)
      	at geb.Page$verifyAt.call(Unknown Source)
      	at geb.Browser.doAt(Browser.groovy:335)
      	at geb.Browser.this$2$doAt(Browser.groovy)
      	at geb.Browser$this$2$doAt.callCurrent(Unknown Source)
      	at org.codehaus.groovy.runtime.callsite.CallSiteArray.defaultCallCurrent(CallSiteArray.java:46)
      	at geb.Browser$this$2$doAt.callCurrent(Unknown Source)
      	at geb.Browser.at(Browser.groovy:259)
      	at sun.reflect.GeneratedMethodAccessor733.invoke(Unknown Source)
      	at sun.reflect.DelegatingMethodAccessorImpl.invoke(DelegatingMethodAccessorImpl.java:43)
      	at java.lang.reflect.Method.invoke(Method.java:601)
      	at org.codehaus.groovy.reflection.CachedMethod.invoke(CachedMethod.java:90)
      	at groovy.lang.MetaMethod.doMethodInvoke(MetaMethod.java:233)
      	at groovy.lang.MetaClassImpl.invokeMethod(MetaClassImpl.java:1047)
      	at groovy.lang.ExpandoMetaClass.invokeMethod(ExpandoMetaClass.java:1110)
      	at groovy.lang.MetaClassImpl.invokeMethod(MetaClassImpl.java:877)
      	at org.codehaus.groovy.runtime.InvokerHelper.invokePogoMethod(InvokerHelper.java:793)
      	at org.codehaus.groovy.runtime.InvokerHelper.invokeMethod(InvokerHelper.java:776)
      	at org.codehaus.groovy.runtime.ScriptBytecodeAdapter.invokeMethodN(ScriptBytecodeAdapter.java:164)
      	at geb.binding.BindingUpdater$InvocationForwarding.doCall(BindingUpdater.groovy:72)
      	at sun.reflect.GeneratedMethodAccessor654.invoke(Unknown Source)
      	at sun.reflect.DelegatingMethodAccessorImpl.invoke(DelegatingMethodAccessorImpl.java:43)
      	at java.lang.reflect.Method.invoke(Method.java:601)
      	at org.codehaus.groovy.reflection.CachedMethod.invoke(CachedMethod.java:90)
      	at groovy.lang.MetaMethod.doMethodInvoke(MetaMethod.java:233)
      	at groovy.lang.MetaClassImpl.invokeMethod(MetaClassImpl.java:1047)
      	at groovy.lang.ExpandoMetaClass.invokeMethod(ExpandoMetaClass.java:1110)
      	at groovy.lang.MetaClassImpl.invokeMethod(MetaClassImpl.java:877)
      	at groovy.lang.Closure.call(Closure.java:412)
      	at groovy.lang.Closure.call(Closure.java:425)
      	at sun.reflect.GeneratedMethodAccessor73.invoke(Unknown Source)
      	at sun.reflect.DelegatingMethodAccessorImpl.invoke(DelegatingMethodAccessorImpl.java:43)
      	at java.lang.reflect.Method.invoke(Method.java:601)
      	at org.codehaus.groovy.reflection.CachedMethod.invoke(CachedMethod.java:90)
      	at groovy.lang.MetaMethod.doMethodInvoke(MetaMethod.java:233)
      	at groovy.lang.MetaClassImpl.invokeMethod(MetaClassImpl.java:1047)
      	at groovy.lang.ExpandoMetaClass.invokeMethod(ExpandoMetaClass.java:1110)
      	at groovy.lang.MetaClassImpl.invokeMethod(MetaClassImpl.java:877)
      	at groovy.lang.MetaClassImpl.invokePropertyOrMissing(MetaClassImpl.java:1093)
      	at groovy.lang.MetaClassImpl.invokeMethod(MetaClassImpl.java:1049)
      	at groovy.lang.ExpandoMetaClass.invokeMethod(ExpandoMetaClass.java:1110)
      	at groovy.lang.MetaClassImpl.invokeMethod(MetaClassImpl.java:877)
      	at groovy.lang.MetaClassImpl.invokeMethod(MetaClassImpl.java:697)
      	at groovy.lang.GroovyObjectSupport.invokeMethod(GroovyObjectSupport.java:44)
      	at groovy.lang.Script.invokeMethod(Script.java:78)
      	at groovy.lang.MetaClassImpl.invokeMethodOnGroovyObject(MetaClassImpl.java:1112)
      	at groovy.lang.MetaClassImpl.invokeMethod(MetaClassImpl.java:1006)
      	at groovy.lang.ExpandoMetaClass.invokeMethod(ExpandoMetaClass.java:1110)
      	at groovy.lang.MetaClassImpl.invokeMethod(MetaClassImpl.java:877)
      	at org.codehaus.groovy.runtime.callsite.PogoMetaClassSite.callCurrent(PogoMetaClassSite.java:66)
      	at org.codehaus.groovy.runtime.callsite.CallSiteArray.defaultCallCurrent(CallSiteArray.java:46)
      	at org.codehaus.groovy.runtime.callsite.AbstractCallSite.callCurrent(AbstractCallSite.java:133)
      	at org.codehaus.groovy.runtime.callsite.AbstractCallSite.callCurrent(AbstractCallSite.java:141)
      	at DissertacaoSteps$_run_closure5.doCall(DissertacaoSteps.groovy:34)
      	at ?.And I click on edit(Dissertacao.feature:33)

    And I edit the school to "UFPB"                            # DissertacaoSteps.groovy:47
    Then the school name is "UFPB"                             # DissertacaoSteps.groovy:43

--Output from delete dissertation--
  Scenario: delete dissertation                                       # Dissertacao.feature:37
ENTROU no signIn
Enabled == trueENTROU NO TRYJefferson Almeida    Given I am at the publications menu                               # CommonSteps.groovy:6
    When I select the "Dissertacao" option at the program menu        # DissertacaoSteps.groovy:12
    And I select "Dissertacao Teste4" at the dissertation page        # DissertacaoSteps.groovy:28
    And I delete it                                                   # DissertacaoSteps.groovy:38
      Assertion failed: 
      
      title ==~ /Ver Dissertação/
      |     |
      |     false
      Dissertação Listagem
      
      	at org.codehaus.groovy.runtime.InvokerHelper.assertFailed(InvokerHelper.java:386)
      	at org.codehaus.groovy.runtime.ScriptBytecodeAdapter.assertFailed(ScriptBytecodeAdapter.java:658)
      	at pages.DissertationShowPage$__clinit__closure2.doCall(DissertationShowPage.groovy:13)
      	at sun.reflect.NativeMethodAccessorImpl.invoke0(Native Method)
      	at sun.reflect.NativeMethodAccessorImpl.invoke(NativeMethodAccessorImpl.java:57)
      	at sun.reflect.DelegatingMethodAccessorImpl.invoke(DelegatingMethodAccessorImpl.java:43)
      	at java.lang.reflect.Method.invoke(Method.java:601)
      	at org.codehaus.groovy.runtime.callsite.PogoMetaMethodSite$PogoCachedMethodSite.invoke(PogoMetaMethodSite.java:226)
      	at org.codehaus.groovy.runtime.callsite.PogoMetaMethodSite.callCurrent(PogoMetaMethodSite.java:52)
      	at org.codehaus.groovy.runtime.callsite.AbstractCallSite.callCurrent(AbstractCallSite.java:141)
      	at pages.DissertationShowPage$__clinit__closure2.doCall(DissertationShowPage.groovy)
      	at sun.reflect.NativeMethodAccessorImpl.invoke0(Native Method)
      	at sun.reflect.NativeMethodAccessorImpl.invoke(NativeMethodAccessorImpl.java:57)
      	at sun.reflect.DelegatingMethodAccessorImpl.invoke(DelegatingMethodAccessorImpl.java:43)
      	at java.lang.reflect.Method.invoke(Method.java:601)
      	at org.codehaus.groovy.reflection.CachedMethod.invoke(CachedMethod.java:90)
      	at groovy.lang.MetaMethod.doMethodInvoke(MetaMethod.java:233)
      	at groovy.lang.MetaClassImpl.invokeMethod(MetaClassImpl.java:1047)
      	at groovy.lang.ExpandoMetaClass.invokeMethod(ExpandoMetaClass.java:1110)
      	at groovy.lang.MetaClassImpl.invokeMethod(MetaClassImpl.java:877)
      	at groovy.lang.Closure.call(Closure.java:412)
      	at groovy.lang.Closure.call(Closure.java:406)
      	at java_util_concurrent_Callable$call.call(Unknown Source)
      	at org.codehaus.groovy.runtime.callsite.CallSiteArray.defaultCall(CallSiteArray.java:42)
      	at java_util_concurrent_Callable$call.call(Unknown Source)
      	at geb.Page.verifyAt(Page.groovy:132)
      	at geb.Page$verifyAt.call(Unknown Source)
      	at org.codehaus.groovy.runtime.callsite.CallSiteArray.defaultCall(CallSiteArray.java:42)
      	at geb.Page$verifyAt.call(Unknown Source)
      	at geb.Browser.doAt(Browser.groovy:335)
      	at geb.Browser.this$2$doAt(Browser.groovy)
      	at geb.Browser$this$2$doAt.callCurrent(Unknown Source)
      	at org.codehaus.groovy.runtime.callsite.CallSiteArray.defaultCallCurrent(CallSiteArray.java:46)
      	at geb.Browser$this$2$doAt.callCurrent(Unknown Source)
      	at geb.Browser.at(Browser.groovy:259)
      	at sun.reflect.GeneratedMethodAccessor733.invoke(Unknown Source)
      	at sun.reflect.DelegatingMethodAccessorImpl.invoke(DelegatingMethodAccessorImpl.java:43)
      	at java.lang.reflect.Method.invoke(Method.java:601)
      	at org.codehaus.groovy.reflection.CachedMethod.invoke(CachedMethod.java:90)
      	at groovy.lang.MetaMethod.doMethodInvoke(MetaMethod.java:233)
      	at groovy.lang.MetaClassImpl.invokeMethod(MetaClassImpl.java:1047)
      	at groovy.lang.ExpandoMetaClass.invokeMethod(ExpandoMetaClass.java:1110)
      	at groovy.lang.MetaClassImpl.invokeMethod(MetaClassImpl.java:877)
      	at org.codehaus.groovy.runtime.InvokerHelper.invokePogoMethod(InvokerHelper.java:793)
      	at org.codehaus.groovy.runtime.InvokerHelper.invokeMethod(InvokerHelper.java:776)
      	at org.codehaus.groovy.runtime.ScriptBytecodeAdapter.invokeMethodN(ScriptBytecodeAdapter.java:164)
      	at geb.binding.BindingUpdater$InvocationForwarding.doCall(BindingUpdater.groovy:72)
      	at sun.reflect.GeneratedMethodAccessor654.invoke(Unknown Source)
      	at sun.reflect.DelegatingMethodAccessorImpl.invoke(DelegatingMethodAccessorImpl.java:43)
      	at java.lang.reflect.Method.invoke(Method.java:601)
      	at org.codehaus.groovy.reflection.CachedMethod.invoke(CachedMethod.java:90)
      	at groovy.lang.MetaMethod.doMethodInvoke(MetaMethod.java:233)
      	at groovy.lang.MetaClassImpl.invokeMethod(MetaClassImpl.java:1047)
      	at groovy.lang.ExpandoMetaClass.invokeMethod(ExpandoMetaClass.java:1110)
      	at groovy.lang.MetaClassImpl.invokeMethod(MetaClassImpl.java:877)
      	at groovy.lang.Closure.call(Closure.java:412)
      	at groovy.lang.Closure.call(Closure.java:425)
      	at sun.reflect.GeneratedMethodAccessor73.invoke(Unknown Source)
      	at sun.reflect.DelegatingMethodAccessorImpl.invoke(DelegatingMethodAccessorImpl.java:43)
      	at java.lang.reflect.Method.invoke(Method.java:601)
      	at org.codehaus.groovy.reflection.CachedMethod.invoke(CachedMethod.java:90)
      	at groovy.lang.MetaMethod.doMethodInvoke(MetaMethod.java:233)
      	at groovy.lang.MetaClassImpl.invokeMethod(MetaClassImpl.java:1047)
      	at groovy.lang.ExpandoMetaClass.invokeMethod(ExpandoMetaClass.java:1110)
      	at groovy.lang.MetaClassImpl.invokeMethod(MetaClassImpl.java:877)
      	at groovy.lang.MetaClassImpl.invokePropertyOrMissing(MetaClassImpl.java:1093)
      	at groovy.lang.MetaClassImpl.invokeMethod(MetaClassImpl.java:1049)
      	at groovy.lang.ExpandoMetaClass.invokeMethod(ExpandoMetaClass.java:1110)
      	at groovy.lang.MetaClassImpl.invokeMethod(MetaClassImpl.java:877)
      	at groovy.lang.MetaClassImpl.invokeMethod(MetaClassImpl.java:697)
      	at groovy.lang.GroovyObjectSupport.invokeMethod(GroovyObjectSupport.java:44)
      	at groovy.lang.Script.invokeMethod(Script.java:78)
      	at groovy.lang.MetaClassImpl.invokeMethodOnGroovyObject(MetaClassImpl.java:1112)
      	at groovy.lang.MetaClassImpl.invokeMethod(MetaClassImpl.java:1006)
      	at groovy.lang.ExpandoMetaClass.invokeMethod(ExpandoMetaClass.java:1110)
      	at groovy.lang.MetaClassImpl.invokeMethod(MetaClassImpl.java:877)
      	at org.codehaus.groovy.runtime.callsite.PogoMetaClassSite.callCurrent(PogoMetaClassSite.java:66)
      	at org.codehaus.groovy.runtime.callsite.CallSiteArray.defaultCallCurrent(CallSiteArray.java:46)
      	at org.codehaus.groovy.runtime.callsite.AbstractCallSite.callCurrent(AbstractCallSite.java:133)
      	at org.codehaus.groovy.runtime.callsite.AbstractCallSite.callCurrent(AbstractCallSite.java:141)
      	at DissertacaoSteps$_run_closure6.doCall(DissertacaoSteps.groovy:39)
      	at ?.And I delete it(Dissertacao.feature:41)

    Then the system has no dissertation entitled "Dissertacao Teste4" # DissertacaoSteps.groovy:52
]]></system-out>

      <system-err><![CDATA[
--Output from new dissertation duplicated--
--Output from new dissertation without school--
--Output from new dissertation--
--Output from new dissertation without file--
--Output from edit dissertation--
--Output from delete dissertation--]]></system-err>

  </testsuite>
  <testsuite errors="5" failures="1" hostname="Paola2-PC" id="4" name="Reports" package="" tests="6" time="8.808" timestamp="2013-03-16T14:47:03">
      <properties />

      <testcase classname="grails.plugin.cucumber.CucumberTest" name="export member report to pdf" time="1.075">
          <error message="the number of constructors during runtime and compile time for java.lang.Exception do not match. Expected 4 but got 5" type="java.lang.IncompatibleClassChangeError">java.lang.IncompatibleClassChangeError: the number of constructors during runtime and compile time for java.lang.Exception do not match. Expected 4 but got 5
	at geb.error.GebException.&lt;init&gt;(GebException.groovy:20)
	at geb.error.UndefinedPageContentException.&lt;init&gt;(UndefinedPageContentException.groovy:20)
	at geb.content.NavigableSupport.getContent(NavigableSupport.groovy:45)
	at geb.content.NavigableSupport.methodMissing(NavigableSupport.groovy:123)
	at ReportsSteps$_run_closure2.doCall(ReportsSteps.groovy:24)
	at ✽.When I select the &quot;1&quot; option at the Member list(Reports.feature:7)
</error>

      </testcase>

      <testcase classname="grails.plugin.cucumber.CucumberTest" name="export member report to html" time="1.018">
          <error message="the number of constructors during runtime and compile time for java.lang.Exception do not match. Expected 4 but got 5" type="java.lang.IncompatibleClassChangeError">java.lang.IncompatibleClassChangeError: the number of constructors during runtime and compile time for java.lang.Exception do not match. Expected 4 but got 5
	at geb.error.GebException.&lt;init&gt;(GebException.groovy:20)
	at geb.error.UndefinedPageContentException.&lt;init&gt;(UndefinedPageContentException.groovy:20)
	at geb.content.NavigableSupport.getContent(NavigableSupport.groovy:45)
	at geb.content.NavigableSupport.methodMissing(NavigableSupport.groovy:123)
	at ReportsSteps$_run_closure2.doCall(ReportsSteps.groovy:24)
	at ✽.When I select the &quot;1&quot; option at the Member list(Reports.feature:13)
</error>

      </testcase>

      <testcase classname="grails.plugin.cucumber.CucumberTest" name="export member report to xml" time="0.938">
          <error message="the number of constructors during runtime and compile time for java.lang.Exception do not match. Expected 4 but got 5" type="java.lang.IncompatibleClassChangeError">java.lang.IncompatibleClassChangeError: the number of constructors during runtime and compile time for java.lang.Exception do not match. Expected 4 but got 5
	at geb.error.GebException.&lt;init&gt;(GebException.groovy:20)
	at geb.error.UndefinedPageContentException.&lt;init&gt;(UndefinedPageContentException.groovy:20)
	at geb.content.NavigableSupport.getContent(NavigableSupport.groovy:45)
	at geb.content.NavigableSupport.methodMissing(NavigableSupport.groovy:123)
	at ReportsSteps$_run_closure2.doCall(ReportsSteps.groovy:24)
	at ✽.When I select the &quot;1&quot; option at the Member list(Reports.feature:19)
</error>

      </testcase>

      <testcase classname="grails.plugin.cucumber.CucumberTest" name="export research group report to pdf" time="3.121">
          <failure message="title ==~ /Research Group Listagem/&#xa;|     |&#xa;|     false&#xa;Ver Research Group" type="grails.plugin.cucumber.FakeAssertionFailedError">Assertion failed: 

title ==~ /Research Group Listagem/
|     |
|     false
Ver Research Group

	at pages.ResearchGroupPage$__clinit__closure1.doCall(ResearchGroupPage.groovy:20)
	at geb.Page.verifyAt(Page.groovy:132)
	at geb.Browser.doAt(Browser.groovy:335)
	at geb.Browser.at(Browser.groovy:259)
	at geb.binding.BindingUpdater$InvocationForwarding.doCall(BindingUpdater.groovy:72)
	at ReportsSteps$_run_closure11.doCall(ReportsSteps.groovy:94)
	at ✽.And I can select the option Export to PDF at the Research Group show(Reports.feature:26)
</failure>

      </testcase>

      <testcase classname="grails.plugin.cucumber.CucumberTest" name="export research group report to html" time="1.345">
          <error type="java.lang.NullPointerException">java.lang.NullPointerException
	at java.io.FileInputStream.&lt;init&gt;(FileInputStream.java:134)
	at pages.ResearchGroupPage.compareHTML(ResearchGroupPage.groovy:66)
	at ReportsSteps$_run_closure14.doCall(ReportsSteps.groovy:121)
	at ✽.Then I can generate a HTML report about Research Group &quot;testehugo12&quot;(Reports.feature:33)
</error>

      </testcase>

      <testcase classname="grails.plugin.cucumber.CucumberTest" name="export research group report to xml" time="1.267">
          <error message="File cannot be null" type="java.lang.IllegalArgumentException">java.lang.IllegalArgumentException: File cannot be null
	at javax.xml.parsers.DocumentBuilder.parse(DocumentBuilder.java:198)
	at pages.ResearchGroupPage.compareXML(ResearchGroupPage.groovy:78)
	at ReportsSteps$_run_closure16.doCall(ReportsSteps.groovy:143)
	at ✽.Then I can generate a XML report about Research Group &quot;testehugo123&quot;(Reports.feature:39)
</error>

      </testcase>

      <system-out><![CDATA[@i10n
Feature: Reports
  I want to generate PDF, HTML or XML report files of Members and Research Groups

--Output from export member report to pdf--
  Scenario: export member report to pdf                          # Reports.feature:5
ENTROU no signIn
Enabled == trueENTROU NO TRYJefferson Almeida    Given I am at the Member list page                           # ReportsSteps.groovy:14
    When I select the "1" option at the Member list              # ReportsSteps.groovy:23
      java.lang.IncompatibleClassChangeError: the number of constructors during runtime and compile time for java.lang.Exception do not match. Expected 4 but got 5
      	at groovy.lang.MetaClassImpl.selectConstructorAndTransformArguments(MetaClassImpl.java:1381)
      	at org.codehaus.groovy.runtime.ScriptBytecodeAdapter.selectConstructorAndTransformArguments(ScriptBytecodeAdapter.java:234)
      	at geb.error.GebException.<init>(GebException.groovy:20)
      	at geb.error.GebException.<init>(GebException.groovy)
      	at geb.error.UndefinedPageContentException.<init>(UndefinedPageContentException.groovy:20)
      	at sun.reflect.NativeConstructorAccessorImpl.newInstance0(Native Method)
      	at sun.reflect.NativeConstructorAccessorImpl.newInstance(NativeConstructorAccessorImpl.java:57)
      	at sun.reflect.DelegatingConstructorAccessorImpl.newInstance(DelegatingConstructorAccessorImpl.java:45)
      	at java.lang.reflect.Constructor.newInstance(Constructor.java:525)
      	at org.codehaus.groovy.reflection.CachedConstructor.invoke(CachedConstructor.java:77)
      	at org.codehaus.groovy.runtime.callsite.ConstructorSite$ConstructorSiteNoUnwrapNoCoerce.callConstructor(ConstructorSite.java:102)
      	at org.codehaus.groovy.runtime.callsite.AbstractCallSite.callConstructor(AbstractCallSite.java:194)
      	at geb.content.NavigableSupport.getContent(NavigableSupport.groovy:45)
      	at geb.content.NavigableSupport.this$2$getContent(NavigableSupport.groovy)
      	at sun.reflect.GeneratedMethodAccessor744.invoke(Unknown Source)
      	at sun.reflect.DelegatingMethodAccessorImpl.invoke(DelegatingMethodAccessorImpl.java:43)
      	at java.lang.reflect.Method.invoke(Method.java:601)
      	at org.codehaus.groovy.runtime.callsite.PogoMetaMethodSite$PogoCachedMethodSite.invoke(PogoMetaMethodSite.java:226)
      	at org.codehaus.groovy.runtime.callsite.PogoMetaMethodSite.callCurrent(PogoMetaMethodSite.java:52)
      	at org.codehaus.groovy.runtime.callsite.CallSiteArray.defaultCallCurrent(CallSiteArray.java:46)
      	at org.codehaus.groovy.runtime.callsite.PogoMetaMethodSite.callCurrent(PogoMetaMethodSite.java:57)
      	at geb.content.NavigableSupport.methodMissing(NavigableSupport.groovy:123)
      	at geb.content.NavigableSupport$methodMissing.call(Unknown Source)
      	at geb.Page.methodMissing(Page.groovy)
      	at sun.reflect.NativeMethodAccessorImpl.invoke0(Native Method)
      	at sun.reflect.NativeMethodAccessorImpl.invoke(NativeMethodAccessorImpl.java:57)
      	at sun.reflect.DelegatingMethodAccessorImpl.invoke(DelegatingMethodAccessorImpl.java:43)
      	at java.lang.reflect.Method.invoke(Method.java:601)
      	at org.codehaus.groovy.reflection.CachedMethod.invoke(CachedMethod.java:90)
      	at groovy.lang.MetaClassImpl.invokeMissingMethod(MetaClassImpl.java:804)
      	at groovy.lang.MetaClassImpl.invokePropertyOrMissing(MetaClassImpl.java:1096)
      	at groovy.lang.MetaClassImpl.invokeMethod(MetaClassImpl.java:1049)
      	at groovy.lang.ExpandoMetaClass.invokeMethod(ExpandoMetaClass.java:1110)
      	at groovy.lang.MetaClassImpl.invokeMethod(MetaClassImpl.java:877)
      	at org.codehaus.groovy.runtime.callsite.PogoMetaClassSite.call(PogoMetaClassSite.java:39)
      	at org.codehaus.groovy.runtime.callsite.CallSiteArray.defaultCall(CallSiteArray.java:42)
      	at org.codehaus.groovy.runtime.callsite.AbstractCallSite.call(AbstractCallSite.java:108)
      	at org.codehaus.groovy.runtime.callsite.AbstractCallSite.call(AbstractCallSite.java:116)
      	at ReportsSteps$_run_closure2.doCall(ReportsSteps.groovy:24)
      	at ?.When I select the "1" option at the Member list(Reports.feature:7)

    And I can select the option Export to PDF at the Member show # ReportsSteps.groovy:27
    Then I can generate a PDF report about Member "1"            # ReportsSteps.groovy:32

--Output from export member report to html--
  Scenario: export member report to html                          # Reports.feature:11
ENTROU no signIn
Enabled == trueENTROU NO TRYJefferson Almeida    Given I am at the Member list page                            # ReportsSteps.groovy:14
    When I select the "1" option at the Member list               # ReportsSteps.groovy:23
      java.lang.IncompatibleClassChangeError: the number of constructors during runtime and compile time for java.lang.Exception do not match. Expected 4 but got 5
      	at groovy.lang.MetaClassImpl.selectConstructorAndTransformArguments(MetaClassImpl.java:1381)
      	at org.codehaus.groovy.runtime.ScriptBytecodeAdapter.selectConstructorAndTransformArguments(ScriptBytecodeAdapter.java:234)
      	at geb.error.GebException.<init>(GebException.groovy:20)
      	at geb.error.GebException.<init>(GebException.groovy)
[...]
      	at java_util_concurrent_Callable$call.call(Unknown Source)
      	at org.codehaus.groovy.runtime.callsite.CallSiteArray.defaultCall(CallSiteArray.java:42)
      	at java_util_concurrent_Callable$call.call(Unknown Source)
      	at geb.Page.verifyAt(Page.groovy:132)
      	at geb.Page$verifyAt.call(Unknown Source)
      	at org.codehaus.groovy.runtime.callsite.CallSiteArray.defaultCall(CallSiteArray.java:42)
      	at geb.Page$verifyAt.call(Unknown Source)
      	at geb.Browser.doAt(Browser.groovy:335)
      	at geb.Browser.this$2$doAt(Browser.groovy)
      	at geb.Browser$this$2$doAt.callCurrent(Unknown Source)
      	at org.codehaus.groovy.runtime.callsite.CallSiteArray.defaultCallCurrent(CallSiteArray.java:46)
      	at geb.Browser$this$2$doAt.callCurrent(Unknown Source)
      	at geb.Browser.at(Browser.groovy:259)
      	at sun.reflect.GeneratedMethodAccessor733.invoke(Unknown Source)
      	at sun.reflect.DelegatingMethodAccessorImpl.invoke(DelegatingMethodAccessorImpl.java:43)
      	at java.lang.reflect.Method.invoke(Method.java:601)
      	at org.codehaus.groovy.reflection.CachedMethod.invoke(CachedMethod.java:90)
      	at groovy.lang.MetaMethod.doMethodInvoke(MetaMethod.java:233)
      	at groovy.lang.MetaClassImpl.invokeMethod(MetaClassImpl.java:1047)
      	at groovy.lang.ExpandoMetaClass.invokeMethod(ExpandoMetaClass.java:1110)
      	at groovy.lang.MetaClassImpl.invokeMethod(MetaClassImpl.java:877)
      	at org.codehaus.groovy.runtime.InvokerHelper.invokePogoMethod(InvokerHelper.java:793)
      	at org.codehaus.groovy.runtime.InvokerHelper.invokeMethod(InvokerHelper.java:776)
      	at org.codehaus.groovy.runtime.ScriptBytecodeAdapter.invokeMethodN(ScriptBytecodeAdapter.java:164)
      	at geb.binding.BindingUpdater$InvocationForwarding.doCall(BindingUpdater.groovy:72)
      	at sun.reflect.GeneratedMethodAccessor654.invoke(Unknown Source)
      	at sun.reflect.DelegatingMethodAccessorImpl.invoke(DelegatingMethodAccessorImpl.java:43)
      	at java.lang.reflect.Method.invoke(Method.java:601)
      	at org.codehaus.groovy.reflection.CachedMethod.invoke(CachedMethod.java:90)
      	at groovy.lang.MetaMethod.doMethodInvoke(MetaMethod.java:233)
      	at groovy.lang.MetaClassImpl.invokeMethod(MetaClassImpl.java:1047)
      	at groovy.lang.ExpandoMetaClass.invokeMethod(ExpandoMetaClass.java:1110)
      	at groovy.lang.MetaClassImpl.invokeMethod(MetaClassImpl.java:877)
      	at groovy.lang.Closure.call(Closure.java:412)
      	at groovy.lang.Closure.call(Closure.java:425)
      	at sun.reflect.GeneratedMethodAccessor73.invoke(Unknown Source)
      	at sun.reflect.DelegatingMethodAccessorImpl.invoke(DelegatingMethodAccessorImpl.java:43)
      	at java.lang.reflect.Method.invoke(Method.java:601)
      	at org.codehaus.groovy.reflection.CachedMethod.invoke(CachedMethod.java:90)
      	at groovy.lang.MetaMethod.doMethodInvoke(MetaMethod.java:233)
      	at groovy.lang.MetaClassImpl.invokeMethod(MetaClassImpl.java:1047)
      	at groovy.lang.ExpandoMetaClass.invokeMethod(ExpandoMetaClass.java:1110)
      	at groovy.lang.MetaClassImpl.invokeMethod(MetaClassImpl.java:877)
      	at groovy.lang.MetaClassImpl.invokePropertyOrMissing(MetaClassImpl.java:1093)
      	at groovy.lang.MetaClassImpl.invokeMethod(MetaClassImpl.java:1049)
      	at groovy.lang.ExpandoMetaClass.invokeMethod(ExpandoMetaClass.java:1110)
      	at groovy.lang.MetaClassImpl.invokeMethod(MetaClassImpl.java:877)
      	at groovy.lang.MetaClassImpl.invokeMethod(MetaClassImpl.java:697)
      	at groovy.lang.GroovyObjectSupport.invokeMethod(GroovyObjectSupport.java:44)
      	at groovy.lang.Script.invokeMethod(Script.java:78)
      	at groovy.lang.MetaClassImpl.invokeMethodOnGroovyObject(MetaClassImpl.java:1112)
      	at groovy.lang.MetaClassImpl.invokeMethod(MetaClassImpl.java:1006)
      	at groovy.lang.ExpandoMetaClass.invokeMethod(ExpandoMetaClass.java:1110)
      	at groovy.lang.MetaClassImpl.invokeMethod(MetaClassImpl.java:877)
      	at org.codehaus.groovy.runtime.callsite.PogoMetaClassSite.callCurrent(PogoMetaClassSite.java:66)
      	at org.codehaus.groovy.runtime.callsite.AbstractCallSite.callCurrent(AbstractCallSite.java:141)
      	at ResearchLineSteps$_run_closure14.doCall(ResearchLineSteps.groovy:86)
      	at ?.Given the system has a research line named as "Teoria da informacao - Complexidade no espaco"(ResearchLine.feature:35)

    And I am at the visualize page of the research line "Teoria da informacao - Complexidade no espaco" # ResearchLineSteps.groovy:92
    When I click the edit button                                                                        # ResearchLineSteps.groovy:104
    Then I can change the research line "Teoria da informacao - Complexidade no espaco" details         # ResearchLineSteps.groovy:109
]]></system-out>

      <system-err><![CDATA[
--Output from Delete research line--
--Output from Update research line--
--Output from Create invalid research line--
--Output from new research line web--2013-03-16 11:47:29,575 [http-bio-8080-exec-9] ERROR errors.GrailsExceptionResolver  - NullPointerException occurred when processing request: [GET] /rgms/researchLine/create
Cannot get property 'Publication' on null object. Stacktrace follows:
Message: Error processing GroovyPageView: Error executing tag <g:form>: Error executing tag <g:render>: Error evaluating expression [rgms.Publication.list()] on line [27]: Cannot get property 'Publication' on null object
    Line | Method
->>  463 | doFilter         in \grails-app\views\researchLine\create.gsp
- - - - - - - - - - - - - - - - - - - - - - - - - - - - - - - - - - - - 

Caused by GrailsTagException: Error executing tag <g:form>: Error executing tag <g:render>: Error evaluating expression [rgms.Publication.list()] on line [27]: Cannot get property 'Publication' on null object
->>   36 | doCall           in C:/Users/Paola2/Documents/Universidade/doutorado/Monitoria/if722/workrgms/rgms/grails-app/views/researchLine/create.gsp
- - - - - - - - - - - - - - - - - - - - - - - - - - - - - - - - - - - - 

Caused by GrailsTagException: Error executing tag <g:render>: Error evaluating expression [rgms.Publication.list()] on line [27]: Cannot get property 'Publication' on null object
->>   31 | doCall           in C:/Users/Paola2/Documents/Universidade/doutorado/Monitoria/if722/workrgms/rgms/grails-app/views/researchLine/create.gsp
- - - - - - - - - - - - - - - - - - - - - - - - - - - - - - - - - - - - 

Caused by GroovyPagesException: Error evaluating expression [rgms.Publication.list()] on line [27]: Cannot get property 'Publication' on null object
->>   27 | run              in C:/Users/Paola2/Documents/Universidade/doutorado/Monitoria/if722/workrgms/rgms/grails-app/views/researchLine/_form.gsp
- - - - - - - - - - - - - - - - - - - - - - - - - - - - - - - - - - - - 

Caused by NullPointerException: Cannot get property 'Publication' on null object
->>   27 | doCall           in C__Users_Paola2_Documents_Universidade_doutorado_Monitoria_if722_workrgms_rgms_grails_app_views_researchLine__form_gsp$_run_closure20
- - - - - - - - - - - - - - - - - - - - - - - - - - - - - - - - - - - - 
|     31 | doCall           in C__Users_Paola2_Documents_Universidade_doutorado_Monitoria_if722_workrgms_rgms_grails_app_views_researchLine_create_gsp$_run_closure2_closure24
|     36 | doCall . . . . . in C__Users_Paola2_Documents_Universidade_doutorado_Monitoria_if722_workrgms_rgms_grails_app_views_researchLine_create_gsp$_run_closure2
|     38 | run              in C__Users_Paola2_Documents_Universidade_doutorado_Monitoria_if722_workrgms_rgms_grails_app_views_researchLine_create_gsp
|     55 | doFilter . . . . in org.apache.shiro.grails.SavedRequestFilter
|    449 | executeChain     in org.apache.shiro.web.servlet.AbstractShiroFilter
|    365 | call . . . . . . in org.apache.shiro.web.servlet.AbstractShiroFilter$1
|     90 | doCall           in org.apache.shiro.subject.support.SubjectCallable
|     83 | call . . . . . . in     ''
|    380 | execute          in org.apache.shiro.subject.support.DelegatingSubject
|    362 | doFilterInternal in org.apache.shiro.web.servlet.AbstractShiroFilter
|    125 | doFilter         in org.apache.shiro.web.servlet.OncePerRequestFilter
|   1110 | runWorker . . .  in java.util.concurrent.ThreadPoolExecutor
|    603 | run              in java.util.concurrent.ThreadPoolExecutor$Worker
^    722 | run . . . . . .  in java.lang.Thread


--Output from visualize research line web--2013-03-16 11:47:32,293 [http-bio-8080-exec-4] ERROR errors.GrailsExceptionResolver  - NullPointerException occurred when processing request: [GET] /rgms/researchLine/create
Cannot get property 'Publication' on null object. Stacktrace follows:
Message: Error processing GroovyPageView: Error executing tag <g:form>: Error executing tag <g:render>: Error evaluating expression [rgms.Publication.list()] on line [27]: Cannot get property 'Publication' on null object
    Line | Method
->>  463 | doFilter         in \grails-app\views\researchLine\create.gsp
- - - - - - - - - - - - - - - - - - - - - - - - - - - - - - - - - - - - 

Caused by GrailsTagException: Error executing tag <g:form>: Error executing tag <g:render>: Error evaluating expression [rgms.Publication.list()] on line [27]: Cannot get property 'Publication' on null object
->>   36 | doCall           in C:/Users/Paola2/Documents/Universidade/doutorado/Monitoria/if722/workrgms/rgms/grails-app/views/researchLine/create.gsp
- - - - - - - - - - - - - - - - - - - - - - - - - - - - - - - - - - - - 

Caused by GrailsTagException: Error executing tag <g:render>: Error evaluating expression [rgms.Publication.list()] on line [27]: Cannot get property 'Publication' on null object
->>   31 | doCall           in C:/Users/Paola2/Documents/Universidade/doutorado/Monitoria/if722/workrgms/rgms/grails-app/views/researchLine/create.gsp
- - - - - - - - - - - - - - - - - - - - - - - - - - - - - - - - - - - - 

Caused by GroovyPagesException: Error evaluating expression [rgms.Publication.list()] on line [27]: Cannot get property 'Publication' on null object
->>   27 | run              in C:/Users/Paola2/Documents/Universidade/doutorado/Monitoria/if722/workrgms/rgms/grails-app/views/researchLine/_form.gsp
- - - - - - - - - - - - - - - - - - - - - - - - - - - - - - - - - - - - 

Caused by NullPointerException: Cannot get property 'Publication' on null object
->>   27 | doCall           in C__Users_Paola2_Documents_Universidade_doutorado_Monitoria_if722_workrgms_rgms_grails_app_views_researchLine__form_gsp$_run_closure20
- - - - - - - - - - - - - - - - - - - - - - - - - - - - - - - - - - - - 
|     31 | doCall           in C__Users_Paola2_Documents_Universidade_doutorado_Monitoria_if722_workrgms_rgms_grails_app_views_researchLine_create_gsp$_run_closure2_closure24
|     36 | doCall . . . . . in C__Users_Paola2_Documents_Universidade_doutorado_Monitoria_if722_workrgms_rgms_grails_app_views_researchLine_create_gsp$_run_closure2
|     38 | run              in C__Users_Paola2_Documents_Universidade_doutorado_Monitoria_if722_workrgms_rgms_grails_app_views_researchLine_create_gsp
|     55 | doFilter . . . . in org.apache.shiro.grails.SavedRequestFilter
|    449 | executeChain     in org.apache.shiro.web.servlet.AbstractShiroFilter
|    365 | call . . . . . . in org.apache.shiro.web.servlet.AbstractShiroFilter$1
|     90 | doCall           in org.apache.shiro.subject.support.SubjectCallable
|     83 | call . . . . . . in     ''
|    380 | execute          in org.apache.shiro.subject.support.DelegatingSubject
|    362 | doFilterInternal in org.apache.shiro.web.servlet.AbstractShiroFilter
|    125 | doFilter         in org.apache.shiro.web.servlet.OncePerRequestFilter
|   1110 | runWorker . . .  in java.util.concurrent.ThreadPoolExecutor
|    603 | run              in java.util.concurrent.ThreadPoolExecutor$Worker
^    722 | run . . . . . .  in java.lang.Thread


--Output from edit research line web--2013-03-16 11:47:34,355 [http-bio-8080-exec-7] ERROR errors.GrailsExceptionResolver  - NullPointerException occurred when processing request: [GET] /rgms/researchLine/create
Cannot get property 'Publication' on null object. Stacktrace follows:
Message: Error processing GroovyPageView: Error executing tag <g:form>: Error executing tag <g:render>: Error evaluating expression [rgms.Publication.list()] on line [27]: Cannot get property 'Publication' on null object
    Line | Method
->>  463 | doFilter         in \grails-app\views\researchLine\create.gsp
- - - - - - - - - - - - - - - - - - - - - - - - - - - - - - - - - - - - 

Caused by GrailsTagException: Error executing tag <g:form>: Error executing tag <g:render>: Error evaluating expression [rgms.Publication.list()] on line [27]: Cannot get property 'Publication' on null object
->>   36 | doCall           in C:/Users/Paola2/Documents/Universidade/doutorado/Monitoria/if722/workrgms/rgms/grails-app/views/researchLine/create.gsp
- - - - - - - - - - - - - - - - - - - - - - - - - - - - - - - - - - - - 

Caused by GrailsTagException: Error executing tag <g:render>: Error evaluating expression [rgms.Publication.list()] on line [27]: Cannot get property 'Publication' on null object
->>   31 | doCall           in C:/Users/Paola2/Documents/Universidade/doutorado/Monitoria/if722/workrgms/rgms/grails-app/views/researchLine/create.gsp
- - - - - - - - - - - - - - - - - - - - - - - - - - - - - - - - - - - - 

Caused by GroovyPagesException: Error evaluating expression [rgms.Publication.list()] on line [27]: Cannot get property 'Publication' on null object
->>   27 | run              in C:/Users/Paola2/Documents/Universidade/doutorado/Monitoria/if722/workrgms/rgms/grails-app/views/researchLine/_form.gsp
- - - - - - - - - - - - - - - - - - - - - - - - - - - - - - - - - - - - 

Caused by NullPointerException: Cannot get property 'Publication' on null object
->>   27 | doCall           in C__Users_Paola2_Documents_Universidade_doutorado_Monitoria_if722_workrgms_rgms_grails_app_views_researchLine__form_gsp$_run_closure20
- - - - - - - - - - - - - - - - - - - - - - - - - - - - - - - - - - - - 
|     31 | doCall           in C__Users_Paola2_Documents_Universidade_doutorado_Monitoria_if722_workrgms_rgms_grails_app_views_researchLine_create_gsp$_run_closure2_closure24
|     36 | doCall . . . . . in C__Users_Paola2_Documents_Universidade_doutorado_Monitoria_if722_workrgms_rgms_grails_app_views_researchLine_create_gsp$_run_closure2
|     38 | run              in C__Users_Paola2_Documents_Universidade_doutorado_Monitoria_if722_workrgms_rgms_grails_app_views_researchLine_create_gsp
|     55 | doFilter . . . . in org.apache.shiro.grails.SavedRequestFilter
|    449 | executeChain     in org.apache.shiro.web.servlet.AbstractShiroFilter
|    365 | call . . . . . . in org.apache.shiro.web.servlet.AbstractShiroFilter$1
|     90 | doCall           in org.apache.shiro.subject.support.SubjectCallable
|     83 | call . . . . . . in     ''
|    380 | execute          in org.apache.shiro.subject.support.DelegatingSubject
|    362 | doFilterInternal in org.apache.shiro.web.servlet.AbstractShiroFilter
|    125 | doFilter         in org.apache.shiro.web.servlet.OncePerRequestFilter
|   1110 | runWorker . . .  in java.util.concurrent.ThreadPoolExecutor
|    603 | run              in java.util.concurrent.ThreadPoolExecutor$Worker
^    722 | run . . . . . .  in java.lang.Thread

]]></system-err>

  </testsuite>
  <testsuite errors="0" failures="0" hostname="Paola2-PC" id="11" name="technical report" package="" tests="4" time="8.36" timestamp="2013-03-16T14:47:34">
      <properties />

      <testcase classname="grails.plugin.cucumber.CucumberTest" name="edit existing technical report with bad parameters web" time="5.609" />

      <testcase classname="grails.plugin.cucumber.CucumberTest" name="remove existing technical report web" time="2.635" />

      <testcase classname="grails.plugin.cucumber.CucumberTest" name="new invalid technical report" time="0.064" />

      <testcase classname="grails.plugin.cucumber.CucumberTest" name="edit existing technical report wrong value" time="0.001" />

      <system-out><![CDATA[@i9n
Feature: technical report
  As a member of a research group
  I want to add, remove and modify technical report I have published
  so that I can generate web pages and reports containing these technical reports

--Output from edit existing technical report with bad parameters web--
  Scenario: edit existing technical report with bad parameters web                                                                             # TechnicalReport.feature:7
ENTROU no signIn
Enabled == trueENTROU NO TRYJefferson Almeida    Given I am at the publications menu and the report "Evaluating Natural Languages System" is stored in the system with file name "EVLS.pdf" # TechnicalReportSteps.groovy:16
    And I select the "Technical Report" option at the publications menu                                                                        # CommonSteps.groovy:13
    When I select to view "Evaluating Natural Languages System" in resulting technical report list                                             # TechnicalReportSteps.groovy:22
    And I change the report title to ""                                                                                                        # TechnicalReportSteps.groovy:27
    Then I select the "Alterar" option and a error message is shown                                                                            # TechnicalReportSteps.groovy:32

--Output from remove existing technical report web--
  Scenario: remove existing technical report web                                                                                               # TechnicalReport.feature:14
ENTROU no signIn
Enabled == trueENTROU NO TRYJefferson Almeida    Given I am at the publications menu and the report "Evaluating Natural Languages System" is stored in the system with file name "EVLS.pdf" # TechnicalReportSteps.groovy:16
    And I select the "Technical Report" option at the publications menu                                                                        # CommonSteps.groovy:13
    When I select to view "Evaluating Natural Languages System" in resulting technical report list                                             # TechnicalReportSteps.groovy:22
    And I select the edit button                                                                                                               # TechnicalReportSteps.groovy:41
    Then I can select the "Remover" option in edition after change the title to "Tech"                                                         # TechnicalReportSteps.groovy:45

--Output from new invalid technical report--
  Scenario: new invalid technical report                                                  # TechnicalReport.feature:21
    Given The system has no technical report entitled "NFL Languages System"              # TechnicalReportSteps.groovy:53
    When I create the technical report "NFL Languages System" with file name ""           # TechnicalReportSteps.groovy:57
    Then The technical report "NFL Languages System" is not properly stored by the system # TechnicalReportSteps.groovy:60

--Output from edit existing technical report wrong value--
  Scenario: edit existing technical report wrong value # TechnicalReport.feature:26
    Given	The system has an technical report entitled "NFL Languages System" with file name "NFL.pdf"
    When	I edit the technical report title from "NFL Languages System" to ""
    Then	The technical report "NFL Languages System" is not updated by the system

]]></system-out>

      <system-err><![CDATA[
--Output from edit existing technical report with bad parameters web--
--Output from remove existing technical report web--
--Output from new invalid technical report--
--Output from edit existing technical report wrong value--]]></system-err>

  </testsuite>
</testsuites>
