<!DOCTYPE html><html xmlns:lxslt="http://xml.apache.org/xslt" xmlns:stringutils="xalan://org.apache.tools.ant.util.StringUtils">
<head>
<META http-equiv="Content-Type" content="text/html; charset=utf-8">
<title>
                    Test - membership</title>
<link rel="shortcut icon" href="http://grails.org/images/favicon.ico" type="image/x-icon">
<link rel="stylesheet" type="text/css" title="Style" href="stylesheet.css">
</head>
<body>
<div class="container container_8" id="report">
<div class="grid_6">
<a title="Home" href="index.html">
<div class="grailslogo"></div>
</a>
<h1>membership</h1>
<h2>Package: </h2>
</div>
<div class="grid_2">
<nav id="navigationlinks">
<p>
<a href="failed.html">
                    Tests with failure and errors
                </a>
</p>
<p>
<a href="index.html">
                    Package summary
                </a>
</p>
<p>
<a href="all.html">
                    Show all tests
                </a>
</p>
</nav>
</div>
<div class="clear"></div>
<div class="testsuite error">
<div class="header">
<h2>membership</h2>
<h3>
                        Executed
                        6
                        tests
                    
                        with
                        one error

                        and
                        3 failures
                        .
                    </h3>
</div>
<div class="testcase clearfix failure grid_8 alpha omega" data-name="new membership">
<div class="grid_3 alpha">
<p>
<span class="icon failure"></span><b class="testname message failure">new membership</b>
</p>
<p class="summary">Executed in 3.636 seconds.</p>
</div>
<div class="grid_5 omega outputinfo">
<div class="details">
<p>
<b class="message">title ==~ /Criar Membership/
|     |
|     false
Criar Member</b>
</p>
<pre>Assertion failed: 

title ==~ /Criar Membership/
|     |
|     false
Criar Member

	at pages.MembershipCreatePage$__clinit__closure1.doCall(MembershipCreatePage.groovy:9)
	at geb.Page.verifyAt(Page.groovy:132)
	at geb.Browser.doAt(Browser.groovy:335)
	at geb.Browser.at(Browser.groovy:259)
	at geb.binding.BindingUpdater$InvocationForwarding.doCall(BindingUpdater.groovy:72)
	at MembershipSteps$_run_closure4.doCall(MembershipSteps.groovy:36)
	at ✽.Then the membership with member "usernametest", research group "taes" between "01-03-2012" and "01-06-2012" is created(Membership.feature:11)
</pre>
</div>
</div>
<div class="clear"></div>
</div>
<div class="testcase clearfix error grid_8 alpha omega" data-name="delete membership">
<div class="grid_3 alpha">
<p>
<span class="icon error"></span><b class="testname message error">delete membership</b>
</p>
<p class="summary">Executed in 3.599 seconds.</p>
</div>
<div class="grid_5 omega outputinfo">
<div class="details">
<p>
<b class="message">No such property: groupname for class: MembershipSteps</b>
</p>
<pre>groovy.lang.MissingPropertyException: No such property: groupname for class: MembershipSteps
	at MembershipSteps$_run_closure5.doCall(MembershipSteps.groovy:46)
	at ✽.Given the system has membership with member "usernametest", research group "taes" between "01-03-2012" and "01-06-2012"(Membership.feature:14)
</pre>
</div>
<div class="details">
<p>
<b class="message">Undefined Step: Then the membership with member "usernametest", research group "taes" between "01-03-2012" and "01-06-2012" is deleted</b>
</p>
<pre>cucumber.runtime.UndefinedStepException: Undefined Step: Then the membership with member "usernametest", research group "taes" between "01-03-2012" and "01-06-2012" is deleted
	at grails.plugin.cucumber.CucumberFormatter.resultUndefined(CucumberFormatter.groovy:242)
	at grails.plugin.cucumber.CucumberFormatter.result(CucumberFormatter.groovy:207)
	at cucumber.runtime.Runtime.runStep(Runtime.java:250)
	at cucumber.runtime.model.StepContainer.runStep(StepContainer.java:44)
	at cucumber.runtime.model.StepContainer.runSteps(StepContainer.java:39)
	at cucumber.runtime.model.CucumberScenario.run(CucumberScenario.java:36)
	at cucumber.runtime.model.CucumberFeature.run(CucumberFeature.java:112)
	at grails.plugin.cucumber.Cucumber$_run_closure2.doCall(Cucumber.groovy:58)
	at grails.plugin.cucumber.Cucumber.run(Cucumber.groovy:57)
	at grails.plugin.cucumber.CucumberTestType.runFeatures(CucumberTestType.groovy:102)
	at grails.plugin.cucumber.CucumberTestType.doRun(CucumberTestType.groovy:57)
</pre>
</div>
</div>
<div class="clear"></div>
</div>
<div class="testcase clearfix success grid_8 alpha omega" data-name="modify membership">
<div class="grid_3 alpha">
<p>
<span class="icon success"></span><b class="testname message success">modify membership</b>
</p>
<p class="summary">Executed in 0.037 seconds.</p>
</div>
<div class="grid_5 omega outputinfo"></div>
<div class="clear"></div>
</div>
<div class="testcase clearfix failure grid_8 alpha omega" data-name="access membership creation page from membership main page">
<div class="grid_3 alpha">
<p>
<span class="icon failure"></span><b class="testname message failure">access membership creation page from membership main page</b>
</p>
<p class="summary">Executed in 0.059 seconds.</p>
</div>
<div class="grid_5 omega outputinfo">
<div class="details">
<p>
<b class="message">Undefined Step: Given I am at the membership page</b>
</p>
<pre>cucumber.runtime.UndefinedStepException: Undefined Step: Given I am at the membership page
	at grails.plugin.cucumber.CucumberFormatter.resultUndefined(CucumberFormatter.groovy:242)
	at grails.plugin.cucumber.CucumberFormatter.result(CucumberFormatter.groovy:207)
	at cucumber.runtime.Runtime.runStep(Runtime.java:250)
	at cucumber.runtime.model.StepContainer.runStep(StepContainer.java:44)
	at cucumber.runtime.model.StepContainer.runSteps(StepContainer.java:39)
	at cucumber.runtime.model.CucumberScenario.run(CucumberScenario.java:36)
	at cucumber.runtime.model.CucumberFeature.run(CucumberFeature.java:112)
	at grails.plugin.cucumber.Cucumber$_run_closure2.doCall(Cucumber.groovy:58)
	at grails.plugin.cucumber.Cucumber.run(Cucumber.groovy:57)
	at grails.plugin.cucumber.CucumberTestType.runFeatures(CucumberTestType.groovy:102)
	at grails.plugin.cucumber.CucumberTestType.doRun(CucumberTestType.groovy:57)
</pre>
</div>
<div class="details">
<p>
<b class="message">Undefined Step: When I click the new membership option</b>
</p>
<pre>cucumber.runtime.UndefinedStepException: Undefined Step: When I click the new membership option
	at grails.plugin.cucumber.CucumberFormatter.resultUndefined(CucumberFormatter.groovy:242)
	at grails.plugin.cucumber.CucumberFormatter.result(CucumberFormatter.groovy:207)
	at cucumber.runtime.Runtime.runStep(Runtime.java:250)
	at cucumber.runtime.model.StepContainer.runStep(StepContainer.java:44)
	at cucumber.runtime.model.StepContainer.runSteps(StepContainer.java:39)
	at cucumber.runtime.model.CucumberScenario.run(CucumberScenario.java:36)
	at cucumber.runtime.model.CucumberFeature.run(CucumberFeature.java:112)
	at grails.plugin.cucumber.Cucumber$_run_closure2.doCall(Cucumber.groovy:58)
	at grails.plugin.cucumber.Cucumber.run(Cucumber.groovy:57)
	at grails.plugin.cucumber.CucumberTestType.runFeatures(CucumberTestType.groovy:102)
	at grails.plugin.cucumber.CucumberTestType.doRun(CucumberTestType.groovy:57)
</pre>
</div>
<div class="details">
<p>
<b class="message">Undefined Step: Then I am on the create page</b>
</p>
<pre>cucumber.runtime.UndefinedStepException: Undefined Step: Then I am on the create page
	at grails.plugin.cucumber.CucumberFormatter.resultUndefined(CucumberFormatter.groovy:242)
	at grails.plugin.cucumber.CucumberFormatter.result(CucumberFormatter.groovy:207)
	at cucumber.runtime.Runtime.runStep(Runtime.java:250)
	at cucumber.runtime.model.StepContainer.runStep(StepContainer.java:44)
	at cucumber.runtime.model.StepContainer.runSteps(StepContainer.java:39)
	at cucumber.runtime.model.CucumberScenario.run(CucumberScenario.java:36)
	at cucumber.runtime.model.CucumberFeature.run(CucumberFeature.java:112)
	at grails.plugin.cucumber.Cucumber$_run_closure2.doCall(Cucumber.groovy:58)
	at grails.plugin.cucumber.Cucumber.run(Cucumber.groovy:57)
	at grails.plugin.cucumber.CucumberTestType.runFeatures(CucumberTestType.groovy:102)
	at grails.plugin.cucumber.CucumberTestType.doRun(CucumberTestType.groovy:57)
</pre>
</div>
</div>
<div class="clear"></div>
</div>
<div class="testcase clearfix success grid_8 alpha omega" data-name="create membership with invalid data">
<div class="grid_3 alpha">
<p>
<span class="icon success"></span><b class="testname message success">create membership with invalid data</b>
</p>
<p class="summary">Executed in 0.031 seconds.</p>
</div>
<div class="grid_5 omega outputinfo"></div>
<div class="clear"></div>
</div>
<div class="testcase clearfix success grid_8 alpha omega" data-name="create membership with incomplete form">
<div class="grid_3 alpha">
<p>
<span class="icon success"></span><b class="testname message success">create membership with incomplete form</b>
</p>
<p class="summary">Executed in 0.001 seconds.</p>
</div>
<div class="grid_5 omega outputinfo"></div>
<div class="clear"></div>
</div>
<div class="clearfix output footer">
<div class="sysout">
<h2>Standard output</h2>
<pre class="stdout">@i9n
Feature: membership
  As an administrator of the RGMS system
  I want to add, remove and modify memberships in the system.

--Output from new membership--
  Scenario: new membership                                                                                                   # Membership.feature:7
    Given the system has member "usernametest" and research group "taes"                                                     # MembershipSteps.groovy:12
    And the system has no membership with member "usernametest", research group "taes" between "01-03-2012" and "01-06-2012" # MembershipSteps.groovy:21
    When I create a membership with member "usernametest", research group "taes" between "01-03-2012" and "01-06-2012"       # MembershipSteps.groovy:31
    Then the membership with member "usernametest", research group "taes" between "01-03-2012" and "01-06-2012" is created   # MembershipSteps.groovy:35
      Assertion failed: 
      
      title ==~ /Criar Membership/
      |     |
      |     false
      Criar Member
      
      	at org.codehaus.groovy.runtime.InvokerHelper.assertFailed(InvokerHelper.java:386)
      	at org.codehaus.groovy.runtime.ScriptBytecodeAdapter.assertFailed(ScriptBytecodeAdapter.java:658)
      	at pages.MembershipCreatePage$__clinit__closure1.doCall(MembershipCreatePage.groovy:9)
      	at sun.reflect.NativeMethodAccessorImpl.invoke0(Native Method)
      	at sun.reflect.NativeMethodAccessorImpl.invoke(NativeMethodAccessorImpl.java:57)
      	at sun.reflect.DelegatingMethodAccessorImpl.invoke(DelegatingMethodAccessorImpl.java:43)
      	at java.lang.reflect.Method.invoke(Method.java:601)
      	at org.codehaus.groovy.runtime.callsite.PogoMetaMethodSite$PogoCachedMethodSite.invoke(PogoMetaMethodSite.java:226)
      	at org.codehaus.groovy.runtime.callsite.PogoMetaMethodSite.callCurrent(PogoMetaMethodSite.java:52)
      	at org.codehaus.groovy.runtime.callsite.CallSiteArray.defaultCallCurrent(CallSiteArray.java:46)
      	at org.codehaus.groovy.runtime.callsite.AbstractCallSite.callCurrent(AbstractCallSite.java:133)
      	at org.codehaus.groovy.runtime.callsite.AbstractCallSite.callCurrent(AbstractCallSite.java:141)
      	at pages.MembershipCreatePage$__clinit__closure1.doCall(MembershipCreatePage.groovy)
      	at sun.reflect.NativeMethodAccessorImpl.invoke0(Native Method)
      	at sun.reflect.NativeMethodAccessorImpl.invoke(NativeMethodAccessorImpl.java:57)
      	at sun.reflect.DelegatingMethodAccessorImpl.invoke(DelegatingMethodAccessorImpl.java:43)
      	at java.lang.reflect.Method.invoke(Method.java:601)
      	at org.codehaus.groovy.reflection.CachedMethod.invoke(CachedMethod.java:90)
      	at groovy.lang.MetaMethod.doMethodInvoke(MetaMethod.java:233)
      	at groovy.lang.MetaClassImpl.invokeMethod(MetaClassImpl.java:1047)
      	at groovy.lang.ExpandoMetaClass.invokeMethod(ExpandoMetaClass.java:1110)
      	at groovy.lang.MetaClassImpl.invokeMethod(MetaClassImpl.java:877)
      	at groovy.lang.Closure.call(Closure.java:412)
      	at groovy.lang.Closure.call(Closure.java:406)
      	at java_util_concurrent_Callable$call.call(Unknown Source)
      	at org.codehaus.groovy.runtime.callsite.CallSiteArray.defaultCall(CallSiteArray.java:42)
      	at java_util_concurrent_Callable$call.call(Unknown Source)
      	at geb.Page.verifyAt(Page.groovy:132)
      	at geb.Page$verifyAt.call(Unknown Source)
      	at org.codehaus.groovy.runtime.callsite.CallSiteArray.defaultCall(CallSiteArray.java:42)
      	at geb.Page$verifyAt.call(Unknown Source)
      	at geb.Browser.doAt(Browser.groovy:335)
      	at geb.Browser.this$2$doAt(Browser.groovy)
      	at geb.Browser$this$2$doAt.callCurrent(Unknown Source)
      	at org.codehaus.groovy.runtime.callsite.CallSiteArray.defaultCallCurrent(CallSiteArray.java:46)
      	at geb.Browser$this$2$doAt.callCurrent(Unknown Source)
      	at geb.Browser.at(Browser.groovy:259)
      	at sun.reflect.GeneratedMethodAccessor731.invoke(Unknown Source)
      	at sun.reflect.DelegatingMethodAccessorImpl.invoke(DelegatingMethodAccessorImpl.java:43)
      	at java.lang.reflect.Method.invoke(Method.java:601)
      	at org.codehaus.groovy.reflection.CachedMethod.invoke(CachedMethod.java:90)
      	at groovy.lang.MetaMethod.doMethodInvoke(MetaMethod.java:233)
      	at groovy.lang.MetaClassImpl.invokeMethod(MetaClassImpl.java:1047)
      	at groovy.lang.ExpandoMetaClass.invokeMethod(ExpandoMetaClass.java:1110)
      	at groovy.lang.MetaClassImpl.invokeMethod(MetaClassImpl.java:877)
      	at org.codehaus.groovy.runtime.InvokerHelper.invokePogoMethod(InvokerHelper.java:793)
      	at org.codehaus.groovy.runtime.InvokerHelper.invokeMethod(InvokerHelper.java:776)
      	at org.codehaus.groovy.runtime.ScriptBytecodeAdapter.invokeMethodN(ScriptBytecodeAdapter.java:164)
      	at geb.binding.BindingUpdater$InvocationForwarding.doCall(BindingUpdater.groovy:72)
      	at sun.reflect.GeneratedMethodAccessor670.invoke(Unknown Source)
      	at sun.reflect.DelegatingMethodAccessorImpl.invoke(DelegatingMethodAccessorImpl.java:43)
      	at java.lang.reflect.Method.invoke(Method.java:601)
      	at org.codehaus.groovy.reflection.CachedMethod.invoke(CachedMethod.java:90)
      	at groovy.lang.MetaMethod.doMethodInvoke(MetaMethod.java:233)
      	at groovy.lang.MetaClassImpl.invokeMethod(MetaClassImpl.java:1047)
      	at groovy.lang.ExpandoMetaClass.invokeMethod(ExpandoMetaClass.java:1110)
      	at groovy.lang.MetaClassImpl.invokeMethod(MetaClassImpl.java:877)
      	at groovy.lang.Closure.call(Closure.java:412)
      	at groovy.lang.Closure.call(Closure.java:425)
      	at sun.reflect.GeneratedMethodAccessor73.invoke(Unknown Source)
      	at sun.reflect.DelegatingMethodAccessorImpl.invoke(DelegatingMethodAccessorImpl.java:43)
      	at java.lang.reflect.Method.invoke(Method.java:601)
      	at org.codehaus.groovy.reflection.CachedMethod.invoke(CachedMethod.java:90)
      	at groovy.lang.MetaMethod.doMethodInvoke(MetaMethod.java:233)
      	at groovy.lang.MetaClassImpl.invokeMethod(MetaClassImpl.java:1047)
      	at groovy.lang.ExpandoMetaClass.invokeMethod(ExpandoMetaClass.java:1110)
      	at groovy.lang.MetaClassImpl.invokeMethod(MetaClassImpl.java:877)
      	at groovy.lang.MetaClassImpl.invokePropertyOrMissing(MetaClassImpl.java:1093)
      	at groovy.lang.MetaClassImpl.invokeMethod(MetaClassImpl.java:1049)
      	at groovy.lang.ExpandoMetaClass.invokeMethod(ExpandoMetaClass.java:1110)
      	at groovy.lang.MetaClassImpl.invokeMethod(MetaClassImpl.java:877)
      	at groovy.lang.MetaClassImpl.invokeMethod(MetaClassImpl.java:697)
      	at groovy.lang.GroovyObjectSupport.invokeMethod(GroovyObjectSupport.java:44)
      	at groovy.lang.Script.invokeMethod(Script.java:78)
      	at groovy.lang.MetaClassImpl.invokeMethodOnGroovyObject(MetaClassImpl.java:1112)
      	at groovy.lang.MetaClassImpl.invokeMethod(MetaClassImpl.java:1006)
      	at groovy.lang.ExpandoMetaClass.invokeMethod(ExpandoMetaClass.java:1110)
      	at groovy.lang.MetaClassImpl.invokeMethod(MetaClassImpl.java:877)
      	at org.codehaus.groovy.runtime.callsite.PogoMetaClassSite.callCurrent(PogoMetaClassSite.java:66)
      	at org.codehaus.groovy.runtime.callsite.CallSiteArray.defaultCallCurrent(CallSiteArray.java:46)
      	at org.codehaus.groovy.runtime.callsite.AbstractCallSite.callCurrent(AbstractCallSite.java:133)
      	at org.codehaus.groovy.runtime.callsite.AbstractCallSite.callCurrent(AbstractCallSite.java:141)
      	at MembershipSteps$_run_closure4.doCall(MembershipSteps.groovy:36)
      	at ?.Then the membership with member "usernametest", research group "taes" between "01-03-2012" and "01-06-2012" is created(Membership.feature:11)


--Output from delete membership--
  Scenario: delete membership                                                                                               # Membership.feature:13
    Given the system has membership with member "usernametest", research group "taes" between "01-03-2012" and "01-06-2012" # MembershipSteps.groovy:42
      groovy.lang.MissingPropertyException: No such property: groupname for class: MembershipSteps
      	at org.codehaus.groovy.runtime.ScriptBytecodeAdapter.unwrap(ScriptBytecodeAdapter.java:50)
      	at org.codehaus.groovy.runtime.callsite.PogoGetPropertySite.getProperty(PogoGetPropertySite.java:49)
      	at org.codehaus.groovy.runtime.callsite.AbstractCallSite.callGroovyObjectGetProperty(AbstractCallSite.java:231)
      	at MembershipSteps$_run_closure5.doCall(MembershipSteps.groovy:46)
      	at ?.Given the system has membership with member "usernametest", research group "taes" between "01-03-2012" and "01-06-2012"(Membership.feature:14)

    When I delete a membership with member "usernametest", research group "taes" between "01-03-2012" and "01-06-2012"      # MembershipSteps.groovy:56
    Then the membership with member "usernametest", research group "taes" between "01-03-2012" and "01-06-2012" is deleted

--Output from modify membership--
--Output from access membership creation page from membership main page--
  Scenario: modify membership # Membership.feature:19
    //TODO


  Scenario: access membership creation page from membership main page # Membership.feature:23
    Given I am at the membership page
    When I click the new membership option
    Then I am on the create page

--Output from create membership with invalid data--
--Output from create membership with incomplete form--
  Scenario: create membership with invalid data # Membership.feature:28
    //TODO


  Scenario: create membership with incomplete form # Membership.feature:31
    //TODO

</pre>
</div>
<div class="syserr">
<h2>System error</h2>
<pre class="syserr">
--Output from new membership--
--Output from delete membership--
--Output from modify membership--
--Output from access membership creation page from membership main page--
--Output from create membership with invalid data--
--Output from create membership with incomplete form--</pre>
</div>
</div>
<div class="clear"></div>
</div>
<div class="clear"></div>
</div>
<!--
            Parses JUnit output and associates it with the corresponding test case
        -->
<script language="javascript">


/**
 * The JUnit report format is incredibly stuipd in the
 * sense that it accumulates output from all test methods
 * into a single xml node.
 */
(function() {

    var outputElements = findOutputElements();
    for (var i in outputElements) {
        var outputElement = outputElements[i];
        var textOutput = outputElement.element.firstChild.nodeValue;
        var header = outputElement.getHeader();
        appendTestMethodOutput(textOutput, header);
    }

    function findOutputElements() {
        var outputElements = [];
        var preElements = document.getElementsByTagName("pre");
        for (var i in preElements) {
            var preElement = preElements[i];
            var className = preElement.className || "";
            if (className.indexOf("stdout") >= 0) {
                var outputElement = new OutputElement(preElement, "output");
                outputElements.push(outputElement);
            } else if (className.indexOf("syserr") >= 0) {
                var outputElement = new OutputElement(preElement, "error");
                outputElements.push(outputElement);
            }
        }

        return outputElements;
    }

    function OutputElement(element, type) {
        this.element = element;
        this.type = type;

        this.getHeader = function() {
            if (type === "output") {
                return "System output";
            } else if ("error") {
                return "System error";
            }
        }
    }

    function appendTestMethodOutput(text, header) {
        var testOutput = new TestMethodOutput(header);

        var lines = text.split(/\r\n|\r|\n/);
        for (var i in lines) {
            var line = lines[i];
            var matches = line.match(/^--Output from (.*)--$/);
            if (matches !== null && matches.length == 2) {
                testOutput.flushToDom();
                testOutput.testName = matches[1];
            } else {
                testOutput.addLine(line);
            }
        }

        testOutput.flushToDom();
    }

    function TestMethodOutput(header) {
        this.header = header;
        this.testName = undefined;
        this.buffer = "";

        this.addLine = function(line) {
            this.buffer += line + "\n";
        }

        this.flushToDom = function() {
            if (this.testName !== undefined) {
                var domNode = getTestcaseElementByName(this.testName);
                if (domNode !== undefined && trimString(this.buffer).length > 0) {
                    this.appendTo(domNode);
                }

                this.reset();
            }
        }

        this.appendTo = function(domNode) {
            var node = document.createElement("div");
            node.innerHTML = '<p><b class="message">' + header + '</b></p>';

            var preNode = document.createElement("pre");
            preNode.appendChild(document.createTextNode(this.buffer));
            node.appendChild(preNode);

            var outputContainer = findElementByTagClassAndParent("div", "outputinfo", domNode);
            outputContainer.appendChild(node);
        }

        this.reset = function() {
            this.methodName = undefined;
            this.buffer = "";
        }
    }

    function getTestcaseElementByName(name) {
        var divElements = document.getElementsByTagName("div");
        var elementCount = divElements.length;
        for (var i=0; i<elementCount; i++) {
            var el = divElements[i];
            if (el.getAttribute("data-name") === name) {
                return el;
            }
        }
    }

    function findElementByTagClassAndParent(tagName, className, parentNode) {
        var elements = parentNode.getElementsByTagName(tagName);
        for (var i in elements) {
            var element = elements[i];

            // Not 100% correct, but good enough here
            if (element.className !== undefined && element.className.indexOf(className) >= 0) {
                return element;
            }
        }
    }

    function trimString(str) {
        return str.replace(/^\s\s*/, '').replace(/\s\s*$/, '');
    }

})();

        </script>
</body>
</html>
