<!DOCTYPE html><html xmlns:lxslt="http://xml.apache.org/xslt" xmlns:stringutils="xalan://org.apache.tools.ant.util.StringUtils">
<head>
<META http-equiv="Content-Type" content="text/html; charset=utf-8">
<title>
        Unit Test Results
     - Failed tests</title>
<link href="stylesheet.css" rel="stylesheet" type="text/css">
</head>
<body>
<div id="report" class="container container_8">
<div class="grid_6 alpha">
<div class="grailslogo"></div>
<h1>
        Unit Test Results
     - Failed tests</h1>
<p class="intro">
                        Executed
                        18
                        tests
                    
                        with
                        6 errors

                        and
                        5 failures
                        .
                    </p>
</div>
<div class="grid_2 omega">
<nav id="navigationlinks">
<p>
<a href="failed.html">
                    Tests with failure and errors
                </a>
</p>
<p>
<a href="index.html">
                    Package summary
                </a>
</p>
<p>
<a href="all.html">
                    Show all tests
                </a>
</p>
</nav>
</div>
<div class="clear"></div>
<div class="testsuite error">
<div class="header">
<h2>journal article</h2>
<h3>
                        Executed
                        5
                        tests
                    
                        with
                        4 errors

                        and
                        one failure
                        .
                    </h3>
</div>
<div class="testcase clearfix error grid_8 alpha omega" data-name="new article">
<div class="grid_3 alpha">
<p>
<span class="icon error"></span><b class="testname message error">new article</b>
</p>
<p class="summary">Executed in 0.259 seconds.</p>
</div>
<div class="grid_5 omega outputinfo">
<div class="details">
<p>
<b class="message">web-app\uploads\TCS.pdf (The system cannot find the path specified)</b>
</p>
<pre>java.io.FileNotFoundException: web-app\uploads\TCS.pdf (The system cannot find the path specified)
	at java.io.FileOutputStream.&lt;init&gt;(FileOutputStream.java:212)
	at java.io.FileOutputStream.&lt;init&gt;(FileOutputStream.java:165)
	at rgms.publication.PublicationController.upload(PublicationController.groovy:37)
	at rgms.publication.PeriodicoController.save(PeriodicoController.groovy:28)
	at steps.TestDataAndOperations.createArticle(TestDataAndOperations.groovy:118)
	at ArticleSteps$_run_closure2.doCall(ArticleSteps.groovy:16)
	at ✽.When I create the article "A theory of software product line refinement" with file name "TCS.pdf"(Article.feature:9)
</pre>
</div>
</div>
<div class="clear"></div>
</div>
<div class="testcase clearfix error grid_8 alpha omega" data-name="new invalid article">
<div class="grid_3 alpha">
<p>
<span class="icon error"></span><b class="testname message error">new invalid article</b>
</p>
<p class="summary">Executed in 0.044 seconds.</p>
</div>
<div class="grid_5 omega outputinfo">
<div class="details">
<p>
<b class="message">web-app\uploads\SCP.pdf (The system cannot find the path specified)</b>
</p>
<pre>java.io.FileNotFoundException: web-app\uploads\SCP.pdf (The system cannot find the path specified)
	at java.io.FileOutputStream.&lt;init&gt;(FileOutputStream.java:212)
	at java.io.FileOutputStream.&lt;init&gt;(FileOutputStream.java:165)
	at rgms.publication.PublicationController.upload(PublicationController.groovy:37)
	at rgms.publication.PeriodicoController.save(PeriodicoController.groovy:28)
	at steps.TestDataAndOperations.createArticle(TestDataAndOperations.groovy:118)
	at ArticleSteps$_run_closure2.doCall(ArticleSteps.groovy:16)
	at ✽.When I create the article "Algebraic reasoning for object-oriented programming" with file name "SCP.pdf"(Article.feature:14)
</pre>
</div>
</div>
<div class="clear"></div>
</div>
<div class="testcase clearfix error grid_8 alpha omega" data-name="duplicate article">
<div class="grid_3 alpha">
<p>
<span class="icon error"></span><b class="testname message error">duplicate article</b>
</p>
<p class="summary">Executed in 0.04 seconds.</p>
</div>
<div class="grid_5 omega outputinfo">
<div class="details">
<p>
<b class="message">web-app\uploads\TCS-0.pdf (The system cannot find the path specified)</b>
</p>
<pre>java.io.FileNotFoundException: web-app\uploads\TCS-0.pdf (The system cannot find the path specified)
	at java.io.FileOutputStream.&lt;init&gt;(FileOutputStream.java:212)
	at java.io.FileOutputStream.&lt;init&gt;(FileOutputStream.java:165)
	at rgms.publication.PublicationController.upload(PublicationController.groovy:37)
	at rgms.publication.PeriodicoController.save(PeriodicoController.groovy:28)
	at steps.TestDataAndOperations.createArticle(TestDataAndOperations.groovy:118)
	at ArticleSteps$_run_closure5.doCall(ArticleSteps.groovy:30)
	at ✽.Given the article "A theory of software product line refinement" is stored in the system with file name "TCS-0.pdf"(Article.feature:18)
</pre>
</div>
</div>
<div class="clear"></div>
</div>
<div class="testcase clearfix error grid_8 alpha omega" data-name="alternative duplicate article">
<div class="grid_3 alpha">
<p>
<span class="icon error"></span><b class="testname message error">alternative duplicate article</b>
</p>
<p class="summary">Executed in 0.045 seconds.</p>
</div>
<div class="grid_5 omega outputinfo">
<div class="details">
<p>
<b class="message">web-app\uploads\TCS-2 (The system cannot find the path specified)</b>
</p>
<pre>java.io.FileNotFoundException: web-app\uploads\TCS-2 (The system cannot find the path specified)
	at java.io.FileOutputStream.&lt;init&gt;(FileOutputStream.java:212)
	at java.io.FileOutputStream.&lt;init&gt;(FileOutputStream.java:165)
	at rgms.publication.PublicationController.upload(PublicationController.groovy:37)
	at rgms.publication.PeriodicoController.save(PeriodicoController.groovy:28)
	at steps.TestDataAndOperations.createArticle(TestDataAndOperations.groovy:118)
	at ArticleSteps$_run_closure2.doCall(ArticleSteps.groovy:16)
	at ✽.When I create the article "A theory of software product line refinement" with file name "TCS-2"(Article.feature:24)
</pre>
</div>
</div>
<div class="clear"></div>
</div>
<div class="testcase clearfix failure grid_8 alpha omega" data-name="new article web">
<div class="grid_3 alpha">
<p>
<span class="icon failure"></span><b class="testname message failure">new article web</b>
</p>
<p class="summary">Executed in 6.939 seconds.</p>
</div>
<div class="grid_5 omega outputinfo">
<div class="details">
<p>
<b class="message">title ==~ /Journal List/
|     |
|     false
Peri&oacute;dico Listagem</b>
</p>
<pre>Assertion failed: 

title ==~ /Journal List/
|     |
|     false
Peri&oacute;dico Listagem

	at pages.ArticlesPage$__clinit__closure1.doCall(ArticlesPage.groovy:9)
	at geb.Page.verifyAt(Page.groovy:132)
	at geb.Browser.doAt(Browser.groovy:335)
	at geb.Browser.at(Browser.groovy:259)
	at geb.binding.BindingUpdater$InvocationForwarding.doCall(BindingUpdater.groovy:72)
	at ArticleSteps$_run_closure9.doCall(ArticleSteps.groovy:54)
	at ✽.And I select the new article option at the article page(Article.feature:31)
</pre>
</div>
</div>
<div class="clear"></div>
</div>
<div class="clearfix output footer">
<div class="sysout">
<h2>Standard output</h2>
<pre class="stdout">@i9n
Feature: journal article
  As a member of a research group
  I want to add, remove and modify journal articles I have published
  so that I can generate web pages and reports containing these articles

--Output from new article--
  Scenario: new article                                                                               # Article.feature:7
    Given the system has no article entitled "A theory of software product line refinement"           # ArticleSteps.groovy:10
    When I create the article "A theory of software product line refinement" with file name "TCS.pdf" # ArticleSteps.groovy:15
      java.io.FileNotFoundException: web-app\uploads\TCS.pdf (The system cannot find the path specified)
      	at java.io.FileOutputStream.open(Native Method)
      	at java.io.FileOutputStream.&lt;init&gt;(FileOutputStream.java:212)
      	at java.io.FileOutputStream.&lt;init&gt;(FileOutputStream.java:165)
      	at sun.reflect.NativeConstructorAccessorImpl.newInstance0(Native Method)
      	at sun.reflect.NativeConstructorAccessorImpl.newInstance(NativeConstructorAccessorImpl.java:57)
      	at sun.reflect.DelegatingConstructorAccessorImpl.newInstance(DelegatingConstructorAccessorImpl.java:45)
      	at java.lang.reflect.Constructor.newInstance(Constructor.java:525)
      	at org.codehaus.groovy.reflection.CachedConstructor.invoke(CachedConstructor.java:77)
      	at org.codehaus.groovy.runtime.callsite.ConstructorSite$ConstructorSiteNoUnwrapNoCoerce.callConstructor(ConstructorSite.java:102)
      	at org.codehaus.groovy.runtime.callsite.CallSiteArray.defaultCallConstructor(CallSiteArray.java:54)
      	at org.codehaus.groovy.runtime.callsite.AbstractCallSite.callConstructor(AbstractCallSite.java:182)
      	at org.codehaus.groovy.runtime.callsite.AbstractCallSite.callConstructor(AbstractCallSite.java:190)
      	at rgms.publication.PublicationController.upload(PublicationController.groovy:37)
      	at rgms.publication.PublicationController$upload.call(Unknown Source)
      	at org.codehaus.groovy.runtime.callsite.CallSiteArray.defaultCall(CallSiteArray.java:42)
      	at org.codehaus.groovy.runtime.callsite.AbstractCallSite.call(AbstractCallSite.java:108)
      	at org.codehaus.groovy.runtime.callsite.AbstractCallSite.call(AbstractCallSite.java:116)
      	at rgms.publication.PeriodicoController.save(PeriodicoController.groovy:28)
      	at rgms.publication.PeriodicoController$save.call(Unknown Source)
      	at org.codehaus.groovy.runtime.callsite.CallSiteArray.defaultCall(CallSiteArray.java:42)
      	at org.codehaus.groovy.runtime.callsite.AbstractCallSite.call(AbstractCallSite.java:108)
      	at org.codehaus.groovy.runtime.callsite.AbstractCallSite.call(AbstractCallSite.java:112)
      	at steps.TestDataAndOperations.createArticle(TestDataAndOperations.groovy:118)
      	at steps.TestDataAndOperations$createArticle.call(Unknown Source)
      	at org.codehaus.groovy.runtime.callsite.CallSiteArray.defaultCall(CallSiteArray.java:42)
      	at org.codehaus.groovy.runtime.callsite.AbstractCallSite.call(AbstractCallSite.java:108)
      	at org.codehaus.groovy.runtime.callsite.AbstractCallSite.call(AbstractCallSite.java:120)
      	at ArticleSteps$_run_closure2.doCall(ArticleSteps.groovy:16)
      	at ?.When I create the article "A theory of software product line refinement" with file name "TCS.pdf"(Article.feature:9)

    Then the article "A theory of software product line refinement" is properly stored by the system  # ArticleSteps.groovy:19

--Output from new invalid article--
  Scenario: new invalid article                                                                                              # Article.feature:12
    Given the system has no article entitled "Algebraic reasoning for object-oriented programming"                           # ArticleSteps.groovy:10
    When I create the article "Algebraic reasoning for object-oriented programming" with file name "SCP.pdf"                 # ArticleSteps.groovy:15
      java.io.FileNotFoundException: web-app\uploads\SCP.pdf (The system cannot find the path specified)
      	at java.io.FileOutputStream.open(Native Method)
      	at java.io.FileOutputStream.&lt;init&gt;(FileOutputStream.java:212)
      	at java.io.FileOutputStream.&lt;init&gt;(FileOutputStream.java:165)
      	at sun.reflect.NativeConstructorAccessorImpl.newInstance0(Native Method)
      	at sun.reflect.NativeConstructorAccessorImpl.newInstance(NativeConstructorAccessorImpl.java:57)
      	at sun.reflect.DelegatingConstructorAccessorImpl.newInstance(DelegatingConstructorAccessorImpl.java:45)
      	at java.lang.reflect.Constructor.newInstance(Constructor.java:525)
      	at org.codehaus.groovy.reflection.CachedConstructor.invoke(CachedConstructor.java:77)
      	at org.codehaus.groovy.runtime.callsite.ConstructorSite$ConstructorSiteNoUnwrapNoCoerce.callConstructor(ConstructorSite.java:102)
      	at org.codehaus.groovy.runtime.callsite.AbstractCallSite.callConstructor(AbstractCallSite.java:190)
      	at rgms.publication.PublicationController.upload(PublicationController.groovy:37)
      	at rgms.publication.PublicationController$upload.call(Unknown Source)
      	at rgms.publication.PeriodicoController.save(PeriodicoController.groovy:28)
      	at rgms.publication.PeriodicoController$save.call(Unknown Source)
      	at steps.TestDataAndOperations.createArticle(TestDataAndOperations.groovy:118)
      	at steps.TestDataAndOperations$createArticle.call(Unknown Source)
      	at ArticleSteps$_run_closure2.doCall(ArticleSteps.groovy:16)
      	at ?.When I create the article "Algebraic reasoning for object-oriented programming" with file name "SCP.pdf"(Article.feature:14)

    Then the article "Algebraic reasoning for object-oriented programming" is not stored by the system because it is invalid # ArticleSteps.groovy:24

--Output from duplicate article--
  Scenario: duplicate article                                                                                           # Article.feature:17
    Given the article "A theory of software product line refinement" is stored in the system with file name "TCS-0.pdf" # ArticleSteps.groovy:29
      java.io.FileNotFoundException: web-app\uploads\TCS-0.pdf (The system cannot find the path specified)
      	at java.io.FileOutputStream.open(Native Method)
      	at java.io.FileOutputStream.&lt;init&gt;(FileOutputStream.java:212)
      	at java.io.FileOutputStream.&lt;init&gt;(FileOutputStream.java:165)
      	at sun.reflect.NativeConstructorAccessorImpl.newInstance0(Native Method)
      	at sun.reflect.NativeConstructorAccessorImpl.newInstance(NativeConstructorAccessorImpl.java:57)
      	at sun.reflect.DelegatingConstructorAccessorImpl.newInstance(DelegatingConstructorAccessorImpl.java:45)
      	at java.lang.reflect.Constructor.newInstance(Constructor.java:525)
      	at org.codehaus.groovy.reflection.CachedConstructor.invoke(CachedConstructor.java:77)
      	at org.codehaus.groovy.runtime.callsite.ConstructorSite$ConstructorSiteNoUnwrapNoCoerce.callConstructor(ConstructorSite.java:102)
      	at org.codehaus.groovy.runtime.callsite.AbstractCallSite.callConstructor(AbstractCallSite.java:190)
      	at rgms.publication.PublicationController.upload(PublicationController.groovy:37)
      	at rgms.publication.PublicationController$upload.call(Unknown Source)
      	at rgms.publication.PeriodicoController.save(PeriodicoController.groovy:28)
      	at rgms.publication.PeriodicoController$save.call(Unknown Source)
      	at steps.TestDataAndOperations.createArticle(TestDataAndOperations.groovy:118)
      	at steps.TestDataAndOperations$createArticle.call(Unknown Source)
      	at org.codehaus.groovy.runtime.callsite.CallSiteArray.defaultCall(CallSiteArray.java:42)
      	at org.codehaus.groovy.runtime.callsite.AbstractCallSite.call(AbstractCallSite.java:108)
      	at org.codehaus.groovy.runtime.callsite.AbstractCallSite.call(AbstractCallSite.java:120)
      	at ArticleSteps$_run_closure5.doCall(ArticleSteps.groovy:30)
      	at ?.Given the article "A theory of software product line refinement" is stored in the system with file name "TCS-0.pdf"(Article.feature:18)

    When I create the article "A theory of software product line refinement" with file name "TCS-1.pdf"                 # ArticleSteps.groovy:15
    Then the article "A theory of software product line refinement" is not stored twice                                 # ArticleSteps.groovy:35

--Output from alternative duplicate article--
  Scenario: alternative duplicate article                                                           # Article.feature:22
    Given the system has no article entitled "A theory of software product line refinement"         # ArticleSteps.groovy:10
    When I create the article "A theory of software product line refinement" with file name "TCS-2" # ArticleSteps.groovy:15
      java.io.FileNotFoundException: web-app\uploads\TCS-2 (The system cannot find the path specified)
      	at java.io.FileOutputStream.open(Native Method)
      	at java.io.FileOutputStream.&lt;init&gt;(FileOutputStream.java:212)
      	at java.io.FileOutputStream.&lt;init&gt;(FileOutputStream.java:165)
      	at sun.reflect.NativeConstructorAccessorImpl.newInstance0(Native Method)
      	at sun.reflect.NativeConstructorAccessorImpl.newInstance(NativeConstructorAccessorImpl.java:57)
      	at sun.reflect.DelegatingConstructorAccessorImpl.newInstance(DelegatingConstructorAccessorImpl.java:45)
      	at java.lang.reflect.Constructor.newInstance(Constructor.java:525)
      	at org.codehaus.groovy.reflection.CachedConstructor.invoke(CachedConstructor.java:77)
      	at org.codehaus.groovy.runtime.callsite.ConstructorSite$ConstructorSiteNoUnwrapNoCoerce.callConstructor(ConstructorSite.java:102)
      	at org.codehaus.groovy.runtime.callsite.AbstractCallSite.callConstructor(AbstractCallSite.java:190)
      	at rgms.publication.PublicationController.upload(PublicationController.groovy:37)
      	at rgms.publication.PublicationController$upload.call(Unknown Source)
      	at rgms.publication.PeriodicoController.save(PeriodicoController.groovy:28)
      	at rgms.publication.PeriodicoController$save.call(Unknown Source)
      	at steps.TestDataAndOperations.createArticle(TestDataAndOperations.groovy:118)
      	at steps.TestDataAndOperations$createArticle.call(Unknown Source)
      	at ArticleSteps$_run_closure2.doCall(ArticleSteps.groovy:16)
      	at ?.When I create the article "A theory of software product line refinement" with file name "TCS-2"(Article.feature:24)

    And I create the article "A theory of software product line refinement" with file name "TCS-3"  # ArticleSteps.groovy:15
    Then the article "A theory of software product line refinement" is not stored twice             # ArticleSteps.groovy:35

--Output from new article web--
  Scenario: new article web                                       # Article.feature:28
ENTROU no signIn
Enabled == trueENTROU NO TRYJefferson Almeida    Given I am at the publications menu                           # ArticleSteps.groovy:42
    When I select the "Periodico" option at the publications menu # ArticleSteps.groovy:49
    And I select the new article option at the article page       # ArticleSteps.groovy:53
      Assertion failed: 
      
      title ==~ /Journal List/
      |     |
      |     false
      Peri&oacute;dico Listagem
      
      	at org.codehaus.groovy.runtime.InvokerHelper.assertFailed(InvokerHelper.java:386)
      	at org.codehaus.groovy.runtime.ScriptBytecodeAdapter.assertFailed(ScriptBytecodeAdapter.java:658)
      	at pages.ArticlesPage$__clinit__closure1.doCall(ArticlesPage.groovy:9)
      	at sun.reflect.NativeMethodAccessorImpl.invoke0(Native Method)
      	at sun.reflect.NativeMethodAccessorImpl.invoke(NativeMethodAccessorImpl.java:57)
      	at sun.reflect.DelegatingMethodAccessorImpl.invoke(DelegatingMethodAccessorImpl.java:43)
      	at java.lang.reflect.Method.invoke(Method.java:601)
      	at org.codehaus.groovy.runtime.callsite.PogoMetaMethodSite$PogoCachedMethodSite.invoke(PogoMetaMethodSite.java:226)
      	at org.codehaus.groovy.runtime.callsite.PogoMetaMethodSite.callCurrent(PogoMetaMethodSite.java:52)
      	at org.codehaus.groovy.runtime.callsite.CallSiteArray.defaultCallCurrent(CallSiteArray.java:46)
      	at org.codehaus.groovy.runtime.callsite.AbstractCallSite.callCurrent(AbstractCallSite.java:133)
      	at org.codehaus.groovy.runtime.callsite.AbstractCallSite.callCurrent(AbstractCallSite.java:141)
      	at pages.ArticlesPage$__clinit__closure1.doCall(ArticlesPage.groovy)
      	at sun.reflect.NativeMethodAccessorImpl.invoke0(Native Method)
      	at sun.reflect.NativeMethodAccessorImpl.invoke(NativeMethodAccessorImpl.java:57)
      	at sun.reflect.DelegatingMethodAccessorImpl.invoke(DelegatingMethodAccessorImpl.java:43)
      	at java.lang.reflect.Method.invoke(Method.java:601)
      	at org.codehaus.groovy.reflection.CachedMethod.invoke(CachedMethod.java:90)
      	at groovy.lang.MetaMethod.doMethodInvoke(MetaMethod.java:233)
      	at groovy.lang.MetaClassImpl.invokeMethod(MetaClassImpl.java:1047)
      	at groovy.lang.ExpandoMetaClass.invokeMethod(ExpandoMetaClass.java:1110)
      	at groovy.lang.MetaClassImpl.invokeMethod(MetaClassImpl.java:877)
      	at groovy.lang.Closure.call(Closure.java:412)
      	at groovy.lang.Closure.call(Closure.java:406)
      	at java_util_concurrent_Callable$call.call(Unknown Source)
      	at org.codehaus.groovy.runtime.callsite.CallSiteArray.defaultCall(CallSiteArray.java:42)
      	at java_util_concurrent_Callable$call.call(Unknown Source)
      	at geb.Page.verifyAt(Page.groovy:132)
      	at geb.Page$verifyAt.call(Unknown Source)
      	at org.codehaus.groovy.runtime.callsite.CallSiteArray.defaultCall(CallSiteArray.java:42)
      	at geb.Page$verifyAt.call(Unknown Source)
      	at geb.Browser.doAt(Browser.groovy:335)
      	at geb.Browser.this$2$doAt(Browser.groovy)
      	at geb.Browser$this$2$doAt.callCurrent(Unknown Source)
      	at org.codehaus.groovy.runtime.callsite.CallSiteArray.defaultCallCurrent(CallSiteArray.java:46)
      	at geb.Browser$this$2$doAt.callCurrent(Unknown Source)
      	at geb.Browser.at(Browser.groovy:259)
      	at sun.reflect.NativeMethodAccessorImpl.invoke0(Native Method)
      	at sun.reflect.NativeMethodAccessorImpl.invoke(NativeMethodAccessorImpl.java:57)
      	at sun.reflect.DelegatingMethodAccessorImpl.invoke(DelegatingMethodAccessorImpl.java:43)
      	at java.lang.reflect.Method.invoke(Method.java:601)
      	at org.codehaus.groovy.reflection.CachedMethod.invoke(CachedMethod.java:90)
      	at groovy.lang.MetaMethod.doMethodInvoke(MetaMethod.java:233)
      	at groovy.lang.MetaClassImpl.invokeMethod(MetaClassImpl.java:1047)
      	at groovy.lang.ExpandoMetaClass.invokeMethod(ExpandoMetaClass.java:1110)
      	at groovy.lang.MetaClassImpl.invokeMethod(MetaClassImpl.java:877)
      	at org.codehaus.groovy.runtime.InvokerHelper.invokePogoMethod(InvokerHelper.java:793)
      	at org.codehaus.groovy.runtime.InvokerHelper.invokeMethod(InvokerHelper.java:776)
      	at org.codehaus.groovy.runtime.ScriptBytecodeAdapter.invokeMethodN(ScriptBytecodeAdapter.java:164)
      	at geb.binding.BindingUpdater$InvocationForwarding.doCall(BindingUpdater.groovy:72)
      	at sun.reflect.NativeMethodAccessorImpl.invoke0(Native Method)
      	at sun.reflect.NativeMethodAccessorImpl.invoke(NativeMethodAccessorImpl.java:57)
      	at sun.reflect.DelegatingMethodAccessorImpl.invoke(DelegatingMethodAccessorImpl.java:43)
      	at java.lang.reflect.Method.invoke(Method.java:601)
      	at org.codehaus.groovy.reflection.CachedMethod.invoke(CachedMethod.java:90)
      	at groovy.lang.MetaMethod.doMethodInvoke(MetaMethod.java:233)
      	at groovy.lang.MetaClassImpl.invokeMethod(MetaClassImpl.java:1047)
      	at groovy.lang.ExpandoMetaClass.invokeMethod(ExpandoMetaClass.java:1110)
      	at groovy.lang.MetaClassImpl.invokeMethod(MetaClassImpl.java:877)
      	at groovy.lang.Closure.call(Closure.java:412)
      	at groovy.lang.Closure.call(Closure.java:425)
      	at sun.reflect.GeneratedMethodAccessor73.invoke(Unknown Source)
      	at sun.reflect.DelegatingMethodAccessorImpl.invoke(DelegatingMethodAccessorImpl.java:43)
      	at java.lang.reflect.Method.invoke(Method.java:601)
      	at org.codehaus.groovy.reflection.CachedMethod.invoke(CachedMethod.java:90)
      	at groovy.lang.MetaMethod.doMethodInvoke(MetaMethod.java:233)
      	at groovy.lang.MetaClassImpl.invokeMethod(MetaClassImpl.java:1047)
      	at groovy.lang.ExpandoMetaClass.invokeMethod(ExpandoMetaClass.java:1110)
      	at groovy.lang.MetaClassImpl.invokeMethod(MetaClassImpl.java:877)
      	at groovy.lang.MetaClassImpl.invokePropertyOrMissing(MetaClassImpl.java:1093)
      	at groovy.lang.MetaClassImpl.invokeMethod(MetaClassImpl.java:1049)
      	at groovy.lang.ExpandoMetaClass.invokeMethod(ExpandoMetaClass.java:1110)
      	at groovy.lang.MetaClassImpl.invokeMethod(MetaClassImpl.java:877)
      	at groovy.lang.MetaClassImpl.invokeMethod(MetaClassImpl.java:697)
      	at groovy.lang.GroovyObjectSupport.invokeMethod(GroovyObjectSupport.java:44)
      	at groovy.lang.Script.invokeMethod(Script.java:78)
      	at groovy.lang.MetaClassImpl.invokeMethodOnGroovyObject(MetaClassImpl.java:1112)
      	at groovy.lang.MetaClassImpl.invokeMethod(MetaClassImpl.java:1006)
      	at groovy.lang.ExpandoMetaClass.invokeMethod(ExpandoMetaClass.java:1110)
      	at groovy.lang.MetaClassImpl.invokeMethod(MetaClassImpl.java:877)
      	at org.codehaus.groovy.runtime.callsite.PogoMetaClassSite.callCurrent(PogoMetaClassSite.java:66)
      	at org.codehaus.groovy.runtime.callsite.CallSiteArray.defaultCallCurrent(CallSiteArray.java:46)
      	at org.codehaus.groovy.runtime.callsite.AbstractCallSite.callCurrent(AbstractCallSite.java:133)
      	at org.codehaus.groovy.runtime.callsite.AbstractCallSite.callCurrent(AbstractCallSite.java:141)
      	at ArticleSteps$_run_closure9.doCall(ArticleSteps.groovy:54)
      	at ?.And I select the new article option at the article page(Article.feature:31)

    Then I can fill the article details                           # ArticleSteps.groovy:58
</pre>
</div>
<div class="syserr">
<h2>System error</h2>
<pre class="syserr">
--Output from new article--
--Output from new invalid article--
--Output from duplicate article--
--Output from alternative duplicate article--
--Output from new article web--Started ChromeDriver
port=16174
version=26.0.1383.0
log=C:\code\taes\rgms\chromedriver.log
Unable to use direct char[] access of java.lang.String
java.lang.NoSuchFieldException: count
	at java.lang.Class.getDeclaredField(Class.java:1901)
	at org.codehaus.groovy.grails.web.util.StringCharArrayAccessor.&lt;clinit&gt;(StringCharArrayAccessor.java:53)
	at org.codehaus.groovy.grails.web.util.StreamCharBuffer.readAsString(StreamCharBuffer.java:540)
	at org.codehaus.groovy.grails.web.util.StreamCharBuffer.toString(StreamCharBuffer.java:562)
	at org.codehaus.groovy.grails.web.pages.FastStringWriter.getValue(FastStringWriter.java:59)
	at org.codehaus.groovy.grails.web.pages.FastStringWriter.toString(FastStringWriter.java:55)
	at org.codehaus.groovy.grails.web.pages.GroovyPagesUriSupport.getAbsoluteViewURIInternal(GroovyPagesUriSupport.java:228)
	at org.codehaus.groovy.grails.web.pages.GroovyPagesUriSupport.getAbsoluteViewURI(GroovyPagesUriSupport.java:166)
	at org.codehaus.groovy.grails.web.pages.discovery.GrailsConventionGroovyPageLocator.findViewByPath(GrailsConventionGroovyPageLocator.java:52)
	at org.codehaus.groovy.grails.web.servlet.view.GrailsViewResolver.createGrailsView(GrailsViewResolver.java:155)
	at org.codehaus.groovy.grails.web.servlet.view.GrailsViewResolver.access$000(GrailsViewResolver.java:51)
	at org.codehaus.groovy.grails.web.servlet.view.GrailsViewResolver$1.run(GrailsViewResolver.java:96)
	at org.codehaus.groovy.grails.web.servlet.view.GrailsViewResolver$1.run(GrailsViewResolver.java:93)
	at org.codehaus.groovy.grails.web.servlet.view.GrailsViewResolver.loadView(GrailsViewResolver.java:108)
	at org.codehaus.groovy.grails.scaffolding.view.ScaffoldingViewResolver.loadView(ScaffoldingViewResolver.java:59)
	at org.springframework.web.servlet.view.AbstractCachingViewResolver.createView(AbstractCachingViewResolver.java:186)
	at org.springframework.web.servlet.view.UrlBasedViewResolver.createView(UrlBasedViewResolver.java:401)
	at org.springframework.web.servlet.view.AbstractCachingViewResolver.resolveViewName(AbstractCachingViewResolver.java:95)
	at org.codehaus.groovy.grails.web.util.WebUtils.resolveView(WebUtils.java:202)
	at org.codehaus.groovy.grails.web.util.WebUtils.resolveView(WebUtils.java:185)
	at org.codehaus.groovy.grails.web.mapping.filter.UrlMappingsFilter.renderViewForUrlMappingInfo(UrlMappingsFilter.java:324)
	at org.codehaus.groovy.grails.web.mapping.filter.UrlMappingsFilter.doFilterInternal(UrlMappingsFilter.java:215)
	at org.springframework.web.filter.OncePerRequestFilter.doFilter(OncePerRequestFilter.java:76)
	at org.apache.catalina.core.ApplicationFilterChain.internalDoFilter(ApplicationFilterChain.java:243)
	at org.apache.catalina.core.ApplicationFilterChain.doFilter(ApplicationFilterChain.java:210)
	at org.codehaus.groovy.grails.web.sitemesh.GrailsPageFilter.obtainContent(GrailsPageFilter.java:200)
	at org.codehaus.groovy.grails.web.sitemesh.GrailsPageFilter.doFilter(GrailsPageFilter.java:151)
	at org.apache.catalina.core.ApplicationFilterChain.internalDoFilter(ApplicationFilterChain.java:243)
	at org.apache.catalina.core.ApplicationFilterChain.doFilter(ApplicationFilterChain.java:210)
	at org.codehaus.groovy.grails.web.servlet.mvc.GrailsWebRequestFilter.doFilterInternal(GrailsWebRequestFilter.java:69)
	at org.springframework.web.filter.OncePerRequestFilter.doFilter(OncePerRequestFilter.java:76)
	at org.apache.catalina.core.ApplicationFilterChain.internalDoFilter(ApplicationFilterChain.java:243)
	at org.apache.catalina.core.ApplicationFilterChain.doFilter(ApplicationFilterChain.java:210)
	at org.apache.shiro.grails.SavedRequestFilter.doFilter(SavedRequestFilter.java:55)
	at org.apache.catalina.core.ApplicationFilterChain.internalDoFilter(ApplicationFilterChain.java:243)
	at org.apache.catalina.core.ApplicationFilterChain.doFilter(ApplicationFilterChain.java:210)
	at org.codehaus.groovy.grails.web.filters.HiddenHttpMethodFilter.doFilterInternal(HiddenHttpMethodFilter.java:69)
	at org.springframework.web.filter.OncePerRequestFilter.doFilter(OncePerRequestFilter.java:76)
	at org.apache.catalina.core.ApplicationFilterChain.internalDoFilter(ApplicationFilterChain.java:243)
	at org.apache.catalina.core.ApplicationFilterChain.doFilter(ApplicationFilterChain.java:210)
	at org.apache.shiro.web.servlet.AbstractShiroFilter.executeChain(AbstractShiroFilter.java:449)
	at org.apache.shiro.web.servlet.AbstractShiroFilter$1.call(AbstractShiroFilter.java:365)
	at org.apache.shiro.subject.support.SubjectCallable.doCall(SubjectCallable.java:90)
	at org.apache.shiro.subject.support.SubjectCallable.call(SubjectCallable.java:83)
	at org.apache.shiro.subject.support.DelegatingSubject.execute(DelegatingSubject.java:380)
	at org.apache.shiro.web.servlet.AbstractShiroFilter.doFilterInternal(AbstractShiroFilter.java:362)
	at org.apache.shiro.web.servlet.OncePerRequestFilter.doFilter(OncePerRequestFilter.java:125)
	at org.springframework.web.filter.DelegatingFilterProxy.invokeDelegate(DelegatingFilterProxy.java:346)
	at org.springframework.web.filter.DelegatingFilterProxy.doFilter(DelegatingFilterProxy.java:259)
	at org.apache.catalina.core.ApplicationFilterChain.internalDoFilter(ApplicationFilterChain.java:243)
	at org.apache.catalina.core.ApplicationFilterChain.doFilter(ApplicationFilterChain.java:210)
	at org.springframework.web.filter.CharacterEncodingFilter.doFilterInternal(CharacterEncodingFilter.java:88)
	at org.springframework.web.filter.OncePerRequestFilter.doFilter(OncePerRequestFilter.java:76)
	at org.springframework.web.filter.DelegatingFilterProxy.invokeDelegate(DelegatingFilterProxy.java:346)
	at org.springframework.web.filter.DelegatingFilterProxy.doFilter(DelegatingFilterProxy.java:259)
	at org.apache.catalina.core.ApplicationFilterChain.internalDoFilter(ApplicationFilterChain.java:243)
	at org.apache.catalina.core.ApplicationFilterChain.doFilter(ApplicationFilterChain.java:210)
	at org.apache.catalina.core.StandardWrapperValve.invoke(StandardWrapperValve.java:225)
	at org.apache.catalina.core.StandardContextValve.invoke(StandardContextValve.java:169)
	at org.apache.catalina.core.StandardHostValve.invoke(StandardHostValve.java:168)
	at org.apache.catalina.valves.ErrorReportValve.invoke(ErrorReportValve.java:98)
	at org.apache.catalina.core.StandardEngineValve.invoke(StandardEngineValve.java:118)
	at org.apache.catalina.connector.CoyoteAdapter.service(CoyoteAdapter.java:407)
	at org.apache.coyote.http11.AbstractHttp11Processor.process(AbstractHttp11Processor.java:999)
	at org.apache.coyote.AbstractProtocol$AbstractConnectionHandler.process(AbstractProtocol.java:565)
	at org.apache.tomcat.util.net.JIoEndpoint$SocketProcessor.run(JIoEndpoint.java:307)
	at java.util.concurrent.ThreadPoolExecutor.runWorker(ThreadPoolExecutor.java:1145)
	at java.util.concurrent.ThreadPoolExecutor$Worker.run(ThreadPoolExecutor.java:615)
	at java.lang.Thread.run(Thread.java:722)
</pre>
</div>
</div>
<div class="clear"></div>
</div>
<div class="testsuite error">
<div class="header">
<h2>membership</h2>
<h3>
                        Executed
                        6
                        tests
                    
                        with
                        2 errors

                        and
                        3 failures
                        .
                    </h3>
</div>
<div class="testcase clearfix error grid_8 alpha omega" data-name="new membership">
<div class="grid_3 alpha">
<p>
<span class="icon error"></span><b class="testname message error">new membership</b>
</p>
<p class="summary">Executed in 3.574 seconds.</p>
</div>
<div class="grid_5 omega outputinfo">
<div class="details">
<p>
<b class="message"></b>
</p>
<pre>java.lang.IllegalArgumentException
	at java.util.Date.parse(Date.java:615)
	at java.util.Date.&lt;init&gt;(Date.java:272)
	at MembershipSteps$_run_closure2.doCall(MembershipSteps.groovy:24)
	at ✽.And the system has no membership with member "usernametest", research group "taes" between "01-03-2012" and "01-06-2012"(Membership.feature:9)
</pre>
</div>
<div class="details">
<p>
<b class="message">Undefined Step: Then the membership with member "usernametest", research group "taes" between "01-03-2012" and "01-06-2012" is created</b>
</p>
<pre>cucumber.runtime.UndefinedStepException: Undefined Step: Then the membership with member "usernametest", research group "taes" between "01-03-2012" and "01-06-2012" is created
	at grails.plugin.cucumber.CucumberFormatter.resultUndefined(CucumberFormatter.groovy:242)
	at grails.plugin.cucumber.CucumberFormatter.result(CucumberFormatter.groovy:207)
	at cucumber.runtime.Runtime.runStep(Runtime.java:250)
	at cucumber.runtime.model.StepContainer.runStep(StepContainer.java:44)
	at cucumber.runtime.model.StepContainer.runSteps(StepContainer.java:39)
	at cucumber.runtime.model.CucumberScenario.run(CucumberScenario.java:36)
	at cucumber.runtime.model.CucumberFeature.run(CucumberFeature.java:112)
	at grails.plugin.cucumber.Cucumber$_run_closure2.doCall(Cucumber.groovy:58)
	at grails.plugin.cucumber.Cucumber.run(Cucumber.groovy:57)
	at grails.plugin.cucumber.CucumberTestType.runFeatures(CucumberTestType.groovy:102)
	at grails.plugin.cucumber.CucumberTestType.doRun(CucumberTestType.groovy:57)
</pre>
</div>
</div>
<div class="clear"></div>
</div>
<div class="testcase clearfix error grid_8 alpha omega" data-name="delete membership">
<div class="grid_3 alpha">
<p>
<span class="icon error"></span><b class="testname message error">delete membership</b>
</p>
<p class="summary">Executed in 3.342 seconds.</p>
</div>
<div class="grid_5 omega outputinfo">
<div class="details">
<p>
<b class="message">No such property: groupname for class: MembershipSteps</b>
</p>
<pre>groovy.lang.MissingPropertyException: No such property: groupname for class: MembershipSteps
	at MembershipSteps$_run_closure5.doCall(MembershipSteps.groovy:43)
	at ✽.Given the system has membership with member "usernametest", research group "taes" between "01-03-2012" and "01-06-2012"(Membership.feature:14)
</pre>
</div>
<div class="details">
<p>
<b class="message">Undefined Step: Then the membership with member "usernametest", research group "taes" between "01-03-2012" and "01-06-2012" is deleted</b>
</p>
<pre>cucumber.runtime.UndefinedStepException: Undefined Step: Then the membership with member "usernametest", research group "taes" between "01-03-2012" and "01-06-2012" is deleted
	at grails.plugin.cucumber.CucumberFormatter.resultUndefined(CucumberFormatter.groovy:242)
	at grails.plugin.cucumber.CucumberFormatter.result(CucumberFormatter.groovy:207)
	at cucumber.runtime.Runtime.runStep(Runtime.java:250)
	at cucumber.runtime.model.StepContainer.runStep(StepContainer.java:44)
	at cucumber.runtime.model.StepContainer.runSteps(StepContainer.java:39)
	at cucumber.runtime.model.CucumberScenario.run(CucumberScenario.java:36)
	at cucumber.runtime.model.CucumberFeature.run(CucumberFeature.java:112)
	at grails.plugin.cucumber.Cucumber$_run_closure2.doCall(Cucumber.groovy:58)
	at grails.plugin.cucumber.Cucumber.run(Cucumber.groovy:57)
	at grails.plugin.cucumber.CucumberTestType.runFeatures(CucumberTestType.groovy:102)
	at grails.plugin.cucumber.CucumberTestType.doRun(CucumberTestType.groovy:57)
</pre>
</div>
</div>
<div class="clear"></div>
</div>
<div class="testcase clearfix success grid_8 alpha omega" data-name="modify membership">
<div class="grid_3 alpha">
<p>
<span class="icon success"></span><b class="testname message success">modify membership</b>
</p>
<p class="summary">Executed in 0.039 seconds.</p>
</div>
<div class="grid_5 omega outputinfo"></div>
<div class="clear"></div>
</div>
<div class="testcase clearfix failure grid_8 alpha omega" data-name="access membership creation page from membership main page">
<div class="grid_3 alpha">
<p>
<span class="icon failure"></span><b class="testname message failure">access membership creation page from membership main page</b>
</p>
<p class="summary">Executed in 0.048 seconds.</p>
</div>
<div class="grid_5 omega outputinfo">
<div class="details">
<p>
<b class="message">Undefined Step: Given I am at the membership page</b>
</p>
<pre>cucumber.runtime.UndefinedStepException: Undefined Step: Given I am at the membership page
	at grails.plugin.cucumber.CucumberFormatter.resultUndefined(CucumberFormatter.groovy:242)
	at grails.plugin.cucumber.CucumberFormatter.result(CucumberFormatter.groovy:207)
	at cucumber.runtime.Runtime.runStep(Runtime.java:250)
	at cucumber.runtime.model.StepContainer.runStep(StepContainer.java:44)
	at cucumber.runtime.model.StepContainer.runSteps(StepContainer.java:39)
	at cucumber.runtime.model.CucumberScenario.run(CucumberScenario.java:36)
	at cucumber.runtime.model.CucumberFeature.run(CucumberFeature.java:112)
	at grails.plugin.cucumber.Cucumber$_run_closure2.doCall(Cucumber.groovy:58)
	at grails.plugin.cucumber.Cucumber.run(Cucumber.groovy:57)
	at grails.plugin.cucumber.CucumberTestType.runFeatures(CucumberTestType.groovy:102)
	at grails.plugin.cucumber.CucumberTestType.doRun(CucumberTestType.groovy:57)
</pre>
</div>
<div class="details">
<p>
<b class="message">Undefined Step: When I click the new membership option</b>
</p>
<pre>cucumber.runtime.UndefinedStepException: Undefined Step: When I click the new membership option
	at grails.plugin.cucumber.CucumberFormatter.resultUndefined(CucumberFormatter.groovy:242)
	at grails.plugin.cucumber.CucumberFormatter.result(CucumberFormatter.groovy:207)
	at cucumber.runtime.Runtime.runStep(Runtime.java:250)
	at cucumber.runtime.model.StepContainer.runStep(StepContainer.java:44)
	at cucumber.runtime.model.StepContainer.runSteps(StepContainer.java:39)
	at cucumber.runtime.model.CucumberScenario.run(CucumberScenario.java:36)
	at cucumber.runtime.model.CucumberFeature.run(CucumberFeature.java:112)
	at grails.plugin.cucumber.Cucumber$_run_closure2.doCall(Cucumber.groovy:58)
	at grails.plugin.cucumber.Cucumber.run(Cucumber.groovy:57)
	at grails.plugin.cucumber.CucumberTestType.runFeatures(CucumberTestType.groovy:102)
	at grails.plugin.cucumber.CucumberTestType.doRun(CucumberTestType.groovy:57)
</pre>
</div>
<div class="details">
<p>
<b class="message">Undefined Step: Then I am on the create page</b>
</p>
<pre>cucumber.runtime.UndefinedStepException: Undefined Step: Then I am on the create page
	at grails.plugin.cucumber.CucumberFormatter.resultUndefined(CucumberFormatter.groovy:242)
	at grails.plugin.cucumber.CucumberFormatter.result(CucumberFormatter.groovy:207)
	at cucumber.runtime.Runtime.runStep(Runtime.java:250)
	at cucumber.runtime.model.StepContainer.runStep(StepContainer.java:44)
	at cucumber.runtime.model.StepContainer.runSteps(StepContainer.java:39)
	at cucumber.runtime.model.CucumberScenario.run(CucumberScenario.java:36)
	at cucumber.runtime.model.CucumberFeature.run(CucumberFeature.java:112)
	at grails.plugin.cucumber.Cucumber$_run_closure2.doCall(Cucumber.groovy:58)
	at grails.plugin.cucumber.Cucumber.run(Cucumber.groovy:57)
	at grails.plugin.cucumber.CucumberTestType.runFeatures(CucumberTestType.groovy:102)
	at grails.plugin.cucumber.CucumberTestType.doRun(CucumberTestType.groovy:57)
</pre>
</div>
</div>
<div class="clear"></div>
</div>
<div class="testcase clearfix success grid_8 alpha omega" data-name="create membership with invalid data">
<div class="grid_3 alpha">
<p>
<span class="icon success"></span><b class="testname message success">create membership with invalid data</b>
</p>
<p class="summary">Executed in 0.034 seconds.</p>
</div>
<div class="grid_5 omega outputinfo"></div>
<div class="clear"></div>
</div>
<div class="testcase clearfix success grid_8 alpha omega" data-name="create membership with incomplete form">
<div class="grid_3 alpha">
<p>
<span class="icon success"></span><b class="testname message success">create membership with incomplete form</b>
</p>
<p class="summary">Executed in 0.002 seconds.</p>
</div>
<div class="grid_5 omega outputinfo"></div>
<div class="clear"></div>
</div>
<div class="clearfix output footer">
<div class="sysout">
<h2>Standard output</h2>
<pre class="stdout">@i9n
Feature: membership
  As an administrator of the RGMS system
  I want to add, remove and modify memberships in the system.

--Output from new membership--
  Scenario: new membership                                                                                                   # Membership.feature:7
    Given the system has member "usernametest" and research group "taes"                                                     # MembershipSteps.groovy:12
    And the system has no membership with member "usernametest", research group "taes" between "01-03-2012" and "01-06-2012" # MembershipSteps.groovy:21
      java.lang.IllegalArgumentException
      	at java.util.Date.parse(Date.java:615)
      	at java.util.Date.&lt;init&gt;(Date.java:272)
      	at sun.reflect.NativeConstructorAccessorImpl.newInstance0(Native Method)
      	at sun.reflect.NativeConstructorAccessorImpl.newInstance(NativeConstructorAccessorImpl.java:57)
      	at sun.reflect.DelegatingConstructorAccessorImpl.newInstance(DelegatingConstructorAccessorImpl.java:45)
      	at java.lang.reflect.Constructor.newInstance(Constructor.java:525)
      	at org.codehaus.groovy.reflection.CachedConstructor.invoke(CachedConstructor.java:77)
      	at org.codehaus.groovy.runtime.callsite.ConstructorSite$ConstructorSiteNoUnwrapNoCoerce.callConstructor(ConstructorSite.java:102)
      	at org.codehaus.groovy.runtime.callsite.CallSiteArray.defaultCallConstructor(CallSiteArray.java:54)
      	at org.codehaus.groovy.runtime.callsite.AbstractCallSite.callConstructor(AbstractCallSite.java:182)
      	at org.codehaus.groovy.runtime.callsite.AbstractCallSite.callConstructor(AbstractCallSite.java:190)
      	at MembershipSteps$_run_closure2.doCall(MembershipSteps.groovy:24)
      	at ?.And the system has no membership with member "usernametest", research group "taes" between "01-03-2012" and "01-06-2012"(Membership.feature:9)

    When I create a membership with member "usernametest", research group "taes" between "01-03-2012" and "01-06-2012"       # MembershipSteps.groovy:28
    Then the membership with member "usernametest", research group "taes" between "01-03-2012" and "01-06-2012" is created

--Output from delete membership--
  Scenario: delete membership                                                                                               # Membership.feature:13
    Given the system has membership with member "usernametest", research group "taes" between "01-03-2012" and "01-06-2012" # MembershipSteps.groovy:39
      groovy.lang.MissingPropertyException: No such property: groupname for class: MembershipSteps
      	at org.codehaus.groovy.runtime.ScriptBytecodeAdapter.unwrap(ScriptBytecodeAdapter.java:50)
      	at org.codehaus.groovy.runtime.callsite.PogoGetPropertySite.getProperty(PogoGetPropertySite.java:49)
      	at org.codehaus.groovy.runtime.callsite.AbstractCallSite.callGroovyObjectGetProperty(AbstractCallSite.java:231)
      	at MembershipSteps$_run_closure5.doCall(MembershipSteps.groovy:43)
      	at ?.Given the system has membership with member "usernametest", research group "taes" between "01-03-2012" and "01-06-2012"(Membership.feature:14)

    When I delete a membership with member "usernametest", research group "taes" between "01-03-2012" and "01-06-2012"      # MembershipSteps.groovy:53
    Then the membership with member "usernametest", research group "taes" between "01-03-2012" and "01-06-2012" is deleted

--Output from modify membership--
--Output from access membership creation page from membership main page--
  Scenario: modify membership # Membership.feature:19
    //TODO


  Scenario: access membership creation page from membership main page # Membership.feature:23
    Given I am at the membership page
    When I click the new membership option
    Then I am on the create page

--Output from create membership with invalid data--
--Output from create membership with incomplete form--
  Scenario: create membership with invalid data # Membership.feature:28
    //TODO


  Scenario: create membership with incomplete form # Membership.feature:31
    //TODO

</pre>
</div>
<div class="syserr">
<h2>System error</h2>
<pre class="syserr">
--Output from new membership--
--Output from delete membership--
--Output from modify membership--
--Output from access membership creation page from membership main page--
--Output from create membership with invalid data--
--Output from create membership with incomplete form--</pre>
</div>
</div>
<div class="clear"></div>
</div>
<div class="testsuite failure">
<div class="header">
<h2>member</h2>
<h3>
                        Executed
                        7
                        tests
                    
                        with
                        one failure
                        .
                    </h3>
</div>
<div class="testcase clearfix success grid_8 alpha omega" data-name="new member">
<div class="grid_3 alpha">
<p>
<span class="icon success"></span><b class="testname message success">new member</b>
</p>
<p class="summary">Executed in 3.985 seconds.</p>
</div>
<div class="grid_5 omega outputinfo"></div>
<div class="clear"></div>
</div>
<div class="testcase clearfix success grid_8 alpha omega" data-name="delete member">
<div class="grid_3 alpha">
<p>
<span class="icon success"></span><b class="testname message success">delete member</b>
</p>
<p class="summary">Executed in 3.496 seconds.</p>
</div>
<div class="grid_5 omega outputinfo"></div>
<div class="clear"></div>
</div>
<div class="testcase clearfix success grid_8 alpha omega" data-name="new member with existing username">
<div class="grid_3 alpha">
<p>
<span class="icon success"></span><b class="testname message success">new member with existing username</b>
</p>
<p class="summary">Executed in 3.325 seconds.</p>
</div>
<div class="grid_5 omega outputinfo"></div>
<div class="clear"></div>
</div>
<div class="testcase clearfix success grid_8 alpha omega" data-name="login with incorrect password">
<div class="grid_3 alpha">
<p>
<span class="icon success"></span><b class="testname message success">login with incorrect password</b>
</p>
<p class="summary">Executed in 0.685 seconds.</p>
</div>
<div class="grid_5 omega outputinfo"></div>
<div class="clear"></div>
</div>
<div class="testcase clearfix success grid_8 alpha omega" data-name="user registration">
<div class="grid_3 alpha">
<p>
<span class="icon success"></span><b class="testname message success">user registration</b>
</p>
<p class="summary">Executed in 1.985 seconds.</p>
</div>
<div class="grid_5 omega outputinfo"></div>
<div class="clear"></div>
</div>
<div class="testcase clearfix failure grid_8 alpha omega" data-name="create member">
<div class="grid_3 alpha">
<p>
<span class="icon failure"></span><b class="testname message failure">create member</b>
</p>
<p class="summary">Executed in 7.345 seconds.</p>
</div>
<div class="grid_5 omega outputinfo">
<div class="details">
<p>
<b class="message">title ==~ /Member Listagem/
|     |
|     false
Ver Member</b>
</p>
<pre>Assertion failed: 

title ==~ /Member Listagem/
|     |
|     false
Ver Member

	at pages.MemberListPage$__clinit__closure1.doCall(MemberListPage.groovy:9)
	at geb.Page.verifyAt(Page.groovy:132)
	at geb.Browser.doAt(Browser.groovy:335)
	at geb.Browser.at(Browser.groovy:259)
	at geb.binding.BindingUpdater$InvocationForwarding.doCall(BindingUpdater.groovy:72)
	at MemberSteps$_run_closure17.doCall(MemberSteps.groovy:105)
	at ✽.Then I am on the list page(Member.feature:36)
</pre>
</div>
</div>
<div class="clear"></div>
</div>
<div class="testcase clearfix success grid_8 alpha omega" data-name="register user with invalid data">
<div class="grid_3 alpha">
<p>
<span class="icon success"></span><b class="testname message success">register user with invalid data</b>
</p>
<p class="summary">Executed in 1.662 seconds.</p>
</div>
<div class="grid_5 omega outputinfo"></div>
<div class="clear"></div>
</div>
<div class="clearfix output footer">
<div class="sysout">
<h2>Standard output</h2>
<pre class="stdout">@i9n
Feature: member
  As an administrator of the RGMS system
  I want to add, remove and modify users in the system.

--Output from new member--
  Scenario: new member                                                            # Member.feature:7
    Given the system has no member with username "usernametest"                   # MemberSteps.groovy:11
    When I create a member with username "usernametest"                           # MemberSteps.groovy:16
    Then the member with username "usernametest" is properly stored by the system # MemberSteps.groovy:20

--Output from delete member--
  Scenario: delete member                                    # Member.feature:12
    Given the system has member with username "usernametest" # MemberSteps.groovy:57
    When I delete a member with username "usernametest"      # MemberSteps.groovy:63
    Then the member with "usernametest" doesnt exist         # MemberSteps.groovy:67

--Output from new member with existing username--
  Scenario: new member with existing username                # Member.feature:17
    Given the system has member with username "usernametest" # MemberSteps.groovy:57
    When I create the member with username "usernametest"    # MemberSteps.groovy:80
    Then the member "usernametest" is not registered         # MemberSteps.groovy:84

--Output from login with incorrect password--
  Scenario: login with incorrect password                                  # Member.feature:23
    Given I am at the login page                                           # MemberSteps.groovy:26
ENTROU no signIn
Enabled == true    When I fill username and password with "admin" and "incorrectpassword" # MemberSteps.groovy:33
    Then I am still on the login page with an error message                # MemberSteps.groovy:37

--Output from user registration--
  Scenario: user registration                                                                                       # Member.feature:28
ENTROU no registerparams NULL    Given I am at the register page                                                                                 # MemberSteps.groovy:42
    When I fill the user details with "jose" "josesilva" "123456" "123456" "jose@ufpe.br" "UFPE" "Graduate Student" # MemberSteps.groovy:47
    Then I am still on the register page with the message user created                                              # MemberSteps.groovy:52

--Output from create member--
  Scenario: create member                                                      # Member.feature:33
ENTROU no signIn
Enabled == trueENTROU NO TRYJefferson Almeida    Given I am at the create member page                                       # MemberSteps.groovy:91
    When I fill the user details with "jose" "josesilva" "jose@ufpe.br" "UFPE" # MemberSteps.groovy:99
    Then I am on the list page                                                 # MemberSteps.groovy:104
      Assertion failed: 
      
      title ==~ /Member Listagem/
      |     |
      |     false
      Ver Member
      
      	at org.codehaus.groovy.runtime.InvokerHelper.assertFailed(InvokerHelper.java:386)
      	at org.codehaus.groovy.runtime.ScriptBytecodeAdapter.assertFailed(ScriptBytecodeAdapter.java:658)
      	at pages.MemberListPage$__clinit__closure1.doCall(MemberListPage.groovy:9)
      	at sun.reflect.NativeMethodAccessorImpl.invoke0(Native Method)
      	at sun.reflect.NativeMethodAccessorImpl.invoke(NativeMethodAccessorImpl.java:57)
      	at sun.reflect.DelegatingMethodAccessorImpl.invoke(DelegatingMethodAccessorImpl.java:43)
      	at java.lang.reflect.Method.invoke(Method.java:601)
      	at org.codehaus.groovy.runtime.callsite.PogoMetaMethodSite$PogoCachedMethodSite.invoke(PogoMetaMethodSite.java:226)
      	at org.codehaus.groovy.runtime.callsite.PogoMetaMethodSite.callCurrent(PogoMetaMethodSite.java:52)
      	at org.codehaus.groovy.runtime.callsite.CallSiteArray.defaultCallCurrent(CallSiteArray.java:46)
      	at org.codehaus.groovy.runtime.callsite.AbstractCallSite.callCurrent(AbstractCallSite.java:133)
      	at org.codehaus.groovy.runtime.callsite.AbstractCallSite.callCurrent(AbstractCallSite.java:141)
      	at pages.MemberListPage$__clinit__closure1.doCall(MemberListPage.groovy)
      	at sun.reflect.NativeMethodAccessorImpl.invoke0(Native Method)
      	at sun.reflect.NativeMethodAccessorImpl.invoke(NativeMethodAccessorImpl.java:57)
      	at sun.reflect.DelegatingMethodAccessorImpl.invoke(DelegatingMethodAccessorImpl.java:43)
      	at java.lang.reflect.Method.invoke(Method.java:601)
      	at org.codehaus.groovy.reflection.CachedMethod.invoke(CachedMethod.java:90)
      	at groovy.lang.MetaMethod.doMethodInvoke(MetaMethod.java:233)
      	at groovy.lang.MetaClassImpl.invokeMethod(MetaClassImpl.java:1047)
      	at groovy.lang.ExpandoMetaClass.invokeMethod(ExpandoMetaClass.java:1110)
      	at groovy.lang.MetaClassImpl.invokeMethod(MetaClassImpl.java:877)
      	at groovy.lang.Closure.call(Closure.java:412)
      	at groovy.lang.Closure.call(Closure.java:406)
      	at java_util_concurrent_Callable$call.call(Unknown Source)
      	at org.codehaus.groovy.runtime.callsite.CallSiteArray.defaultCall(CallSiteArray.java:42)
      	at java_util_concurrent_Callable$call.call(Unknown Source)
      	at geb.Page.verifyAt(Page.groovy:132)
      	at geb.Page$verifyAt.call(Unknown Source)
      	at org.codehaus.groovy.runtime.callsite.CallSiteArray.defaultCall(CallSiteArray.java:42)
      	at geb.Page$verifyAt.call(Unknown Source)
      	at geb.Browser.doAt(Browser.groovy:335)
      	at geb.Browser.this$2$doAt(Browser.groovy)
      	at geb.Browser$this$2$doAt.callCurrent(Unknown Source)
      	at org.codehaus.groovy.runtime.callsite.CallSiteArray.defaultCallCurrent(CallSiteArray.java:46)
      	at geb.Browser$this$2$doAt.callCurrent(Unknown Source)
      	at geb.Browser.at(Browser.groovy:259)
      	at sun.reflect.NativeMethodAccessorImpl.invoke0(Native Method)
      	at sun.reflect.NativeMethodAccessorImpl.invoke(NativeMethodAccessorImpl.java:57)
      	at sun.reflect.DelegatingMethodAccessorImpl.invoke(DelegatingMethodAccessorImpl.java:43)
      	at java.lang.reflect.Method.invoke(Method.java:601)
      	at org.codehaus.groovy.reflection.CachedMethod.invoke(CachedMethod.java:90)
      	at groovy.lang.MetaMethod.doMethodInvoke(MetaMethod.java:233)
      	at groovy.lang.MetaClassImpl.invokeMethod(MetaClassImpl.java:1047)
      	at groovy.lang.ExpandoMetaClass.invokeMethod(ExpandoMetaClass.java:1110)
      	at groovy.lang.MetaClassImpl.invokeMethod(MetaClassImpl.java:877)
      	at org.codehaus.groovy.runtime.InvokerHelper.invokePogoMethod(InvokerHelper.java:793)
      	at org.codehaus.groovy.runtime.InvokerHelper.invokeMethod(InvokerHelper.java:776)
      	at org.codehaus.groovy.runtime.ScriptBytecodeAdapter.invokeMethodN(ScriptBytecodeAdapter.java:164)
      	at geb.binding.BindingUpdater$InvocationForwarding.doCall(BindingUpdater.groovy:72)
      	at sun.reflect.GeneratedMethodAccessor672.invoke(Unknown Source)
      	at sun.reflect.DelegatingMethodAccessorImpl.invoke(DelegatingMethodAccessorImpl.java:43)
      	at java.lang.reflect.Method.invoke(Method.java:601)
      	at org.codehaus.groovy.reflection.CachedMethod.invoke(CachedMethod.java:90)
      	at groovy.lang.MetaMethod.doMethodInvoke(MetaMethod.java:233)
      	at groovy.lang.MetaClassImpl.invokeMethod(MetaClassImpl.java:1047)
      	at groovy.lang.ExpandoMetaClass.invokeMethod(ExpandoMetaClass.java:1110)
      	at groovy.lang.MetaClassImpl.invokeMethod(MetaClassImpl.java:877)
      	at groovy.lang.Closure.call(Closure.java:412)
      	at groovy.lang.Closure.call(Closure.java:425)
      	at sun.reflect.GeneratedMethodAccessor73.invoke(Unknown Source)
      	at sun.reflect.DelegatingMethodAccessorImpl.invoke(DelegatingMethodAccessorImpl.java:43)
      	at java.lang.reflect.Method.invoke(Method.java:601)
      	at org.codehaus.groovy.reflection.CachedMethod.invoke(CachedMethod.java:90)
      	at groovy.lang.MetaMethod.doMethodInvoke(MetaMethod.java:233)
      	at groovy.lang.MetaClassImpl.invokeMethod(MetaClassImpl.java:1047)
      	at groovy.lang.ExpandoMetaClass.invokeMethod(ExpandoMetaClass.java:1110)
      	at groovy.lang.MetaClassImpl.invokeMethod(MetaClassImpl.java:877)
      	at groovy.lang.MetaClassImpl.invokePropertyOrMissing(MetaClassImpl.java:1093)
      	at groovy.lang.MetaClassImpl.invokeMethod(MetaClassImpl.java:1049)
      	at groovy.lang.ExpandoMetaClass.invokeMethod(ExpandoMetaClass.java:1110)
      	at groovy.lang.MetaClassImpl.invokeMethod(MetaClassImpl.java:877)
      	at groovy.lang.MetaClassImpl.invokeMethod(MetaClassImpl.java:697)
      	at groovy.lang.GroovyObjectSupport.invokeMethod(GroovyObjectSupport.java:44)
      	at groovy.lang.Script.invokeMethod(Script.java:78)
      	at groovy.lang.MetaClassImpl.invokeMethodOnGroovyObject(MetaClassImpl.java:1112)
      	at groovy.lang.MetaClassImpl.invokeMethod(MetaClassImpl.java:1006)
      	at groovy.lang.ExpandoMetaClass.invokeMethod(ExpandoMetaClass.java:1110)
      	at groovy.lang.MetaClassImpl.invokeMethod(MetaClassImpl.java:877)
      	at org.codehaus.groovy.runtime.callsite.PogoMetaClassSite.callCurrent(PogoMetaClassSite.java:66)
      	at org.codehaus.groovy.runtime.callsite.CallSiteArray.defaultCallCurrent(CallSiteArray.java:46)
      	at org.codehaus.groovy.runtime.callsite.AbstractCallSite.callCurrent(AbstractCallSite.java:133)
      	at org.codehaus.groovy.runtime.callsite.AbstractCallSite.callCurrent(AbstractCallSite.java:141)
      	at MemberSteps$_run_closure17.doCall(MemberSteps.groovy:105)
      	at ?.Then I am on the list page(Member.feature:36)


--Output from register user with invalid data--
  Scenario: register user with invalid data                                # Member.feature:38
ENTROU no signIn
Enabled == trueENTROU NO TRYJefferson Almeida    Given I am at the create member page                                   # MemberSteps.groovy:91
    When I fill the user details with "jose" "josesilva" "jose@com" "UFPE" # MemberSteps.groovy:99
    Then I am still on the create member page with the error message       # MemberSteps.groovy:119
</pre>
</div>
<div class="syserr">
<h2>System error</h2>
<pre class="syserr">
--Output from new member--
--Output from delete member--
--Output from new member with existing username--
--Output from login with incorrect password--
--Output from user registration--
--Output from create member--
--Output from register user with invalid data--</pre>
</div>
</div>
<div class="clear"></div>
</div>
<div class="clear"></div>
</div>
<!--
            Parses JUnit output and associates it with the corresponding test case
        -->
<script language="javascript">


/**
 * The JUnit report format is incredibly stuipd in the
 * sense that it accumulates output from all test methods
 * into a single xml node.
 */
(function() {

    var outputElements = findOutputElements();
    for (var i in outputElements) {
        var outputElement = outputElements[i];
        var textOutput = outputElement.element.firstChild.nodeValue;
        var header = outputElement.getHeader();
        appendTestMethodOutput(textOutput, header);
    }

    function findOutputElements() {
        var outputElements = [];
        var preElements = document.getElementsByTagName("pre");
        for (var i in preElements) {
            var preElement = preElements[i];
            var className = preElement.className || "";
            if (className.indexOf("stdout") >= 0) {
                var outputElement = new OutputElement(preElement, "output");
                outputElements.push(outputElement);
            } else if (className.indexOf("syserr") >= 0) {
                var outputElement = new OutputElement(preElement, "error");
                outputElements.push(outputElement);
            }
        }

        return outputElements;
    }

    function OutputElement(element, type) {
        this.element = element;
        this.type = type;

        this.getHeader = function() {
            if (type === "output") {
                return "System output";
            } else if ("error") {
                return "System error";
            }
        }
    }

    function appendTestMethodOutput(text, header) {
        var testOutput = new TestMethodOutput(header);

        var lines = text.split(/\r\n|\r|\n/);
        for (var i in lines) {
            var line = lines[i];
            var matches = line.match(/^--Output from (.*)--$/);
            if (matches !== null && matches.length == 2) {
                testOutput.flushToDom();
                testOutput.testName = matches[1];
            } else {
                testOutput.addLine(line);
            }
        }

        testOutput.flushToDom();
    }

    function TestMethodOutput(header) {
        this.header = header;
        this.testName = undefined;
        this.buffer = "";

        this.addLine = function(line) {
            this.buffer += line + "\n";
        }

        this.flushToDom = function() {
            if (this.testName !== undefined) {
                var domNode = getTestcaseElementByName(this.testName);
                if (domNode !== undefined && trimString(this.buffer).length > 0) {
                    this.appendTo(domNode);
                }

                this.reset();
            }
        }

        this.appendTo = function(domNode) {
            var node = document.createElement("div");
            node.innerHTML = '<p><b class="message">' + header + '</b></p>';

            var preNode = document.createElement("pre");
            preNode.appendChild(document.createTextNode(this.buffer));
            node.appendChild(preNode);

            var outputContainer = findElementByTagClassAndParent("div", "outputinfo", domNode);
            outputContainer.appendChild(node);
        }

        this.reset = function() {
            this.methodName = undefined;
            this.buffer = "";
        }
    }

    function getTestcaseElementByName(name) {
        var divElements = document.getElementsByTagName("div");
        var elementCount = divElements.length;
        for (var i=0; i<elementCount; i++) {
            var el = divElements[i];
            if (el.getAttribute("data-name") === name) {
                return el;
            }
        }
    }

    function findElementByTagClassAndParent(tagName, className, parentNode) {
        var elements = parentNode.getElementsByTagName(tagName);
        for (var i in elements) {
            var element = elements[i];

            // Not 100% correct, but good enough here
            if (element.className !== undefined && element.className.indexOf(className) >= 0) {
                return element;
            }
        }
    }

    function trimString(str) {
        return str.replace(/^\s\s*/, '').replace(/\s\s*$/, '');
    }

})();

        </script>
</body>
</html>
