Testsuite: journal article
Tests run: 5, Failures: 1, Errors: 4, Time elapsed: 7.429 sec
------------- Standard Output ---------------
@i9n
Feature: journal article
  As a member of a research group
  I want to add, remove and modify journal articles I have published
  so that I can generate web pages and reports containing these articles

--Output from new article--
  Scenario: new article                                                                               # Article.feature:7
    Given the system has no article entitled "A theory of software product line refinement"           # ArticleSteps.groovy:10
    When I create the article "A theory of software product line refinement" with file name "TCS.pdf" # ArticleSteps.groovy:15
      java.io.FileNotFoundException: web-app\uploads\TCS.pdf (The system cannot find the path specified)
      	at java.io.FileOutputStream.open(Native Method)
      	at java.io.FileOutputStream.<init>(FileOutputStream.java:212)
      	at java.io.FileOutputStream.<init>(FileOutputStream.java:165)
      	at sun.reflect.NativeConstructorAccessorImpl.newInstance0(Native Method)
      	at sun.reflect.NativeConstructorAccessorImpl.newInstance(NativeConstructorAccessorImpl.java:57)
      	at sun.reflect.DelegatingConstructorAccessorImpl.newInstance(DelegatingConstructorAccessorImpl.java:45)
      	at java.lang.reflect.Constructor.newInstance(Constructor.java:525)
      	at org.codehaus.groovy.reflection.CachedConstructor.invoke(CachedConstructor.java:77)
      	at org.codehaus.groovy.runtime.callsite.ConstructorSite$ConstructorSiteNoUnwrapNoCoerce.callConstructor(ConstructorSite.java:102)
      	at org.codehaus.groovy.runtime.callsite.CallSiteArray.defaultCallConstructor(CallSiteArray.java:54)
      	at org.codehaus.groovy.runtime.callsite.AbstractCallSite.callConstructor(AbstractCallSite.java:182)
      	at org.codehaus.groovy.runtime.callsite.AbstractCallSite.callConstructor(AbstractCallSite.java:190)
      	at rgms.publication.PublicationController.upload(PublicationController.groovy:37)
      	at rgms.publication.PublicationController$upload.call(Unknown Source)
      	at org.codehaus.groovy.runtime.callsite.CallSiteArray.defaultCall(CallSiteArray.java:42)
      	at org.codehaus.groovy.runtime.callsite.AbstractCallSite.call(AbstractCallSite.java:108)
      	at org.codehaus.groovy.runtime.callsite.AbstractCallSite.call(AbstractCallSite.java:116)
      	at rgms.publication.PeriodicoController.save(PeriodicoController.groovy:28)
      	at rgms.publication.PeriodicoController$save.call(Unknown Source)
      	at org.codehaus.groovy.runtime.callsite.CallSiteArray.defaultCall(CallSiteArray.java:42)
      	at org.codehaus.groovy.runtime.callsite.AbstractCallSite.call(AbstractCallSite.java:108)
      	at org.codehaus.groovy.runtime.callsite.AbstractCallSite.call(AbstractCallSite.java:112)
      	at steps.TestDataAndOperations.createArticle(TestDataAndOperations.groovy:118)
      	at steps.TestDataAndOperations$createArticle.call(Unknown Source)
      	at org.codehaus.groovy.runtime.callsite.CallSiteArray.defaultCall(CallSiteArray.java:42)
      	at org.codehaus.groovy.runtime.callsite.AbstractCallSite.call(AbstractCallSite.java:108)
      	at org.codehaus.groovy.runtime.callsite.AbstractCallSite.call(AbstractCallSite.java:120)
      	at ArticleSteps$_run_closure2.doCall(ArticleSteps.groovy:16)
      	at ?.When I create the article "A theory of software product line refinement" with file name "TCS.pdf"(Article.feature:9)

    Then the article "A theory of software product line refinement" is properly stored by the system  # ArticleSteps.groovy:19

--Output from new invalid article--
  Scenario: new invalid article                                                                                              # Article.feature:12
    Given the system has no article entitled "Algebraic reasoning for object-oriented programming"                           # ArticleSteps.groovy:10
    When I create the article "Algebraic reasoning for object-oriented programming" with file name "SCP.pdf"                 # ArticleSteps.groovy:15
      java.io.FileNotFoundException: web-app\uploads\SCP.pdf (The system cannot find the path specified)
      	at java.io.FileOutputStream.open(Native Method)
      	at java.io.FileOutputStream.<init>(FileOutputStream.java:212)
      	at java.io.FileOutputStream.<init>(FileOutputStream.java:165)
      	at sun.reflect.NativeConstructorAccessorImpl.newInstance0(Native Method)
      	at sun.reflect.NativeConstructorAccessorImpl.newInstance(NativeConstructorAccessorImpl.java:57)
      	at sun.reflect.DelegatingConstructorAccessorImpl.newInstance(DelegatingConstructorAccessorImpl.java:45)
      	at java.lang.reflect.Constructor.newInstance(Constructor.java:525)
      	at org.codehaus.groovy.reflection.CachedConstructor.invoke(CachedConstructor.java:77)
      	at org.codehaus.groovy.runtime.callsite.ConstructorSite$ConstructorSiteNoUnwrapNoCoerce.callConstructor(ConstructorSite.java:102)
      	at org.codehaus.groovy.runtime.callsite.AbstractCallSite.callConstructor(AbstractCallSite.java:190)
      	at rgms.publication.PublicationController.upload(PublicationController.groovy:37)
      	at rgms.publication.PublicationController$upload.call(Unknown Source)
      	at rgms.publication.PeriodicoController.save(PeriodicoController.groovy:28)
      	at rgms.publication.PeriodicoController$save.call(Unknown Source)
      	at steps.TestDataAndOperations.createArticle(TestDataAndOperations.groovy:118)
      	at steps.TestDataAndOperations$createArticle.call(Unknown Source)
      	at ArticleSteps$_run_closure2.doCall(ArticleSteps.groovy:16)
      	at ?.When I create the article "Algebraic reasoning for object-oriented programming" with file name "SCP.pdf"(Article.feature:14)

    Then the article "Algebraic reasoning for object-oriented programming" is not stored by the system because it is invalid # ArticleSteps.groovy:24

--Output from duplicate article--
  Scenario: duplicate article                                                                                           # Article.feature:17
    Given the article "A theory of software product line refinement" is stored in the system with file name "TCS-0.pdf" # ArticleSteps.groovy:29
      java.io.FileNotFoundException: web-app\uploads\TCS-0.pdf (The system cannot find the path specified)
      	at java.io.FileOutputStream.open(Native Method)
      	at java.io.FileOutputStream.<init>(FileOutputStream.java:212)
      	at java.io.FileOutputStream.<init>(FileOutputStream.java:165)
      	at sun.reflect.NativeConstructorAccessorImpl.newInstance0(Native Method)
      	at sun.reflect.NativeConstructorAccessorImpl.newInstance(NativeConstructorAccessorImpl.java:57)
      	at sun.reflect.DelegatingConstructorAccessorImpl.newInstance(DelegatingConstructorAccessorImpl.java:45)
      	at java.lang.reflect.Constructor.newInstance(Constructor.java:525)
      	at org.codehaus.groovy.reflection.CachedConstructor.invoke(CachedConstructor.java:77)
      	at org.codehaus.groovy.runtime.callsite.ConstructorSite$ConstructorSiteNoUnwrapNoCoerce.callConstructor(ConstructorSite.java:102)
      	at org.codehaus.groovy.runtime.callsite.AbstractCallSite.callConstructor(AbstractCallSite.java:190)
      	at rgms.publication.PublicationController.upload(PublicationController.groovy:37)
      	at rgms.publication.PublicationController$upload.call(Unknown Source)
      	at rgms.publication.PeriodicoController.save(PeriodicoController.groovy:28)
      	at rgms.publication.PeriodicoController$save.call(Unknown Source)
      	at steps.TestDataAndOperations.createArticle(TestDataAndOperations.groovy:118)
      	at steps.TestDataAndOperations$createArticle.call(Unknown Source)
      	at org.codehaus.groovy.runtime.callsite.CallSiteArray.defaultCall(CallSiteArray.java:42)
      	at org.codehaus.groovy.runtime.callsite.AbstractCallSite.call(AbstractCallSite.java:108)
      	at org.codehaus.groovy.runtime.callsite.AbstractCallSite.call(AbstractCallSite.java:120)
      	at ArticleSteps$_run_closure5.doCall(ArticleSteps.groovy:30)
      	at ?.Given the article "A theory of software product line refinement" is stored in the system with file name "TCS-0.pdf"(Article.feature:18)

    When I create the article "A theory of software product line refinement" with file name "TCS-1.pdf"                 # ArticleSteps.groovy:15
    Then the article "A theory of software product line refinement" is not stored twice                                 # ArticleSteps.groovy:35

--Output from alternative duplicate article--
  Scenario: alternative duplicate article                                                           # Article.feature:22
    Given the system has no article entitled "A theory of software product line refinement"         # ArticleSteps.groovy:10
    When I create the article "A theory of software product line refinement" with file name "TCS-2" # ArticleSteps.groovy:15
      java.io.FileNotFoundException: web-app\uploads\TCS-2 (The system cannot find the path specified)
      	at java.io.FileOutputStream.open(Native Method)
      	at java.io.FileOutputStream.<init>(FileOutputStream.java:212)
      	at java.io.FileOutputStream.<init>(FileOutputStream.java:165)
      	at sun.reflect.NativeConstructorAccessorImpl.newInstance0(Native Method)
      	at sun.reflect.NativeConstructorAccessorImpl.newInstance(NativeConstructorAccessorImpl.java:57)
      	at sun.reflect.DelegatingConstructorAccessorImpl.newInstance(DelegatingConstructorAccessorImpl.java:45)
      	at java.lang.reflect.Constructor.newInstance(Constructor.java:525)
      	at org.codehaus.groovy.reflection.CachedConstructor.invoke(CachedConstructor.java:77)
      	at org.codehaus.groovy.runtime.callsite.ConstructorSite$ConstructorSiteNoUnwrapNoCoerce.callConstructor(ConstructorSite.java:102)
      	at org.codehaus.groovy.runtime.callsite.AbstractCallSite.callConstructor(AbstractCallSite.java:190)
      	at rgms.publication.PublicationController.upload(PublicationController.groovy:37)
      	at rgms.publication.PublicationController$upload.call(Unknown Source)
      	at rgms.publication.PeriodicoController.save(PeriodicoController.groovy:28)
      	at rgms.publication.PeriodicoController$save.call(Unknown Source)
      	at steps.TestDataAndOperations.createArticle(TestDataAndOperations.groovy:118)
      	at steps.TestDataAndOperations$createArticle.call(Unknown Source)
      	at ArticleSteps$_run_closure2.doCall(ArticleSteps.groovy:16)
      	at ?.When I create the article "A theory of software product line refinement" with file name "TCS-2"(Article.feature:24)

    And I create the article "A theory of software product line refinement" with file name "TCS-3"  # ArticleSteps.groovy:15
    Then the article "A theory of software product line refinement" is not stored twice             # ArticleSteps.groovy:35

--Output from new article web--
  Scenario: new article web                                       # Article.feature:28
ENTROU no signIn
Enabled == trueENTROU NO TRYJefferson Almeida    Given I am at the publications menu                           # ArticleSteps.groovy:42
    When I select the "Periodico" option at the publications menu # ArticleSteps.groovy:49
    And I select the new article option at the article page       # ArticleSteps.groovy:53
      Assertion failed: 
      
      title ==~ /Journal List/
      |     |
      |     false
      Periódico Listagem
      
      	at org.codehaus.groovy.runtime.InvokerHelper.assertFailed(InvokerHelper.java:386)
      	at org.codehaus.groovy.runtime.ScriptBytecodeAdapter.assertFailed(ScriptBytecodeAdapter.java:658)
      	at pages.ArticlesPage$__clinit__closure1.doCall(ArticlesPage.groovy:9)
      	at sun.reflect.NativeMethodAccessorImpl.invoke0(Native Method)
      	at sun.reflect.NativeMethodAccessorImpl.invoke(NativeMethodAccessorImpl.java:57)
      	at sun.reflect.DelegatingMethodAccessorImpl.invoke(DelegatingMethodAccessorImpl.java:43)
      	at java.lang.reflect.Method.invoke(Method.java:601)
      	at org.codehaus.groovy.runtime.callsite.PogoMetaMethodSite$PogoCachedMethodSite.invoke(PogoMetaMethodSite.java:226)
      	at org.codehaus.groovy.runtime.callsite.PogoMetaMethodSite.callCurrent(PogoMetaMethodSite.java:52)
      	at org.codehaus.groovy.runtime.callsite.CallSiteArray.defaultCallCurrent(CallSiteArray.java:46)
      	at org.codehaus.groovy.runtime.callsite.AbstractCallSite.callCurrent(AbstractCallSite.java:133)
      	at org.codehaus.groovy.runtime.callsite.AbstractCallSite.callCurrent(AbstractCallSite.java:141)
      	at pages.ArticlesPage$__clinit__closure1.doCall(ArticlesPage.groovy)
      	at sun.reflect.NativeMethodAccessorImpl.invoke0(Native Method)
      	at sun.reflect.NativeMethodAccessorImpl.invoke(NativeMethodAccessorImpl.java:57)
      	at sun.reflect.DelegatingMethodAccessorImpl.invoke(DelegatingMethodAccessorImpl.java:43)
      	at java.lang.reflect.Method.invoke(Method.java:601)
      	at org.codehaus.groovy.reflection.CachedMethod.invoke(CachedMethod.java:90)
      	at groovy.lang.MetaMethod.doMethodInvoke(MetaMethod.java:233)
      	at groovy.lang.MetaClassImpl.invokeMethod(MetaClassImpl.java:1047)
      	at groovy.lang.ExpandoMetaClass.invokeMethod(ExpandoMetaClass.java:1110)
      	at groovy.lang.MetaClassImpl.invokeMethod(MetaClassImpl.java:877)
      	at groovy.lang.Closure.call(Closure.java:412)
      	at groovy.lang.Closure.call(Closure.java:406)
      	at java_util_concurrent_Callable$call.call(Unknown Source)
      	at org.codehaus.groovy.runtime.callsite.CallSiteArray.defaultCall(CallSiteArray.java:42)
      	at java_util_concurrent_Callable$call.call(Unknown Source)
      	at geb.Page.verifyAt(Page.groovy:132)
      	at geb.Page$verifyAt.call(Unknown Source)
      	at org.codehaus.groovy.runtime.callsite.CallSiteArray.defaultCall(CallSiteArray.java:42)
      	at geb.Page$verifyAt.call(Unknown Source)
      	at geb.Browser.doAt(Browser.groovy:335)
      	at geb.Browser.this$2$doAt(Browser.groovy)
      	at geb.Browser$this$2$doAt.callCurrent(Unknown Source)
      	at org.codehaus.groovy.runtime.callsite.CallSiteArray.defaultCallCurrent(CallSiteArray.java:46)
      	at geb.Browser$this$2$doAt.callCurrent(Unknown Source)
      	at geb.Browser.at(Browser.groovy:259)
      	at sun.reflect.NativeMethodAccessorImpl.invoke0(Native Method)
      	at sun.reflect.NativeMethodAccessorImpl.invoke(NativeMethodAccessorImpl.java:57)
      	at sun.reflect.DelegatingMethodAccessorImpl.invoke(DelegatingMethodAccessorImpl.java:43)
      	at java.lang.reflect.Method.invoke(Method.java:601)
      	at org.codehaus.groovy.reflection.CachedMethod.invoke(CachedMethod.java:90)
      	at groovy.lang.MetaMethod.doMethodInvoke(MetaMethod.java:233)
      	at groovy.lang.MetaClassImpl.invokeMethod(MetaClassImpl.java:1047)
      	at groovy.lang.ExpandoMetaClass.invokeMethod(ExpandoMetaClass.java:1110)
      	at groovy.lang.MetaClassImpl.invokeMethod(MetaClassImpl.java:877)
      	at org.codehaus.groovy.runtime.InvokerHelper.invokePogoMethod(InvokerHelper.java:793)
      	at org.codehaus.groovy.runtime.InvokerHelper.invokeMethod(InvokerHelper.java:776)
      	at org.codehaus.groovy.runtime.ScriptBytecodeAdapter.invokeMethodN(ScriptBytecodeAdapter.java:164)
      	at geb.binding.BindingUpdater$InvocationForwarding.doCall(BindingUpdater.groovy:72)
      	at sun.reflect.NativeMethodAccessorImpl.invoke0(Native Method)
      	at sun.reflect.NativeMethodAccessorImpl.invoke(NativeMethodAccessorImpl.java:57)
      	at sun.reflect.DelegatingMethodAccessorImpl.invoke(DelegatingMethodAccessorImpl.java:43)
      	at java.lang.reflect.Method.invoke(Method.java:601)
      	at org.codehaus.groovy.reflection.CachedMethod.invoke(CachedMethod.java:90)
      	at groovy.lang.MetaMethod.doMethodInvoke(MetaMethod.java:233)
      	at groovy.lang.MetaClassImpl.invokeMethod(MetaClassImpl.java:1047)
      	at groovy.lang.ExpandoMetaClass.invokeMethod(ExpandoMetaClass.java:1110)
      	at groovy.lang.MetaClassImpl.invokeMethod(MetaClassImpl.java:877)
      	at groovy.lang.Closure.call(Closure.java:412)
      	at groovy.lang.Closure.call(Closure.java:425)
      	at sun.reflect.GeneratedMethodAccessor73.invoke(Unknown Source)
      	at sun.reflect.DelegatingMethodAccessorImpl.invoke(DelegatingMethodAccessorImpl.java:43)
      	at java.lang.reflect.Method.invoke(Method.java:601)
      	at org.codehaus.groovy.reflection.CachedMethod.invoke(CachedMethod.java:90)
      	at groovy.lang.MetaMethod.doMethodInvoke(MetaMethod.java:233)
      	at groovy.lang.MetaClassImpl.invokeMethod(MetaClassImpl.java:1047)
      	at groovy.lang.ExpandoMetaClass.invokeMethod(ExpandoMetaClass.java:1110)
      	at groovy.lang.MetaClassImpl.invokeMethod(MetaClassImpl.java:877)
      	at groovy.lang.MetaClassImpl.invokePropertyOrMissing(MetaClassImpl.java:1093)
      	at groovy.lang.MetaClassImpl.invokeMethod(MetaClassImpl.java:1049)
      	at groovy.lang.ExpandoMetaClass.invokeMethod(ExpandoMetaClass.java:1110)
      	at groovy.lang.MetaClassImpl.invokeMethod(MetaClassImpl.java:877)
      	at groovy.lang.MetaClassImpl.invokeMethod(MetaClassImpl.java:697)
      	at groovy.lang.GroovyObjectSupport.invokeMethod(GroovyObjectSupport.java:44)
      	at groovy.lang.Script.invokeMethod(Script.java:78)
      	at groovy.lang.MetaClassImpl.invokeMethodOnGroovyObject(MetaClassImpl.java:1112)
      	at groovy.lang.MetaClassImpl.invokeMethod(MetaClassImpl.java:1006)
      	at groovy.lang.ExpandoMetaClass.invokeMethod(ExpandoMetaClass.java:1110)
      	at groovy.lang.MetaClassImpl.invokeMethod(MetaClassImpl.java:877)
      	at org.codehaus.groovy.runtime.callsite.PogoMetaClassSite.callCurrent(PogoMetaClassSite.java:66)
      	at org.codehaus.groovy.runtime.callsite.CallSiteArray.defaultCallCurrent(CallSiteArray.java:46)
      	at org.codehaus.groovy.runtime.callsite.AbstractCallSite.callCurrent(AbstractCallSite.java:133)
      	at org.codehaus.groovy.runtime.callsite.AbstractCallSite.callCurrent(AbstractCallSite.java:141)
      	at ArticleSteps$_run_closure9.doCall(ArticleSteps.groovy:54)
      	at ?.And I select the new article option at the article page(Article.feature:31)

    Then I can fill the article details                           # ArticleSteps.groovy:58
------------- ---------------- ---------------
------------- Standard Error -----------------

--Output from new article--
--Output from new invalid article--
--Output from duplicate article--
--Output from alternative duplicate article--
--Output from new article web--Started ChromeDriver
port=44811
version=26.0.1383.0
log=C:\code\taes\rgms\chromedriver.log
Unable to use direct char[] access of java.lang.String
java.lang.NoSuchFieldException: count
	at java.lang.Class.getDeclaredField(Class.java:1901)
	at org.codehaus.groovy.grails.web.util.StringCharArrayAccessor.<clinit>(StringCharArrayAccessor.java:53)
	at org.codehaus.groovy.grails.web.util.StreamCharBuffer.readAsString(StreamCharBuffer.java:540)
	at org.codehaus.groovy.grails.web.util.StreamCharBuffer.toString(StreamCharBuffer.java:562)
	at org.codehaus.groovy.grails.web.pages.FastStringWriter.getValue(FastStringWriter.java:59)
	at org.codehaus.groovy.grails.web.pages.FastStringWriter.toString(FastStringWriter.java:55)
	at org.codehaus.groovy.grails.web.pages.GroovyPagesUriSupport.getAbsoluteViewURIInternal(GroovyPagesUriSupport.java:228)
	at org.codehaus.groovy.grails.web.pages.GroovyPagesUriSupport.getAbsoluteViewURI(GroovyPagesUriSupport.java:166)
	at org.codehaus.groovy.grails.web.pages.discovery.GrailsConventionGroovyPageLocator.findViewByPath(GrailsConventionGroovyPageLocator.java:52)
	at org.codehaus.groovy.grails.web.servlet.view.GrailsViewResolver.createGrailsView(GrailsViewResolver.java:155)
	at org.codehaus.groovy.grails.web.servlet.view.GrailsViewResolver.access$000(GrailsViewResolver.java:51)
	at org.codehaus.groovy.grails.web.servlet.view.GrailsViewResolver$1.run(GrailsViewResolver.java:96)
	at org.codehaus.groovy.grails.web.servlet.view.GrailsViewResolver$1.run(GrailsViewResolver.java:93)
	at org.codehaus.groovy.grails.web.servlet.view.GrailsViewResolver.loadView(GrailsViewResolver.java:108)
	at org.codehaus.groovy.grails.scaffolding.view.ScaffoldingViewResolver.loadView(ScaffoldingViewResolver.java:59)
	at org.springframework.web.servlet.view.AbstractCachingViewResolver.createView(AbstractCachingViewResolver.java:186)
	at org.springframework.web.servlet.view.UrlBasedViewResolver.createView(UrlBasedViewResolver.java:401)
	at org.springframework.web.servlet.view.AbstractCachingViewResolver.resolveViewName(AbstractCachingViewResolver.java:95)
	at org.codehaus.groovy.grails.web.util.WebUtils.resolveView(WebUtils.java:202)
	at org.codehaus.groovy.grails.web.util.WebUtils.resolveView(WebUtils.java:185)
	at org.codehaus.groovy.grails.web.mapping.filter.UrlMappingsFilter.renderViewForUrlMappingInfo(UrlMappingsFilter.java:324)
	at org.codehaus.groovy.grails.web.mapping.filter.UrlMappingsFilter.doFilterInternal(UrlMappingsFilter.java:215)
	at org.springframework.web.filter.OncePerRequestFilter.doFilter(OncePerRequestFilter.java:76)
	at org.apache.catalina.core.ApplicationFilterChain.internalDoFilter(ApplicationFilterChain.java:243)
	at org.apache.catalina.core.ApplicationFilterChain.doFilter(ApplicationFilterChain.java:210)
	at org.codehaus.groovy.grails.web.sitemesh.GrailsPageFilter.obtainContent(GrailsPageFilter.java:200)
	at org.codehaus.groovy.grails.web.sitemesh.GrailsPageFilter.doFilter(GrailsPageFilter.java:151)
	at org.apache.catalina.core.ApplicationFilterChain.internalDoFilter(ApplicationFilterChain.java:243)
	at org.apache.catalina.core.ApplicationFilterChain.doFilter(ApplicationFilterChain.java:210)
	at org.codehaus.groovy.grails.web.servlet.mvc.GrailsWebRequestFilter.doFilterInternal(GrailsWebRequestFilter.java:69)
	at org.springframework.web.filter.OncePerRequestFilter.doFilter(OncePerRequestFilter.java:76)
	at org.apache.catalina.core.ApplicationFilterChain.internalDoFilter(ApplicationFilterChain.java:243)
	at org.apache.catalina.core.ApplicationFilterChain.doFilter(ApplicationFilterChain.java:210)
	at org.apache.shiro.grails.SavedRequestFilter.doFilter(SavedRequestFilter.java:55)
	at org.apache.catalina.core.ApplicationFilterChain.internalDoFilter(ApplicationFilterChain.java:243)
	at org.apache.catalina.core.ApplicationFilterChain.doFilter(ApplicationFilterChain.java:210)
	at org.codehaus.groovy.grails.web.filters.HiddenHttpMethodFilter.doFilterInternal(HiddenHttpMethodFilter.java:69)
	at org.springframework.web.filter.OncePerRequestFilter.doFilter(OncePerRequestFilter.java:76)
	at org.apache.catalina.core.ApplicationFilterChain.internalDoFilter(ApplicationFilterChain.java:243)
	at org.apache.catalina.core.ApplicationFilterChain.doFilter(ApplicationFilterChain.java:210)
	at org.apache.shiro.web.servlet.AbstractShiroFilter.executeChain(AbstractShiroFilter.java:449)
	at org.apache.shiro.web.servlet.AbstractShiroFilter$1.call(AbstractShiroFilter.java:365)
	at org.apache.shiro.subject.support.SubjectCallable.doCall(SubjectCallable.java:90)
	at org.apache.shiro.subject.support.SubjectCallable.call(SubjectCallable.java:83)
	at org.apache.shiro.subject.support.DelegatingSubject.execute(DelegatingSubject.java:380)
	at org.apache.shiro.web.servlet.AbstractShiroFilter.doFilterInternal(AbstractShiroFilter.java:362)
	at org.apache.shiro.web.servlet.OncePerRequestFilter.doFilter(OncePerRequestFilter.java:125)
	at org.springframework.web.filter.DelegatingFilterProxy.invokeDelegate(DelegatingFilterProxy.java:346)
	at org.springframework.web.filter.DelegatingFilterProxy.doFilter(DelegatingFilterProxy.java:259)
	at org.apache.catalina.core.ApplicationFilterChain.internalDoFilter(ApplicationFilterChain.java:243)
	at org.apache.catalina.core.ApplicationFilterChain.doFilter(ApplicationFilterChain.java:210)
	at org.springframework.web.filter.CharacterEncodingFilter.doFilterInternal(CharacterEncodingFilter.java:88)
	at org.springframework.web.filter.OncePerRequestFilter.doFilter(OncePerRequestFilter.java:76)
	at org.springframework.web.filter.DelegatingFilterProxy.invokeDelegate(DelegatingFilterProxy.java:346)
	at org.springframework.web.filter.DelegatingFilterProxy.doFilter(DelegatingFilterProxy.java:259)
	at org.apache.catalina.core.ApplicationFilterChain.internalDoFilter(ApplicationFilterChain.java:243)
	at org.apache.catalina.core.ApplicationFilterChain.doFilter(ApplicationFilterChain.java:210)
	at org.apache.catalina.core.StandardWrapperValve.invoke(StandardWrapperValve.java:225)
	at org.apache.catalina.core.StandardContextValve.invoke(StandardContextValve.java:169)
	at org.apache.catalina.core.StandardHostValve.invoke(StandardHostValve.java:168)
	at org.apache.catalina.valves.ErrorReportValve.invoke(ErrorReportValve.java:98)
	at org.apache.catalina.core.StandardEngineValve.invoke(StandardEngineValve.java:118)
	at org.apache.catalina.connector.CoyoteAdapter.service(CoyoteAdapter.java:407)
	at org.apache.coyote.http11.AbstractHttp11Processor.process(AbstractHttp11Processor.java:999)
	at org.apache.coyote.AbstractProtocol$AbstractConnectionHandler.process(AbstractProtocol.java:565)
	at org.apache.tomcat.util.net.JIoEndpoint$SocketProcessor.run(JIoEndpoint.java:307)
	at java.util.concurrent.ThreadPoolExecutor.runWorker(ThreadPoolExecutor.java:1145)
	at java.util.concurrent.ThreadPoolExecutor$Worker.run(ThreadPoolExecutor.java:615)
	at java.lang.Thread.run(Thread.java:722)
------------- ---------------- ---------------

Testcase: new article took 0.162 sec
	Caused an ERROR
web-app\uploads\TCS.pdf (The system cannot find the path specified)
java.io.FileNotFoundException: web-app\uploads\TCS.pdf (The system cannot find the path specified)
	at java.io.FileOutputStream.<init>(FileOutputStream.java:212)
	at java.io.FileOutputStream.<init>(FileOutputStream.java:165)
	at rgms.publication.PublicationController.upload(PublicationController.groovy:37)
	at rgms.publication.PeriodicoController.save(PeriodicoController.groovy:28)
	at steps.TestDataAndOperations.createArticle(TestDataAndOperations.groovy:118)
	at ArticleSteps$_run_closure2.doCall(ArticleSteps.groovy:16)
	at ?.When I create the article "A theory of software product line refinement" with file name "TCS.pdf"(Article.feature:9)

Testcase: new invalid article took 0.017 sec
	Caused an ERROR
web-app\uploads\SCP.pdf (The system cannot find the path specified)
java.io.FileNotFoundException: web-app\uploads\SCP.pdf (The system cannot find the path specified)
	at java.io.FileOutputStream.<init>(FileOutputStream.java:212)
	at java.io.FileOutputStream.<init>(FileOutputStream.java:165)
	at rgms.publication.PublicationController.upload(PublicationController.groovy:37)
	at rgms.publication.PeriodicoController.save(PeriodicoController.groovy:28)
	at steps.TestDataAndOperations.createArticle(TestDataAndOperations.groovy:118)
	at ArticleSteps$_run_closure2.doCall(ArticleSteps.groovy:16)
	at ?.When I create the article "Algebraic reasoning for object-oriented programming" with file name "SCP.pdf"(Article.feature:14)

Testcase: duplicate article took 0.009 sec
	Caused an ERROR
web-app\uploads\TCS-0.pdf (The system cannot find the path specified)
java.io.FileNotFoundException: web-app\uploads\TCS-0.pdf (The system cannot find the path specified)
	at java.io.FileOutputStream.<init>(FileOutputStream.java:212)
	at java.io.FileOutputStream.<init>(FileOutputStream.java:165)
	at rgms.publication.PublicationController.upload(PublicationController.groovy:37)
	at rgms.publication.PeriodicoController.save(PeriodicoController.groovy:28)
	at steps.TestDataAndOperations.createArticle(TestDataAndOperations.groovy:118)
	at ArticleSteps$_run_closure5.doCall(ArticleSteps.groovy:30)
	at ?.Given the article "A theory of software product line refinement" is stored in the system with file name "TCS-0.pdf"(Article.feature:18)

Testcase: alternative duplicate article took 0.009 sec
	Caused an ERROR
web-app\uploads\TCS-2 (The system cannot find the path specified)
java.io.FileNotFoundException: web-app\uploads\TCS-2 (The system cannot find the path specified)
	at java.io.FileOutputStream.<init>(FileOutputStream.java:212)
	at java.io.FileOutputStream.<init>(FileOutputStream.java:165)
	at rgms.publication.PublicationController.upload(PublicationController.groovy:37)
	at rgms.publication.PeriodicoController.save(PeriodicoController.groovy:28)
	at steps.TestDataAndOperations.createArticle(TestDataAndOperations.groovy:118)
	at ArticleSteps$_run_closure2.doCall(ArticleSteps.groovy:16)
	at ?.When I create the article "A theory of software product line refinement" with file name "TCS-2"(Article.feature:24)

Testcase: new article web took 6.765 sec
	FAILED
title ==~ /Journal List/
|     |
|     false
Periódico Listagem
Assertion failed: 

title ==~ /Journal List/
|     |
|     false
Periódico Listagem

	at pages.ArticlesPage$__clinit__closure1.doCall(ArticlesPage.groovy:9)
	at geb.Page.verifyAt(Page.groovy:132)
	at geb.Browser.doAt(Browser.groovy:335)
	at geb.Browser.at(Browser.groovy:259)
	at geb.binding.BindingUpdater$InvocationForwarding.doCall(BindingUpdater.groovy:72)
	at ArticleSteps$_run_closure9.doCall(ArticleSteps.groovy:54)
	at ?.And I select the new article option at the article page(Article.feature:31)

