| Loading Grails 2.1.0
| Configuring classpath.
| Environment set to test.....
| Compiling 1 source files.....
| Packaging Grails application.
| Compiling 1 source files.....
| Running Grails application
| Server running. Browse to http://localhost:8080/rgms
| Compiling 48 source files.
| Running 89 cucumber tests...
java.lang.IncompatibleClassChangeError: the number of constructors during runtime and compile time for java.lang.Exception do not match. Expected 4 but got 5
	at geb.error.GebException.<init>(GebException.groovy:20)
	at geb.error.UndefinedPageContentException.<init>(UndefinedPageContentException.groovy:20)
	at geb.content.NavigableSupport.getContent(NavigableSupport.groovy:45)
	at geb.content.NavigableSupport.methodMissing(NavigableSupport.groovy:123)
	at pages.UserRegisterPage.createNewUser(UserRegisterPage.groovy:33)
	at AuthenticationSteps$_run_closure15.doCall(AuthenticationSteps.groovy:84)
	at ?.When I register a user with success(Authentication.feature:25)
java.lang.IncompatibleClassChangeError: the number of constructors during runtime and compile time for java.lang.Exception do not match. Expected 4 but got 5
	at geb.error.GebException.<init>(GebException.groovy:20)
	at geb.error.UndefinedPageContentException.<init>(UndefinedPageContentException.groovy:20)
	at geb.content.NavigableSupport.getContent(NavigableSupport.groovy:45)
	at geb.content.NavigableSupport.methodMissing(NavigableSupport.groovy:123)
	at geb.content.NavigableSupport.propertyMissing(NavigableSupport.groovy:143)
	at AuthenticationSteps$_run_closure19.doCall(AuthenticationSteps.groovy:109)
	at ?.When I try to create a "newuser" username with the "invalid email abcde" email(Authentication.feature:33)
java.lang.IncompatibleClassChangeError: the number of constructors during runtime and compile time for java.lang.Exception do not match. Expected 4 but got 5
	at geb.error.GebException.<init>(GebException.groovy:20)
	at geb.error.UndefinedPageContentException.<init>(UndefinedPageContentException.groovy:20)
	at geb.content.NavigableSupport.getContent(NavigableSupport.groovy:45)
	at geb.content.NavigableSupport.methodMissing(NavigableSupport.groovy:123)
	at AuthenticationSteps$_run_closure21.doCall(AuthenticationSteps.groovy:126)
	at ?.And The University field is filled with "Federal University of Pernambuco"(Authentication.feature:66)
java.lang.IncompatibleClassChangeError: the number of constructors during runtime and compile time for java.lang.Exception do not match. Expected 4 but got 5
	at geb.error.GebException.<init>(GebException.groovy:20)
	at geb.error.UndefinedPageContentException.<init>(UndefinedPageContentException.groovy:20)
	at geb.content.NavigableSupport.getContent(NavigableSupport.groovy:45)
	at geb.content.NavigableSupport.methodMissing(NavigableSupport.groovy:123)
	at AuthenticationSteps$_run_closure22.doCall(AuthenticationSteps.groovy:132)
	at ?.And I mistype my password at the second password field(Authentication.feature:82)
Assertion failed: 

assert bookChapter != null
       |           |
       null        false

	at BookChapterSteps$_run_closure4.doCall(BookChapterSteps.groovy:31)
	at ?.Given the book chapter "Next Generation Software Product Line Engineering" is stored in the system with file name "NGSPL-0.pdf"(BookChapter.feature:13)
Assertion failed: 

assert bookChapter != null
       |           |
       null        false

	at BookChapterSteps$_run_closure4.doCall(BookChapterSteps.groovy:31)
	at ?.Given the book chapter "Next Generation Software Product Line Engineering" is stored in the system with file name "NGSPL-0.pdf"(BookChapter.feature:18)
Assertion failed: 

assert conferencia != null
       |           |
       null        false

	at ConferenciaSteps$_run_closure4.doCall(ConferenciaSteps.groovy:28)
	at ?.Given the conferencia "I International Conference on Software Engineering" is stored in the system with file name "IICSE-0.pdf"(Conferencia.feature:13)
Assertion failed: 

assert conferencia != null
       |           |
       null        false

	at ConferenciaSteps$_run_closure4.doCall(ConferenciaSteps.groovy:28)
	at ?.Given the conferencia "IV Conference on Software Product Lines" is stored in the system with file name "IICSE.pdf"(Conferencia.feature:18)
Assertion failed: 

assert article != null
       |       |
       null    false

	at DissertacaoSteps$_run_closure10.doCall(DissertacaoSteps.groovy:63)
	at ?.Given the system has a dissertation entitled "Nova Dissertacao edit"(Dissertacao.feature:29)
Assertion failed: 

assert article != null
       |       |
       null    false

	at DissertacaoSteps$_run_closure10.doCall(DissertacaoSteps.groovy:63)
	at ?.Given the system has a dissertation entitled "Nova Dissertacao delete"(Dissertacao.feature:38)
Assertion failed: 

title ==~ /Dissertacao Listagem/
|     |
|     false
Grails Runtime Exception

	at pages.DissertationPage$__clinit__closure1.doCall(DissertationPage.groovy:9)
	at geb.Page.verifyAt(Page.groovy:132)
	at geb.Browser.doAt(Browser.groovy:335)
	at geb.Browser.at(Browser.groovy:259)
	at geb.binding.BindingUpdater$InvocationForwarding.doCall(BindingUpdater.groovy:72)
	at DissertacaoSteps$_run_closure16.doCall(DissertacaoSteps.groovy:91)
	at ?.Then I'm still on dissertation page(Dissertacao.feature:49)
java.io.FileNotFoundException: C:\testelattes.xml (O sistema n�o pode encontrar o arquivo especificado)
	at java.io.FileInputStream.<init>(FileInputStream.java:138)
	at steps.TestDataAndOperations.uploadDissertacao(TestDataAndOperations.groovy:201)
	at DissertacaoSteps$_run_closure18.doCall(DissertacaoSteps.groovy:98)
	at ?.When I upload a new dissertation "C:\testelattes.xml"(Dissertacao.feature:53)
Assertion failed: 

assert article != null
       |       |
       null    false

	at FerramentaSteps$_run_closure1.doCall(FerramentaSteps.groovy:15)
	at ?.Given The system has a ferramenta entitled "Nova Ferramenta"(Ferramenta.feature:8)
Assertion failed: 

assert article != null
       |       |
       null    false

	at FerramentaSteps$_run_closure1.doCall(FerramentaSteps.groovy:15)
	at ?.Given The system has a ferramenta entitled "Nova Ferramenta"(Ferramenta.feature:13)
Assertion failed: 

assert article != null
       |       |
       null    false

	at FerramentaSteps$_run_closure1.doCall(FerramentaSteps.groovy:15)
	at ?.Given The system has a ferramenta entitled "Ferramenta1"(Ferramenta.feature:18)
groovy.lang.MissingMethodException: No signature of method: rgms.publication.Ferramenta.findByTitle() is applicable for argument types: () values: []
Possible solutions: findByTitle([Ljava.lang.Object;)
	at org.grails.datastore.gorm.GormStaticApi$_methodMissing_closure2.doCall(GormStaticApi.groovy:105)
	at FerramentaSteps$_run_closure10.doCall(FerramentaSteps.groovy:51)
	at ?.Then The ferramenta is not stored(Ferramenta.feature:27)
Assertion failed: 

title ==~ /Ferramenta Listagem/
|     |
|     false
Grails Runtime Exception

	at pages.FerramentaPage$__clinit__closure1.doCall(FerramentaPage.groovy:9)
	at geb.Page.verifyAt(Page.groovy:132)
	at geb.Browser.doAt(Browser.groovy:335)
	at geb.Browser.at(Browser.groovy:259)
	at geb.binding.BindingUpdater$InvocationForwarding.doCall(BindingUpdater.groovy:72)
	at FerramentaSteps$_run_closure17.doCall(FerramentaSteps.groovy:92)
	at ?.Then I'm still on ferramenta page(Ferramenta.feature:32)
java.io.FileNotFoundException: C:\testelattes.xml (O sistema n�o pode encontrar o arquivo especificado)
	at java.io.FileInputStream.<init>(FileInputStream.java:138)
	at steps.TestDataAndOperations.uploadFerramenta(TestDataAndOperations.groovy:209)
	at FerramentaSteps$_run_closure19.doCall(FerramentaSteps.groovy:99)
	at ?.When I upload a new ferramenta "C:\testelattes.xml"(Ferramenta.feature:36)
org.springframework.mail.MailAuthenticationException: Authentication failed; nested exception is javax.mail.AuthenticationFailedException: 535-5.7.8 Username and Password not accepted. Learn more at
535-5.7.8 http://support.google.com/mail/bin/answer.py?answer=14257
535 5.7.8 {BADCREDENTIALS} j63sm12972692yhh.17 - gsmtp

	at grails.plugin.mail.MailMessageBuilder.sendMessage(MailMessageBuilder.groovy:104)
	at grails.plugin.mail.MailService.sendMail(MailService.groovy:41)
	at MailGrailsPlugin$_configureSendMail_closure6.doCall(MailGrailsPlugin.groovy:170)
	at rgms.member.MemberController$_closure4.doCall(MemberController.groovy:59)
	at steps.TestDataAndOperations.createMember(TestDataAndOperations.groovy:319)
	at MemberSteps$_run_closure2.doCall(MemberSteps.groovy:16)
	at ?.When I create a member with username "usernametest"(Member.feature:8)
Caused by: javax.mail.AuthenticationFailedException: 535-5.7.8 Username and Password not accepted. Learn more at
535-5.7.8 http://support.google.com/mail/bin/answer.py?answer=14257
535 5.7.8 {BADCREDENTIALS} j63sm12972692yhh.17 - gsmtp

	at com.sun.mail.smtp.SMTPTransport$Authenticator.authenticate(SMTPTransport.java:648)
	at com.sun.mail.smtp.SMTPTransport.protocolConnect(SMTPTransport.java:583)
	at javax.mail.Service.connect(Service.java:291)
	at grails.plugin.mail.MailMessageBuilder.sendMessage(MailMessageBuilder.groovy:104)
	at grails.plugin.mail.MailService.sendMail(MailService.groovy:41)
	at MailGrailsPlugin$_configureSendMail_closure6.doCall(MailGrailsPlugin.groovy:170)
	at rgms.member.MemberController$_closure4.doCall(MemberController.groovy:59)
	at steps.TestDataAndOperations.createMember(TestDataAndOperations.groovy:319)
	at MemberSteps$_run_closure2.doCall(MemberSteps.groovy:16)
	at cucumber.runtime.groovy.GroovyBackend.invoke(GroovyBackend.java:143)
	at cucumber.runtime.groovy.GroovyStepDefinition$1.call(GroovyStepDefinition.java:67)
	at cucumber.runtime.Timeout.timeout(Timeout.java:12)
	at cucumber.runtime.groovy.GroovyStepDefinition.execute(GroovyStepDefinition.java:64)
	at cucumber.runtime.StepDefinitionMatch.runStep(StepDefinitionMatch.java:38)
	at cucumber.runtime.Runtime.runStep(Runtime.java:267)
	at cucumber.runtime.model.StepContainer.runStep(StepContainer.java:44)
	at cucumber.runtime.model.StepContainer.runSteps(StepContainer.java:39)
	at cucumber.runtime.model.CucumberScenario.run(CucumberScenario.java:36)
	at cucumber.runtime.model.CucumberFeature.run(CucumberFeature.java:112)
	at grails.plugin.cucumber.Cucumber$_run_closure2.doCall(Cucumber.groovy:58)
	at grails.plugin.cucumber.Cucumber.run(Cucumber.groovy:57)
	at grails.plugin.cucumber.CucumberTestType.runFeatures(CucumberTestType.groovy:102)
	at grails.plugin.cucumber.CucumberTestType.doRun(CucumberTestType.groovy:57)
	at _GrailsTest_groovy$_run_closure4.doCall(_GrailsTest_groovy:290)
	at _GrailsTest_groovy$_run_closure2.doCall(_GrailsTest_groovy:248)
	at _GrailsTest_groovy$_run_closure1_closure21.doCall(_GrailsTest_groovy:195)
	at _GrailsTest_groovy$_run_closure1.doCall(_GrailsTest_groovy:184)
	at TestApp$_run_closure1.doCall(TestApp.groovy:82)
org.springframework.mail.MailAuthenticationException: Authentication failed; nested exception is javax.mail.AuthenticationFailedException: 535-5.7.8 Username and Password not accepted. Learn more at
535-5.7.8 http://support.google.com/mail/bin/answer.py?answer=14257
535 5.7.8 {BADCREDENTIALS} v68sm12949021yhn.22 - gsmtp

	at grails.plugin.mail.MailMessageBuilder.sendMessage(MailMessageBuilder.groovy:104)
	at grails.plugin.mail.MailService.sendMail(MailService.groovy:41)
	at MailGrailsPlugin$_configureSendMail_closure6.doCall(MailGrailsPlugin.groovy:170)
	at rgms.member.MemberController$_closure4.doCall(MemberController.groovy:59)
	at steps.TestDataAndOperations.createMember(TestDataAndOperations.groovy:319)
	at MemberSteps$_run_closure10.doCall(MemberSteps.groovy:57)
	at ?.Given the system has member with username "usernametest"(Member.feature:12)
Caused by: javax.mail.AuthenticationFailedException: 535-5.7.8 Username and Password not accepted. Learn more at
535-5.7.8 http://support.google.com/mail/bin/answer.py?answer=14257
535 5.7.8 {BADCREDENTIALS} v68sm12949021yhn.22 - gsmtp

	at com.sun.mail.smtp.SMTPTransport$Authenticator.authenticate(SMTPTransport.java:648)
	at com.sun.mail.smtp.SMTPTransport.protocolConnect(SMTPTransport.java:583)
	at javax.mail.Service.connect(Service.java:291)
	at grails.plugin.mail.MailMessageBuilder.sendMessage(MailMessageBuilder.groovy:104)
	at grails.plugin.mail.MailService.sendMail(MailService.groovy:41)
	at MailGrailsPlugin$_configureSendMail_closure6.doCall(MailGrailsPlugin.groovy:170)
	at rgms.member.MemberController$_closure4.doCall(MemberController.groovy:59)
	at steps.TestDataAndOperations.createMember(TestDataAndOperations.groovy:319)
	at MemberSteps$_run_closure10.doCall(MemberSteps.groovy:57)
	at cucumber.runtime.groovy.GroovyBackend.invoke(GroovyBackend.java:143)
	at cucumber.runtime.groovy.GroovyStepDefinition$1.call(GroovyStepDefinition.java:67)
	at cucumber.runtime.Timeout.timeout(Timeout.java:12)
	at cucumber.runtime.groovy.GroovyStepDefinition.execute(GroovyStepDefinition.java:64)
	at cucumber.runtime.StepDefinitionMatch.runStep(StepDefinitionMatch.java:38)
	at cucumber.runtime.Runtime.runStep(Runtime.java:267)
	at cucumber.runtime.model.StepContainer.runStep(StepContainer.java:44)
	at cucumber.runtime.model.StepContainer.runSteps(StepContainer.java:39)
	at cucumber.runtime.model.CucumberScenario.run(CucumberScenario.java:36)
	at cucumber.runtime.model.CucumberFeature.run(CucumberFeature.java:112)
	at grails.plugin.cucumber.Cucumber$_run_closure2.doCall(Cucumber.groovy:58)
	at grails.plugin.cucumber.Cucumber.run(Cucumber.groovy:57)
	at grails.plugin.cucumber.CucumberTestType.runFeatures(CucumberTestType.groovy:102)
	at grails.plugin.cucumber.CucumberTestType.doRun(CucumberTestType.groovy:57)
	at _GrailsTest_groovy$_run_closure4.doCall(_GrailsTest_groovy:290)
	at _GrailsTest_groovy$_run_closure2.doCall(_GrailsTest_groovy:248)
	at _GrailsTest_groovy$_run_closure1_closure21.doCall(_GrailsTest_groovy:195)
	at _GrailsTest_groovy$_run_closure1.doCall(_GrailsTest_groovy:184)
	at TestApp$_run_closure1.doCall(TestApp.groovy:82)
org.springframework.mail.MailAuthenticationException: Authentication failed; nested exception is javax.mail.AuthenticationFailedException: 535-5.7.8 Username and Password not accepted. Learn more at
535-5.7.8 http://support.google.com/mail/bin/answer.py?answer=14257
535 5.7.8 {BADCREDENTIALS} a28sm13071816yha.0 - gsmtp

	at grails.plugin.mail.MailMessageBuilder.sendMessage(MailMessageBuilder.groovy:104)
	at grails.plugin.mail.MailService.sendMail(MailService.groovy:41)
	at MailGrailsPlugin$_configureSendMail_closure6.doCall(MailGrailsPlugin.groovy:170)
	at rgms.member.MemberController$_closure4.doCall(MemberController.groovy:59)
	at steps.TestDataAndOperations.createMember(TestDataAndOperations.groovy:319)
	at MemberSteps$_run_closure10.doCall(MemberSteps.groovy:57)
	at ?.Given the system has member with username "usernametest"(Member.feature:17)
Caused by: javax.mail.AuthenticationFailedException: 535-5.7.8 Username and Password not accepted. Learn more at
535-5.7.8 http://support.google.com/mail/bin/answer.py?answer=14257
535 5.7.8 {BADCREDENTIALS} a28sm13071816yha.0 - gsmtp

	at com.sun.mail.smtp.SMTPTransport$Authenticator.authenticate(SMTPTransport.java:648)
	at com.sun.mail.smtp.SMTPTransport.protocolConnect(SMTPTransport.java:583)
	at javax.mail.Service.connect(Service.java:291)
	at grails.plugin.mail.MailMessageBuilder.sendMessage(MailMessageBuilder.groovy:104)
	at grails.plugin.mail.MailService.sendMail(MailService.groovy:41)
	at MailGrailsPlugin$_configureSendMail_closure6.doCall(MailGrailsPlugin.groovy:170)
	at rgms.member.MemberController$_closure4.doCall(MemberController.groovy:59)
	at steps.TestDataAndOperations.createMember(TestDataAndOperations.groovy:319)
	at MemberSteps$_run_closure10.doCall(MemberSteps.groovy:57)
	at cucumber.runtime.groovy.GroovyBackend.invoke(GroovyBackend.java:143)
	at cucumber.runtime.groovy.GroovyStepDefinition$1.call(GroovyStepDefinition.java:67)
	at cucumber.runtime.Timeout.timeout(Timeout.java:12)
	at cucumber.runtime.groovy.GroovyStepDefinition.execute(GroovyStepDefinition.java:64)
	at cucumber.runtime.StepDefinitionMatch.runStep(StepDefinitionMatch.java:38)
	at cucumber.runtime.Runtime.runStep(Runtime.java:267)
	at cucumber.runtime.model.StepContainer.runStep(StepContainer.java:44)
	at cucumber.runtime.model.StepContainer.runSteps(StepContainer.java:39)
	at cucumber.runtime.model.CucumberScenario.run(CucumberScenario.java:36)
	at cucumber.runtime.model.CucumberFeature.run(CucumberFeature.java:112)
	at grails.plugin.cucumber.Cucumber$_run_closure2.doCall(Cucumber.groovy:58)
	at grails.plugin.cucumber.Cucumber.run(Cucumber.groovy:57)
	at grails.plugin.cucumber.CucumberTestType.runFeatures(CucumberTestType.groovy:102)
	at grails.plugin.cucumber.CucumberTestType.doRun(CucumberTestType.groovy:57)
	at _GrailsTest_groovy$_run_closure4.doCall(_GrailsTest_groovy:290)
	at _GrailsTest_groovy$_run_closure2.doCall(_GrailsTest_groovy:248)
	at _GrailsTest_groovy$_run_closure1_closure21.doCall(_GrailsTest_groovy:195)
	at _GrailsTest_groovy$_run_closure1.doCall(_GrailsTest_groovy:184)
	at TestApp$_run_closure1.doCall(TestApp.groovy:82)
Assertion failed: 

title ==~ /Ver Member/
|     |
|     false
Grails Runtime Exception

	at pages.member.MemberViewPage$__clinit__closure1.doCall(MemberViewPage.groovy:9)
	at geb.Page.verifyAt(Page.groovy:132)
	at geb.Browser.doAt(Browser.groovy:335)
	at geb.Browser.at(Browser.groovy:259)
	at geb.binding.BindingUpdater$InvocationForwarding.doCall(BindingUpdater.groovy:72)
	at MemberSteps$_run_closure18.doCall(MemberSteps.groovy:106)
	at ?.Then I am on the member show page(Member.feature:34)
java.lang.IncompatibleClassChangeError: the number of constructors during runtime and compile time for java.lang.Exception do not match. Expected 4 but got 5
	at geb.error.GebException.<init>(GebException.groovy:20)
	at geb.error.UndefinedPageContentException.<init>(UndefinedPageContentException.groovy:20)
	at geb.content.NavigableSupport.getContent(NavigableSupport.groovy:45)
	at geb.content.NavigableSupport.methodMissing(NavigableSupport.groovy:123)
	at ReportsSteps$_run_closure2.doCall(ReportsSteps.groovy:24)
	at ?.When I select the "1" option at the Member list(Reports.feature:7)
java.lang.IncompatibleClassChangeError: the number of constructors during runtime and compile time for java.lang.Exception do not match. Expected 4 but got 5
	at geb.error.GebException.<init>(GebException.groovy:20)
	at geb.error.UndefinedPageContentException.<init>(UndefinedPageContentException.groovy:20)
	at geb.content.NavigableSupport.getContent(NavigableSupport.groovy:45)
	at geb.content.NavigableSupport.methodMissing(NavigableSupport.groovy:123)
	at ReportsSteps$_run_closure2.doCall(ReportsSteps.groovy:24)
	at ?.When I select the "1" option at the Member list(Reports.feature:13)
java.lang.IncompatibleClassChangeError: the number of constructors during runtime and compile time for java.lang.Exception do not match. Expected 4 but got 5
	at geb.error.GebException.<init>(GebException.groovy:20)
	at geb.error.UndefinedPageContentException.<init>(UndefinedPageContentException.groovy:20)
	at geb.content.NavigableSupport.getContent(NavigableSupport.groovy:45)
	at geb.content.NavigableSupport.methodMissing(NavigableSupport.groovy:123)
	at ReportsSteps$_run_closure2.doCall(ReportsSteps.groovy:24)
	at ?.When I select the "1" option at the Member list(Reports.feature:19)
groovy.lang.MissingMethodException: No signature of method: static pages.GetPageTitle.getMessage() is applicable for argument types: (java.lang.String) values: [researchGroup.label]
Possible solutions: getMessage(java.lang.String)
	at pages.ResearchGroupListPage$__clinit__closure1.doCall(ResearchGroupListPage.groovy:9)
	at geb.Page.verifyAt(Page.groovy:132)
	at geb.Browser.doAt(Browser.groovy:335)
	at geb.Browser.at(Browser.groovy:259)
	at geb.binding.BindingUpdater$InvocationForwarding.doCall(BindingUpdater.groovy:72)
	at ReportsSteps$_run_closure9.doCall(ReportsSteps.groovy:86)
	at ?.Given I am at the Research Group list page and I select the "testehugo1" group(Reports.feature:24)
groovy.lang.MissingMethodException: No signature of method: static pages.GetPageTitle.getMessage() is applicable for argument types: (java.lang.String) values: [researchGroup.label]
Possible solutions: getMessage(java.lang.String)
	at pages.ResearchGroupListPage$__clinit__closure1.doCall(ResearchGroupListPage.groovy:9)
	at geb.Page.verifyAt(Page.groovy:132)
	at geb.Browser.doAt(Browser.groovy:335)
	at geb.Browser.at(Browser.groovy:259)
	at geb.binding.BindingUpdater$InvocationForwarding.doCall(BindingUpdater.groovy:72)
	at ReportsSteps$_run_closure9.doCall(ReportsSteps.groovy:86)
	at ?.Given I am at the Research Group list page and I select the "testehugo12" group(Reports.feature:30)
groovy.lang.MissingMethodException: No signature of method: static pages.GetPageTitle.getMessage() is applicable for argument types: (java.lang.String) values: [researchGroup.label]
Possible solutions: getMessage(java.lang.String)
	at pages.ResearchGroupListPage$__clinit__closure1.doCall(ResearchGroupListPage.groovy:9)
	at geb.Page.verifyAt(Page.groovy:132)
	at geb.Browser.doAt(Browser.groovy:335)
	at geb.Browser.at(Browser.groovy:259)
	at geb.binding.BindingUpdater$InvocationForwarding.doCall(BindingUpdater.groovy:72)
	at ReportsSteps$_run_closure9.doCall(ReportsSteps.groovy:86)
	at ?.Given I am at the Research Group list page and I select the "testehugo123" group(Reports.feature:36)
groovy.lang.MissingMethodException: No signature of method: static pages.GetPageTitle.getMessage() is applicable for argument types: (java.lang.String) values: [researchGroup.label]
Possible solutions: getMessage(java.lang.String)
	at pages.ResearchGroupPage$__clinit__closure1.doCall(ResearchGroupPage.groovy:20)
	at geb.Page.verifyAt(Page.groovy:132)
	at geb.Browser.doAt(Browser.groovy:335)
	at geb.Browser.at(Browser.groovy:259)
	at geb.binding.BindingUpdater$InvocationForwarding.doCall(BindingUpdater.groovy:72)
	at ResearchGroupSteps$_run_closure22.doCall(ResearchGroupSteps.groovy:123)
	at ?.And i select the new research group option at research group list page(ResearchGroup.feature:52)
groovy.lang.MissingMethodException: No signature of method: static pages.GetPageTitle.getMessage() is applicable for argument types: (java.lang.String) values: [researchGroup.label]
Possible solutions: getMessage(java.lang.String)
	at pages.ResearchGroupPage$__clinit__closure1.doCall(ResearchGroupPage.groovy:20)
	at geb.Page.verifyAt(Page.groovy:132)
	at geb.Browser.doAt(Browser.groovy:335)
	at geb.Browser.at(Browser.groovy:259)
	at geb.binding.BindingUpdater$InvocationForwarding.doCall(BindingUpdater.groovy:72)
	at ResearchGroupSteps$_run_closure24.doCall(ResearchGroupSteps.groovy:141)
	at ?.Given the system has a "Research Group" named "grupo" stored in the system(ResearchGroup.feature:56)
groovy.lang.MissingMethodException: No signature of method: static pages.GetPageTitle.getMessage() is applicable for argument types: (java.lang.String) values: [researchGroup.label]
Possible solutions: getMessage(java.lang.String)
	at pages.ResearchGroupPage$__clinit__closure1.doCall(ResearchGroupPage.groovy:20)
	at geb.Page.verifyAt(Page.groovy:132)
	at geb.Browser.doAt(Browser.groovy:335)
	at geb.Browser.at(Browser.groovy:259)
	at geb.binding.BindingUpdater$InvocationForwarding.doCall(BindingUpdater.groovy:72)
	at ResearchGroupSteps$_run_closure24.doCall(ResearchGroupSteps.groovy:141)
	at ?.Given the system has a "Research Group" named "PESQUISA" stored in the system(ResearchGroup.feature:62)
Assertion failed: 

title ==~ /Ver TechnicalReport/
|     |
|     false
TechnicalReport Listagem

	at pages.TechnicalReportShowPage$__clinit__closure1.doCall(TechnicalReportShowPage.groovy:10)
	at geb.Page.verifyAt(Page.groovy:132)
	at geb.Browser.doAt(Browser.groovy:335)
	at geb.Browser.at(Browser.groovy:259)
	at geb.binding.BindingUpdater$InvocationForwarding.doCall(BindingUpdater.groovy:72)
	at TechnicalReportSteps$_run_closure2.doCall(TechnicalReportSteps.groovy:25)
	at ?.When I select to view "Evaluating Natural Languages System" in resulting technical report list(TechnicalReport.feature:10)
Assertion failed: 

title ==~ /Ver TechnicalReport/
|     |
|     false
TechnicalReport Listagem

	at pages.TechnicalReportShowPage$__clinit__closure1.doCall(TechnicalReportShowPage.groovy:10)
	at geb.Page.verifyAt(Page.groovy:132)
	at geb.Browser.doAt(Browser.groovy:335)
	at geb.Browser.at(Browser.groovy:259)
	at geb.binding.BindingUpdater$InvocationForwarding.doCall(BindingUpdater.groovy:72)
	at TechnicalReportSteps$_run_closure2.doCall(TechnicalReportSteps.groovy:25)
	at ?.When I select to view "Evaluating Natural Languages System" in resulting technical report list(TechnicalReport.feature:17)
groovy.lang.MissingMethodException: No signature of method: steps.TestDataAndOperations$_compatibleTechTo_closure15.doCall() is applicable for argument types: (rgms.publication.TechnicalReport) values: [NFL Languages System]
Possible solutions: doCall(java.lang.Object, java.lang.Object), call(), call([Ljava.lang.Object;), call(java.lang.Object), call(java.lang.Object, java.lang.Object), findAll()
	at steps.TestDataAndOperations.compatibleTechTo(TestDataAndOperations.groovy:331)
	at TechnicalReportSteps$_run_closure9.doCall(TechnicalReportSteps.groovy:62)
	at ?.Then The technical report "NFL Languages System" is not properly stored by the system(TechnicalReport.feature:24)
| Completed 89 cucumber tests, 29 failed in 173546ms
| Server stopped
| Tests FAILED  - view reports in C:\Users\Paola2\Documents\GitHub\workrgms\rgms\target\test-reports